#
# There is insufficient memory for the Java Runtime Environment to continue.
# Native memory allocation (malloc) failed to allocate 308016 bytes for Chunk::new
# Possible reasons:
#   The system is out of physical RAM or swap space
#   The process is running with CompressedOops enabled, and the Java Heap may be blocking the growth of the native heap
# Possible solutions:
#   Reduce memory load on the system
#   Increase physical memory or swap space
#   Check if swap backing store is full
#   Decrease Java heap size (-Xmx/-Xms)
#   Decrease number of Java threads
#   Decrease Java thread stack sizes (-Xss)
#   Set larger code cache with -XX:ReservedCodeCacheSize=
#   JVM is running with Unscaled Compressed Oops mode in which the Java heap is
#     placed in the first 4GB address space. The Java Heap base address is the
#     maximum limit for the native heap growth. Please use -XX:HeapBaseMinAddress
#     to set the Java Heap base and to place the Java Heap above 4GB virtual address.
# This output file may be truncated or incomplete.
#
#  Out of Memory Error (arena.cpp:189), pid=15236, tid=11136
#
# JRE version: Java(TM) SE Runtime Environment (17.0.12+8) (build 17.0.12+8-LTS-286)
# Java VM: Java HotSpot(TM) 64-Bit Server VM (17.0.12+8-LTS-286, mixed mode, sharing, tiered, compressed oops, compressed class ptrs, g1 gc, windows-amd64)
# No core dump will be written. Minidumps are not enabled by default on client versions of Windows
#

---------------  S U M M A R Y ------------

Command Line: --add-opens=java.base/java.lang=ALL-UNNAMED --add-opens=java.base/java.lang.invoke=ALL-UNNAMED --add-opens=java.base/java.util=ALL-UNNAMED --add-opens=java.prefs/java.util.prefs=ALL-UNNAMED --add-exports=jdk.compiler/com.sun.tools.javac.api=ALL-UNNAMED --add-exports=jdk.compiler/com.sun.tools.javac.util=ALL-UNNAMED --add-opens=java.base/java.util=ALL-UNNAMED --add-opens=java.prefs/java.util.prefs=ALL-UNNAMED --add-opens=java.base/java.nio.charset=ALL-UNNAMED --add-opens=java.base/java.net=ALL-UNNAMED --add-opens=java.base/java.util.concurrent=ALL-UNNAMED --add-opens=java.base/java.util.concurrent.atomic=ALL-UNNAMED --add-opens=java.xml/javax.xml.namespace=ALL-UNNAMED --add-opens=java.base/java.time=ALL-UNNAMED -XX:MaxMetaspaceSize=384m -XX:+HeapDumpOnOutOfMemoryError -Xms256m -Xmx512m -Dfile.encoding=UTF-8 -Duser.country=US -Duser.language=en -Duser.variant -javaagent:C:\Users\Trung\.gradle\wrapper\dists\gradle-9.4.1-bin\arn2x92ynaizyzdaamcbpbhtj\gradle-9.4.1\lib\agents\gradle-instrumentation-agent-9.4.1.jar org.gradle.launcher.daemon.bootstrap.GradleDaemon 9.4.1

Host: 11th Gen Intel(R) Core(TM) i5-1135G7 @ 2.40GHz, 8 cores, 19G,  Windows 11 , 64 bit Build 26100 (10.0.26100.4768)
Time: Fri May  8 19:38:25 2026 SE Asia Standard Time elapsed time: 10.694448 seconds (0d 0h 0m 10s)

---------------  T H R E A D  ---------------

Current thread (0x00000240fe22f110):  JavaThread "C2 CompilerThread1" daemon [_thread_in_native, id=11136, stack(0x000000ed2a200000,0x000000ed2a300000)]


Current CompileTask:
C2:  10694 2300   !   4       java.lang.ClassLoader::loadClass (121 bytes)

Stack: [0x000000ed2a200000,0x000000ed2a300000]
Native frames: (J=compiled Java code, j=interpreted, Vv=VM code, C=native code)
V  [jvm.dll+0x67a04a]
V  [jvm.dll+0x7da4ed]
V  [jvm.dll+0x7dbe33]
V  [jvm.dll+0x7dc4a3]
V  [jvm.dll+0x24508f]
V  [jvm.dll+0xab773]
V  [jvm.dll+0xabd3c]
V  [jvm.dll+0x11e324]
V  [jvm.dll+0x6087a2]
V  [jvm.dll+0x60c715]
V  [jvm.dll+0x2166be]
V  [jvm.dll+0x215c6f]
V  [jvm.dll+0x1a2960]
V  [jvm.dll+0x22610b]
V  [jvm.dll+0x2242ab]
V  [jvm.dll+0x79075c]
V  [jvm.dll+0x78abea]
V  [jvm.dll+0x678f35]
C  [ucrtbase.dll+0x37b0]
C  [KERNEL32.DLL+0x2e8d7]
C  [ntdll.dll+0x3c34c]


---------------  P R O C E S S  ---------------

Threads class SMR info:
_java_thread_list=0x0000024080a9a850, length=26, elements={
0x00000240c95e69a0, 0x00000240e3ee0540, 0x00000240e3ee3b90, 0x00000240e3ef7220,
0x00000240e3ef7bf0, 0x00000240e3ef9030, 0x00000240e3ef9900, 0x00000240e3f025c0,
0x00000240e3f23390, 0x00000240e3f27cc0, 0x00000240fd1190b0, 0x00000240fd297560,
0x00000240ff7f6650, 0x00000240fdddd310, 0x00000240fe23ec20, 0x00000240ffc065a0,
0x00000240ff8c14a0, 0x00000240ff8bd540, 0x00000240ff8bda50, 0x00000240ff8bdf60,
0x00000240ff8bcb20, 0x00000240ff8bacc0, 0x00000240fe22f110, 0x00000240ff8bbbf0,
0x00000240ff8be470, 0x00000240ff8bd030
}

Java Threads: ( => current thread )
  0x00000240c95e69a0 JavaThread "main" [_thread_blocked, id=2708, stack(0x000000ed28000000,0x000000ed28100000)]
  0x00000240e3ee0540 JavaThread "Reference Handler" daemon [_thread_blocked, id=4944, stack(0x000000ed28700000,0x000000ed28800000)]
  0x00000240e3ee3b90 JavaThread "Finalizer" daemon [_thread_blocked, id=8056, stack(0x000000ed28800000,0x000000ed28900000)]
  0x00000240e3ef7220 JavaThread "Signal Dispatcher" daemon [_thread_blocked, id=340, stack(0x000000ed28900000,0x000000ed28a00000)]
  0x00000240e3ef7bf0 JavaThread "Attach Listener" daemon [_thread_blocked, id=2604, stack(0x000000ed28a00000,0x000000ed28b00000)]
  0x00000240e3ef9030 JavaThread "Service Thread" daemon [_thread_blocked, id=18188, stack(0x000000ed28b00000,0x000000ed28c00000)]
  0x00000240e3ef9900 JavaThread "Monitor Deflation Thread" daemon [_thread_blocked, id=13224, stack(0x000000ed28c00000,0x000000ed28d00000)]
  0x00000240e3f025c0 JavaThread "C2 CompilerThread0" daemon [_thread_blocked, id=7508, stack(0x000000ed28d00000,0x000000ed28e00000)]
  0x00000240e3f23390 JavaThread "C1 CompilerThread0" daemon [_thread_blocked, id=12484, stack(0x000000ed28e00000,0x000000ed28f00000)]
  0x00000240e3f27cc0 JavaThread "Sweeper thread" daemon [_thread_blocked, id=5528, stack(0x000000ed28f00000,0x000000ed29000000)]
  0x00000240fd1190b0 JavaThread "Common-Cleaner" daemon [_thread_blocked, id=4464, stack(0x000000ed29000000,0x000000ed29100000)]
  0x00000240fd297560 JavaThread "Notification Thread" daemon [_thread_blocked, id=8212, stack(0x000000ed29100000,0x000000ed29200000)]
  0x00000240ff7f6650 JavaThread "Daemon health stats" [_thread_blocked, id=16940, stack(0x000000ed29400000,0x000000ed29500000)]
  0x00000240fdddd310 JavaThread "Incoming local TCP Connector on port 64086" [_thread_in_native, id=14044, stack(0x000000ed29300000,0x000000ed29400000)]
  0x00000240fe23ec20 JavaThread "Daemon periodic checks" [_thread_blocked, id=8276, stack(0x000000ed29a00000,0x000000ed29b00000)]
  0x00000240ffc065a0 JavaThread "Daemon" [_thread_blocked, id=7792, stack(0x000000ed29b00000,0x000000ed29c00000)]
  0x00000240ff8c14a0 JavaThread "Handler for socket connection from /127.0.0.1:64086 to /127.0.0.1:64091" [_thread_in_native, id=9304, stack(0x000000ed29c00000,0x000000ed29d00000)]
  0x00000240ff8bd540 JavaThread "Cancel handler" [_thread_blocked, id=15784, stack(0x000000ed29d00000,0x000000ed29e00000)]
  0x00000240ff8bda50 JavaThread "Daemon worker" [_thread_in_vm, id=10700, stack(0x000000ed29e00000,0x000000ed29f00000)]
  0x00000240ff8bdf60 JavaThread "Asynchronous log dispatcher for DefaultDaemonConnection: socket connection from /127.0.0.1:64086 to /127.0.0.1:64091" [_thread_blocked, id=7400, stack(0x000000ed29f00000,0x000000ed2a000000)]
  0x00000240ff8bcb20 JavaThread "Stdin handler" [_thread_blocked, id=15448, stack(0x000000ed2a000000,0x000000ed2a100000)]
  0x00000240ff8bacc0 JavaThread "Daemon client event forwarder" [_thread_blocked, id=10552, stack(0x000000ed2a100000,0x000000ed2a200000)]
=>0x00000240fe22f110 JavaThread "C2 CompilerThread1" daemon [_thread_in_native, id=11136, stack(0x000000ed2a200000,0x000000ed2a300000)]
  0x00000240ff8bbbf0 JavaThread "Cache worker for journal cache (C:\Users\Trung\.gradle\caches\journal-1)" [_thread_blocked, id=10796, stack(0x000000ed2a300000,0x000000ed2a400000)]
  0x00000240ff8be470 JavaThread "File lock request listener" [_thread_in_native, id=11060, stack(0x000000ed2a400000,0x000000ed2a500000)]
  0x00000240ff8bd030 JavaThread "Cache worker for file hash cache (C:\Users\Trung\.gradle\caches\9.4.1\fileHashes)" [_thread_blocked, id=17812, stack(0x000000ed2a500000,0x000000ed2a600000)]

Other Threads:
  0x00000240e3eddbf0 VMThread "VM Thread" [stack: 0x000000ed28600000,0x000000ed28700000] [id=2416]
  0x00000240c95e7730 WatcherThread [stack: 0x000000ed29200000,0x000000ed29300000] [id=8416]
  0x00000240c9614760 GCTaskThread "GC Thread#0" [stack: 0x000000ed28100000,0x000000ed28200000] [id=2672]
  0x00000240ff0e9ce0 GCTaskThread "GC Thread#1" [stack: 0x000000ed29500000,0x000000ed29600000] [id=8000]
  0x00000240ff0ea7e0 GCTaskThread "GC Thread#2" [stack: 0x000000ed29600000,0x000000ed29700000] [id=17460]
  0x00000240ff0e9a20 GCTaskThread "GC Thread#3" [stack: 0x000000ed29700000,0x000000ed29800000] [id=17148]
  0x00000240ff0e9fa0 GCTaskThread "GC Thread#4" [stack: 0x000000ed29800000,0x000000ed29900000] [id=16808]
  0x00000240ff0ead60 GCTaskThread "GC Thread#5" [stack: 0x000000ed29900000,0x000000ed29a00000] [id=7492]
  0x00000240c96195c0 ConcurrentGCThread "G1 Main Marker" [stack: 0x000000ed28200000,0x000000ed28300000] [id=15864]
  0x00000240c9619ee0 ConcurrentGCThread "G1 Conc#0" [stack: 0x000000ed28300000,0x000000ed28400000] [id=3904]
  0x00000240c96adbe0 ConcurrentGCThread "G1 Refine#0" [stack: 0x000000ed28400000,0x000000ed28500000] [id=6700]
  0x00000240c96ae680 ConcurrentGCThread "G1 Service" [stack: 0x000000ed28500000,0x000000ed28600000] [id=8240]

Threads with active compile tasks:
C2 CompilerThread1    10716 2300   !   4       java.lang.ClassLoader::loadClass (121 bytes)

VM state: not at safepoint (normal execution)

VM Mutex/Monitor currently owned by a thread: None

Heap address: 0x00000000e0000000, size: 512 MB, Compressed Oops mode: 32-bit

CDS archive(s) mapped at: [0x00000240e4000000-0x00000240e4bd0000-0x00000240e4bd0000), size 12386304, SharedBaseAddress: 0x00000240e4000000, ArchiveRelocationMode: 1.
Compressed class space mapped at: 0x00000240e5000000-0x00000240f9000000, reserved size: 335544320
Narrow klass base: 0x00000240e4000000, Narrow klass shift: 0, Narrow klass range: 0x100000000

GC Precious Log:
 CPUs: 8 total, 8 available
 Memory: 20259M
 Large Page Support: Disabled
 NUMA Support: Disabled
 Compressed Oops: Enabled (32-bit)
 Heap Region Size: 1M
 Heap Min Capacity: 256M
 Heap Initial Capacity: 256M
 Heap Max Capacity: 512M
 Pre-touch: Disabled
 Parallel Workers: 8
 Concurrent Workers: 2
 Concurrent Refinement Workers: 8
 Periodic GC: Disabled

Heap:
 garbage-first heap   total 262144K, used 88338K [0x00000000e0000000, 0x0000000100000000)
  region size 1024K, 76 young (77824K), 4 survivors (4096K)
 Metaspace       used 16057K, committed 16448K, reserved 393216K
  class space    used 2192K, committed 2368K, reserved 327680K

Heap Regions: E=young(eden), S=young(survivor), O=old, HS=humongous(starts), HC=humongous(continues), CS=collection set, F=free, OA=open archive, CA=closed archive, TAMS=top-at-mark-start (previous, next)
|   0|0x00000000e0000000, 0x00000000e0100000, 0x00000000e0100000|100%|HS|  |TAMS 0x00000000e0000000, 0x00000000e0000000| Complete 
|   1|0x00000000e0100000, 0x00000000e0200000, 0x00000000e0200000|100%|HC|  |TAMS 0x00000000e0100000, 0x00000000e0100000| Complete 
|   2|0x00000000e0200000, 0x00000000e0300000, 0x00000000e0300000|100%|HC|  |TAMS 0x00000000e0200000, 0x00000000e0200000| Complete 
|   3|0x00000000e0300000, 0x00000000e0400000, 0x00000000e0400000|100%|HC|  |TAMS 0x00000000e0300000, 0x00000000e0300000| Complete 
|   4|0x00000000e0400000, 0x00000000e0500000, 0x00000000e0500000|100%| O|  |TAMS 0x00000000e0400000, 0x00000000e0400000| Untracked 
|   5|0x00000000e0500000, 0x00000000e0600000, 0x00000000e0600000|100%| O|  |TAMS 0x00000000e0500000, 0x00000000e0500000| Untracked 
|   6|0x00000000e0600000, 0x00000000e0700000, 0x00000000e0700000|100%| O|  |TAMS 0x00000000e0600000, 0x00000000e0600000| Untracked 
|   7|0x00000000e0700000, 0x00000000e0800000, 0x00000000e0800000|100%| O|  |TAMS 0x00000000e0700000, 0x00000000e0700000| Untracked 
|   8|0x00000000e0800000, 0x00000000e0900000, 0x00000000e0900000|100%| O|  |TAMS 0x00000000e0800000, 0x00000000e0800000| Untracked 
|   9|0x00000000e0900000, 0x00000000e0a00000, 0x00000000e0a00000|100%|HS|  |TAMS 0x00000000e0900000, 0x00000000e0900000| Complete 
|  10|0x00000000e0a00000, 0x00000000e0a00000, 0x00000000e0b00000|  0%| F|  |TAMS 0x00000000e0a00000, 0x00000000e0a00000| Untracked 
|  11|0x00000000e0b00000, 0x00000000e0c00000, 0x00000000e0c00000|100%| O|  |TAMS 0x00000000e0b00000, 0x00000000e0b00000| Untracked 
|  12|0x00000000e0c00000, 0x00000000e0d00000, 0x00000000e0d00000|100%| O|  |TAMS 0x00000000e0c00000, 0x00000000e0c00000| Untracked 
|  13|0x00000000e0d00000, 0x00000000e0d3ce00, 0x00000000e0e00000| 23%| O|  |TAMS 0x00000000e0d00000, 0x00000000e0d00000| Untracked 
|  14|0x00000000e0e00000, 0x00000000e0e00000, 0x00000000e0f00000|  0%| F|  |TAMS 0x00000000e0e00000, 0x00000000e0e00000| Untracked 
|  15|0x00000000e0f00000, 0x00000000e0f00000, 0x00000000e1000000|  0%| F|  |TAMS 0x00000000e0f00000, 0x00000000e0f00000| Untracked 
|  16|0x00000000e1000000, 0x00000000e1000000, 0x00000000e1100000|  0%| F|  |TAMS 0x00000000e1000000, 0x00000000e1000000| Untracked 
|  17|0x00000000e1100000, 0x00000000e1100000, 0x00000000e1200000|  0%| F|  |TAMS 0x00000000e1100000, 0x00000000e1100000| Untracked 
|  18|0x00000000e1200000, 0x00000000e1200000, 0x00000000e1300000|  0%| F|  |TAMS 0x00000000e1200000, 0x00000000e1200000| Untracked 
|  19|0x00000000e1300000, 0x00000000e1300000, 0x00000000e1400000|  0%| F|  |TAMS 0x00000000e1300000, 0x00000000e1300000| Untracked 
|  20|0x00000000e1400000, 0x00000000e1400000, 0x00000000e1500000|  0%| F|  |TAMS 0x00000000e1400000, 0x00000000e1400000| Untracked 
|  21|0x00000000e1500000, 0x00000000e1500000, 0x00000000e1600000|  0%| F|  |TAMS 0x00000000e1500000, 0x00000000e1500000| Untracked 
|  22|0x00000000e1600000, 0x00000000e1600000, 0x00000000e1700000|  0%| F|  |TAMS 0x00000000e1600000, 0x00000000e1600000| Untracked 
|  23|0x00000000e1700000, 0x00000000e1700000, 0x00000000e1800000|  0%| F|  |TAMS 0x00000000e1700000, 0x00000000e1700000| Untracked 
|  24|0x00000000e1800000, 0x00000000e1800000, 0x00000000e1900000|  0%| F|  |TAMS 0x00000000e1800000, 0x00000000e1800000| Untracked 
|  25|0x00000000e1900000, 0x00000000e1900000, 0x00000000e1a00000|  0%| F|  |TAMS 0x00000000e1900000, 0x00000000e1900000| Untracked 
|  26|0x00000000e1a00000, 0x00000000e1a00000, 0x00000000e1b00000|  0%| F|  |TAMS 0x00000000e1a00000, 0x00000000e1a00000| Untracked 
|  27|0x00000000e1b00000, 0x00000000e1b00000, 0x00000000e1c00000|  0%| F|  |TAMS 0x00000000e1b00000, 0x00000000e1b00000| Untracked 
|  28|0x00000000e1c00000, 0x00000000e1c00000, 0x00000000e1d00000|  0%| F|  |TAMS 0x00000000e1c00000, 0x00000000e1c00000| Untracked 
|  29|0x00000000e1d00000, 0x00000000e1d00000, 0x00000000e1e00000|  0%| F|  |TAMS 0x00000000e1d00000, 0x00000000e1d00000| Untracked 
|  30|0x00000000e1e00000, 0x00000000e1e00000, 0x00000000e1f00000|  0%| F|  |TAMS 0x00000000e1e00000, 0x00000000e1e00000| Untracked 
|  31|0x00000000e1f00000, 0x00000000e1f00000, 0x00000000e2000000|  0%| F|  |TAMS 0x00000000e1f00000, 0x00000000e1f00000| Untracked 
|  32|0x00000000e2000000, 0x00000000e2000000, 0x00000000e2100000|  0%| F|  |TAMS 0x00000000e2000000, 0x00000000e2000000| Untracked 
|  33|0x00000000e2100000, 0x00000000e2100000, 0x00000000e2200000|  0%| F|  |TAMS 0x00000000e2100000, 0x00000000e2100000| Untracked 
|  34|0x00000000e2200000, 0x00000000e2200000, 0x00000000e2300000|  0%| F|  |TAMS 0x00000000e2200000, 0x00000000e2200000| Untracked 
|  35|0x00000000e2300000, 0x00000000e2300000, 0x00000000e2400000|  0%| F|  |TAMS 0x00000000e2300000, 0x00000000e2300000| Untracked 
|  36|0x00000000e2400000, 0x00000000e2400000, 0x00000000e2500000|  0%| F|  |TAMS 0x00000000e2400000, 0x00000000e2400000| Untracked 
|  37|0x00000000e2500000, 0x00000000e2500000, 0x00000000e2600000|  0%| F|  |TAMS 0x00000000e2500000, 0x00000000e2500000| Untracked 
|  38|0x00000000e2600000, 0x00000000e2600000, 0x00000000e2700000|  0%| F|  |TAMS 0x00000000e2600000, 0x00000000e2600000| Untracked 
|  39|0x00000000e2700000, 0x00000000e2700000, 0x00000000e2800000|  0%| F|  |TAMS 0x00000000e2700000, 0x00000000e2700000| Untracked 
|  40|0x00000000e2800000, 0x00000000e2800000, 0x00000000e2900000|  0%| F|  |TAMS 0x00000000e2800000, 0x00000000e2800000| Untracked 
|  41|0x00000000e2900000, 0x00000000e2900000, 0x00000000e2a00000|  0%| F|  |TAMS 0x00000000e2900000, 0x00000000e2900000| Untracked 
|  42|0x00000000e2a00000, 0x00000000e2a00000, 0x00000000e2b00000|  0%| F|  |TAMS 0x00000000e2a00000, 0x00000000e2a00000| Untracked 
|  43|0x00000000e2b00000, 0x00000000e2b00000, 0x00000000e2c00000|  0%| F|  |TAMS 0x00000000e2b00000, 0x00000000e2b00000| Untracked 
|  44|0x00000000e2c00000, 0x00000000e2c00000, 0x00000000e2d00000|  0%| F|  |TAMS 0x00000000e2c00000, 0x00000000e2c00000| Untracked 
|  45|0x00000000e2d00000, 0x00000000e2d00000, 0x00000000e2e00000|  0%| F|  |TAMS 0x00000000e2d00000, 0x00000000e2d00000| Untracked 
|  46|0x00000000e2e00000, 0x00000000e2e00000, 0x00000000e2f00000|  0%| F|  |TAMS 0x00000000e2e00000, 0x00000000e2e00000| Untracked 
|  47|0x00000000e2f00000, 0x00000000e2f00000, 0x00000000e3000000|  0%| F|  |TAMS 0x00000000e2f00000, 0x00000000e2f00000| Untracked 
|  48|0x00000000e3000000, 0x00000000e3000000, 0x00000000e3100000|  0%| F|  |TAMS 0x00000000e3000000, 0x00000000e3000000| Untracked 
|  49|0x00000000e3100000, 0x00000000e3100000, 0x00000000e3200000|  0%| F|  |TAMS 0x00000000e3100000, 0x00000000e3100000| Untracked 
|  50|0x00000000e3200000, 0x00000000e3200000, 0x00000000e3300000|  0%| F|  |TAMS 0x00000000e3200000, 0x00000000e3200000| Untracked 
|  51|0x00000000e3300000, 0x00000000e3300000, 0x00000000e3400000|  0%| F|  |TAMS 0x00000000e3300000, 0x00000000e3300000| Untracked 
|  52|0x00000000e3400000, 0x00000000e3400000, 0x00000000e3500000|  0%| F|  |TAMS 0x00000000e3400000, 0x00000000e3400000| Untracked 
|  53|0x00000000e3500000, 0x00000000e3500000, 0x00000000e3600000|  0%| F|  |TAMS 0x00000000e3500000, 0x00000000e3500000| Untracked 
|  54|0x00000000e3600000, 0x00000000e3600000, 0x00000000e3700000|  0%| F|  |TAMS 0x00000000e3600000, 0x00000000e3600000| Untracked 
|  55|0x00000000e3700000, 0x00000000e3700000, 0x00000000e3800000|  0%| F|  |TAMS 0x00000000e3700000, 0x00000000e3700000| Untracked 
|  56|0x00000000e3800000, 0x00000000e3800000, 0x00000000e3900000|  0%| F|  |TAMS 0x00000000e3800000, 0x00000000e3800000| Untracked 
|  57|0x00000000e3900000, 0x00000000e3900000, 0x00000000e3a00000|  0%| F|  |TAMS 0x00000000e3900000, 0x00000000e3900000| Untracked 
|  58|0x00000000e3a00000, 0x00000000e3a00000, 0x00000000e3b00000|  0%| F|  |TAMS 0x00000000e3a00000, 0x00000000e3a00000| Untracked 
|  59|0x00000000e3b00000, 0x00000000e3b00000, 0x00000000e3c00000|  0%| F|  |TAMS 0x00000000e3b00000, 0x00000000e3b00000| Untracked 
|  60|0x00000000e3c00000, 0x00000000e3c00000, 0x00000000e3d00000|  0%| F|  |TAMS 0x00000000e3c00000, 0x00000000e3c00000| Untracked 
|  61|0x00000000e3d00000, 0x00000000e3d00000, 0x00000000e3e00000|  0%| F|  |TAMS 0x00000000e3d00000, 0x00000000e3d00000| Untracked 
|  62|0x00000000e3e00000, 0x00000000e3e00000, 0x00000000e3f00000|  0%| F|  |TAMS 0x00000000e3e00000, 0x00000000e3e00000| Untracked 
|  63|0x00000000e3f00000, 0x00000000e3f00000, 0x00000000e4000000|  0%| F|  |TAMS 0x00000000e3f00000, 0x00000000e3f00000| Untracked 
|  64|0x00000000e4000000, 0x00000000e4000000, 0x00000000e4100000|  0%| F|  |TAMS 0x00000000e4000000, 0x00000000e4000000| Untracked 
|  65|0x00000000e4100000, 0x00000000e4100000, 0x00000000e4200000|  0%| F|  |TAMS 0x00000000e4100000, 0x00000000e4100000| Untracked 
|  66|0x00000000e4200000, 0x00000000e4200000, 0x00000000e4300000|  0%| F|  |TAMS 0x00000000e4200000, 0x00000000e4200000| Untracked 
|  67|0x00000000e4300000, 0x00000000e4300000, 0x00000000e4400000|  0%| F|  |TAMS 0x00000000e4300000, 0x00000000e4300000| Untracked 
|  68|0x00000000e4400000, 0x00000000e4400000, 0x00000000e4500000|  0%| F|  |TAMS 0x00000000e4400000, 0x00000000e4400000| Untracked 
|  69|0x00000000e4500000, 0x00000000e4500000, 0x00000000e4600000|  0%| F|  |TAMS 0x00000000e4500000, 0x00000000e4500000| Untracked 
|  70|0x00000000e4600000, 0x00000000e4600000, 0x00000000e4700000|  0%| F|  |TAMS 0x00000000e4600000, 0x00000000e4600000| Untracked 
|  71|0x00000000e4700000, 0x00000000e4700000, 0x00000000e4800000|  0%| F|  |TAMS 0x00000000e4700000, 0x00000000e4700000| Untracked 
|  72|0x00000000e4800000, 0x00000000e4800000, 0x00000000e4900000|  0%| F|  |TAMS 0x00000000e4800000, 0x00000000e4800000| Untracked 
|  73|0x00000000e4900000, 0x00000000e4900000, 0x00000000e4a00000|  0%| F|  |TAMS 0x00000000e4900000, 0x00000000e4900000| Untracked 
|  74|0x00000000e4a00000, 0x00000000e4a00000, 0x00000000e4b00000|  0%| F|  |TAMS 0x00000000e4a00000, 0x00000000e4a00000| Untracked 
|  75|0x00000000e4b00000, 0x00000000e4b00000, 0x00000000e4c00000|  0%| F|  |TAMS 0x00000000e4b00000, 0x00000000e4b00000| Untracked 
|  76|0x00000000e4c00000, 0x00000000e4c00000, 0x00000000e4d00000|  0%| F|  |TAMS 0x00000000e4c00000, 0x00000000e4c00000| Untracked 
|  77|0x00000000e4d00000, 0x00000000e4d00000, 0x00000000e4e00000|  0%| F|  |TAMS 0x00000000e4d00000, 0x00000000e4d00000| Untracked 
|  78|0x00000000e4e00000, 0x00000000e4e00000, 0x00000000e4f00000|  0%| F|  |TAMS 0x00000000e4e00000, 0x00000000e4e00000| Untracked 
|  79|0x00000000e4f00000, 0x00000000e4f00000, 0x00000000e5000000|  0%| F|  |TAMS 0x00000000e4f00000, 0x00000000e4f00000| Untracked 
|  80|0x00000000e5000000, 0x00000000e5000000, 0x00000000e5100000|  0%| F|  |TAMS 0x00000000e5000000, 0x00000000e5000000| Untracked 
|  81|0x00000000e5100000, 0x00000000e5100000, 0x00000000e5200000|  0%| F|  |TAMS 0x00000000e5100000, 0x00000000e5100000| Untracked 
|  82|0x00000000e5200000, 0x00000000e5200000, 0x00000000e5300000|  0%| F|  |TAMS 0x00000000e5200000, 0x00000000e5200000| Untracked 
|  83|0x00000000e5300000, 0x00000000e5300000, 0x00000000e5400000|  0%| F|  |TAMS 0x00000000e5300000, 0x00000000e5300000| Untracked 
|  84|0x00000000e5400000, 0x00000000e5400000, 0x00000000e5500000|  0%| F|  |TAMS 0x00000000e5400000, 0x00000000e5400000| Untracked 
|  85|0x00000000e5500000, 0x00000000e5500000, 0x00000000e5600000|  0%| F|  |TAMS 0x00000000e5500000, 0x00000000e5500000| Untracked 
|  86|0x00000000e5600000, 0x00000000e5600000, 0x00000000e5700000|  0%| F|  |TAMS 0x00000000e5600000, 0x00000000e5600000| Untracked 
|  87|0x00000000e5700000, 0x00000000e5700000, 0x00000000e5800000|  0%| F|  |TAMS 0x00000000e5700000, 0x00000000e5700000| Untracked 
|  88|0x00000000e5800000, 0x00000000e5800000, 0x00000000e5900000|  0%| F|  |TAMS 0x00000000e5800000, 0x00000000e5800000| Untracked 
|  89|0x00000000e5900000, 0x00000000e5900000, 0x00000000e5a00000|  0%| F|  |TAMS 0x00000000e5900000, 0x00000000e5900000| Untracked 
|  90|0x00000000e5a00000, 0x00000000e5a00000, 0x00000000e5b00000|  0%| F|  |TAMS 0x00000000e5a00000, 0x00000000e5a00000| Untracked 
|  91|0x00000000e5b00000, 0x00000000e5b00000, 0x00000000e5c00000|  0%| F|  |TAMS 0x00000000e5b00000, 0x00000000e5b00000| Untracked 
|  92|0x00000000e5c00000, 0x00000000e5c00000, 0x00000000e5d00000|  0%| F|  |TAMS 0x00000000e5c00000, 0x00000000e5c00000| Untracked 
|  93|0x00000000e5d00000, 0x00000000e5d00000, 0x00000000e5e00000|  0%| F|  |TAMS 0x00000000e5d00000, 0x00000000e5d00000| Untracked 
|  94|0x00000000e5e00000, 0x00000000e5e00000, 0x00000000e5f00000|  0%| F|  |TAMS 0x00000000e5e00000, 0x00000000e5e00000| Untracked 
|  95|0x00000000e5f00000, 0x00000000e5f00000, 0x00000000e6000000|  0%| F|  |TAMS 0x00000000e5f00000, 0x00000000e5f00000| Untracked 
|  96|0x00000000e6000000, 0x00000000e6000000, 0x00000000e6100000|  0%| F|  |TAMS 0x00000000e6000000, 0x00000000e6000000| Untracked 
|  97|0x00000000e6100000, 0x00000000e6100000, 0x00000000e6200000|  0%| F|  |TAMS 0x00000000e6100000, 0x00000000e6100000| Untracked 
|  98|0x00000000e6200000, 0x00000000e6200000, 0x00000000e6300000|  0%| F|  |TAMS 0x00000000e6200000, 0x00000000e6200000| Untracked 
|  99|0x00000000e6300000, 0x00000000e6300000, 0x00000000e6400000|  0%| F|  |TAMS 0x00000000e6300000, 0x00000000e6300000| Untracked 
| 100|0x00000000e6400000, 0x00000000e6400000, 0x00000000e6500000|  0%| F|  |TAMS 0x00000000e6400000, 0x00000000e6400000| Untracked 
| 101|0x00000000e6500000, 0x00000000e6500000, 0x00000000e6600000|  0%| F|  |TAMS 0x00000000e6500000, 0x00000000e6500000| Untracked 
| 102|0x00000000e6600000, 0x00000000e6600000, 0x00000000e6700000|  0%| F|  |TAMS 0x00000000e6600000, 0x00000000e6600000| Untracked 
| 103|0x00000000e6700000, 0x00000000e6700000, 0x00000000e6800000|  0%| F|  |TAMS 0x00000000e6700000, 0x00000000e6700000| Untracked 
| 104|0x00000000e6800000, 0x00000000e6800000, 0x00000000e6900000|  0%| F|  |TAMS 0x00000000e6800000, 0x00000000e6800000| Untracked 
| 105|0x00000000e6900000, 0x00000000e6900000, 0x00000000e6a00000|  0%| F|  |TAMS 0x00000000e6900000, 0x00000000e6900000| Untracked 
| 106|0x00000000e6a00000, 0x00000000e6a00000, 0x00000000e6b00000|  0%| F|  |TAMS 0x00000000e6a00000, 0x00000000e6a00000| Untracked 
| 107|0x00000000e6b00000, 0x00000000e6b00000, 0x00000000e6c00000|  0%| F|  |TAMS 0x00000000e6b00000, 0x00000000e6b00000| Untracked 
| 108|0x00000000e6c00000, 0x00000000e6c00000, 0x00000000e6d00000|  0%| F|  |TAMS 0x00000000e6c00000, 0x00000000e6c00000| Untracked 
| 109|0x00000000e6d00000, 0x00000000e6d00000, 0x00000000e6e00000|  0%| F|  |TAMS 0x00000000e6d00000, 0x00000000e6d00000| Untracked 
| 110|0x00000000e6e00000, 0x00000000e6e00000, 0x00000000e6f00000|  0%| F|  |TAMS 0x00000000e6e00000, 0x00000000e6e00000| Untracked 
| 111|0x00000000e6f00000, 0x00000000e6f00000, 0x00000000e7000000|  0%| F|  |TAMS 0x00000000e6f00000, 0x00000000e6f00000| Untracked 
| 112|0x00000000e7000000, 0x00000000e7000000, 0x00000000e7100000|  0%| F|  |TAMS 0x00000000e7000000, 0x00000000e7000000| Untracked 
| 113|0x00000000e7100000, 0x00000000e7100000, 0x00000000e7200000|  0%| F|  |TAMS 0x00000000e7100000, 0x00000000e7100000| Untracked 
| 114|0x00000000e7200000, 0x00000000e7200000, 0x00000000e7300000|  0%| F|  |TAMS 0x00000000e7200000, 0x00000000e7200000| Untracked 
| 115|0x00000000e7300000, 0x00000000e7300000, 0x00000000e7400000|  0%| F|  |TAMS 0x00000000e7300000, 0x00000000e7300000| Untracked 
| 116|0x00000000e7400000, 0x00000000e7400000, 0x00000000e7500000|  0%| F|  |TAMS 0x00000000e7400000, 0x00000000e7400000| Untracked 
| 117|0x00000000e7500000, 0x00000000e7500000, 0x00000000e7600000|  0%| F|  |TAMS 0x00000000e7500000, 0x00000000e7500000| Untracked 
| 118|0x00000000e7600000, 0x00000000e7600000, 0x00000000e7700000|  0%| F|  |TAMS 0x00000000e7600000, 0x00000000e7600000| Untracked 
| 119|0x00000000e7700000, 0x00000000e7700000, 0x00000000e7800000|  0%| F|  |TAMS 0x00000000e7700000, 0x00000000e7700000| Untracked 
| 120|0x00000000e7800000, 0x00000000e7800000, 0x00000000e7900000|  0%| F|  |TAMS 0x00000000e7800000, 0x00000000e7800000| Untracked 
| 121|0x00000000e7900000, 0x00000000e7900000, 0x00000000e7a00000|  0%| F|  |TAMS 0x00000000e7900000, 0x00000000e7900000| Untracked 
| 122|0x00000000e7a00000, 0x00000000e7a00000, 0x00000000e7b00000|  0%| F|  |TAMS 0x00000000e7a00000, 0x00000000e7a00000| Untracked 
| 123|0x00000000e7b00000, 0x00000000e7b00000, 0x00000000e7c00000|  0%| F|  |TAMS 0x00000000e7b00000, 0x00000000e7b00000| Untracked 
| 124|0x00000000e7c00000, 0x00000000e7c00000, 0x00000000e7d00000|  0%| F|  |TAMS 0x00000000e7c00000, 0x00000000e7c00000| Untracked 
| 125|0x00000000e7d00000, 0x00000000e7d00000, 0x00000000e7e00000|  0%| F|  |TAMS 0x00000000e7d00000, 0x00000000e7d00000| Untracked 
| 126|0x00000000e7e00000, 0x00000000e7e00000, 0x00000000e7f00000|  0%| F|  |TAMS 0x00000000e7e00000, 0x00000000e7e00000| Untracked 
| 127|0x00000000e7f00000, 0x00000000e7f00000, 0x00000000e8000000|  0%| F|  |TAMS 0x00000000e7f00000, 0x00000000e7f00000| Untracked 
| 128|0x00000000e8000000, 0x00000000e8000000, 0x00000000e8100000|  0%| F|  |TAMS 0x00000000e8000000, 0x00000000e8000000| Untracked 
| 129|0x00000000e8100000, 0x00000000e8100000, 0x00000000e8200000|  0%| F|  |TAMS 0x00000000e8100000, 0x00000000e8100000| Untracked 
| 130|0x00000000e8200000, 0x00000000e8200000, 0x00000000e8300000|  0%| F|  |TAMS 0x00000000e8200000, 0x00000000e8200000| Untracked 
| 131|0x00000000e8300000, 0x00000000e8300000, 0x00000000e8400000|  0%| F|  |TAMS 0x00000000e8300000, 0x00000000e8300000| Untracked 
| 132|0x00000000e8400000, 0x00000000e8400000, 0x00000000e8500000|  0%| F|  |TAMS 0x00000000e8400000, 0x00000000e8400000| Untracked 
| 133|0x00000000e8500000, 0x00000000e8500000, 0x00000000e8600000|  0%| F|  |TAMS 0x00000000e8500000, 0x00000000e8500000| Untracked 
| 134|0x00000000e8600000, 0x00000000e8600000, 0x00000000e8700000|  0%| F|  |TAMS 0x00000000e8600000, 0x00000000e8600000| Untracked 
| 135|0x00000000e8700000, 0x00000000e8700000, 0x00000000e8800000|  0%| F|  |TAMS 0x00000000e8700000, 0x00000000e8700000| Untracked 
| 136|0x00000000e8800000, 0x00000000e8800000, 0x00000000e8900000|  0%| F|  |TAMS 0x00000000e8800000, 0x00000000e8800000| Untracked 
| 137|0x00000000e8900000, 0x00000000e8900000, 0x00000000e8a00000|  0%| F|  |TAMS 0x00000000e8900000, 0x00000000e8900000| Untracked 
| 138|0x00000000e8a00000, 0x00000000e8a00000, 0x00000000e8b00000|  0%| F|  |TAMS 0x00000000e8a00000, 0x00000000e8a00000| Untracked 
| 139|0x00000000e8b00000, 0x00000000e8b00000, 0x00000000e8c00000|  0%| F|  |TAMS 0x00000000e8b00000, 0x00000000e8b00000| Untracked 
| 140|0x00000000e8c00000, 0x00000000e8c00000, 0x00000000e8d00000|  0%| F|  |TAMS 0x00000000e8c00000, 0x00000000e8c00000| Untracked 
| 141|0x00000000e8d00000, 0x00000000e8d00000, 0x00000000e8e00000|  0%| F|  |TAMS 0x00000000e8d00000, 0x00000000e8d00000| Untracked 
| 142|0x00000000e8e00000, 0x00000000e8e00000, 0x00000000e8f00000|  0%| F|  |TAMS 0x00000000e8e00000, 0x00000000e8e00000| Untracked 
| 143|0x00000000e8f00000, 0x00000000e8f00000, 0x00000000e9000000|  0%| F|  |TAMS 0x00000000e8f00000, 0x00000000e8f00000| Untracked 
| 144|0x00000000e9000000, 0x00000000e9000000, 0x00000000e9100000|  0%| F|  |TAMS 0x00000000e9000000, 0x00000000e9000000| Untracked 
| 145|0x00000000e9100000, 0x00000000e9100000, 0x00000000e9200000|  0%| F|  |TAMS 0x00000000e9100000, 0x00000000e9100000| Untracked 
| 146|0x00000000e9200000, 0x00000000e9200000, 0x00000000e9300000|  0%| F|  |TAMS 0x00000000e9200000, 0x00000000e9200000| Untracked 
| 147|0x00000000e9300000, 0x00000000e9300000, 0x00000000e9400000|  0%| F|  |TAMS 0x00000000e9300000, 0x00000000e9300000| Untracked 
| 148|0x00000000e9400000, 0x00000000e9400000, 0x00000000e9500000|  0%| F|  |TAMS 0x00000000e9400000, 0x00000000e9400000| Untracked 
| 149|0x00000000e9500000, 0x00000000e9500000, 0x00000000e9600000|  0%| F|  |TAMS 0x00000000e9500000, 0x00000000e9500000| Untracked 
| 150|0x00000000e9600000, 0x00000000e9600000, 0x00000000e9700000|  0%| F|  |TAMS 0x00000000e9600000, 0x00000000e9600000| Untracked 
| 151|0x00000000e9700000, 0x00000000e9700000, 0x00000000e9800000|  0%| F|  |TAMS 0x00000000e9700000, 0x00000000e9700000| Untracked 
| 152|0x00000000e9800000, 0x00000000e9800000, 0x00000000e9900000|  0%| F|  |TAMS 0x00000000e9800000, 0x00000000e9800000| Untracked 
| 153|0x00000000e9900000, 0x00000000e9900000, 0x00000000e9a00000|  0%| F|  |TAMS 0x00000000e9900000, 0x00000000e9900000| Untracked 
| 154|0x00000000e9a00000, 0x00000000e9a00000, 0x00000000e9b00000|  0%| F|  |TAMS 0x00000000e9a00000, 0x00000000e9a00000| Untracked 
| 155|0x00000000e9b00000, 0x00000000e9b00000, 0x00000000e9c00000|  0%| F|  |TAMS 0x00000000e9b00000, 0x00000000e9b00000| Untracked 
| 156|0x00000000e9c00000, 0x00000000e9c00000, 0x00000000e9d00000|  0%| F|  |TAMS 0x00000000e9c00000, 0x00000000e9c00000| Untracked 
| 157|0x00000000e9d00000, 0x00000000e9d00000, 0x00000000e9e00000|  0%| F|  |TAMS 0x00000000e9d00000, 0x00000000e9d00000| Untracked 
| 158|0x00000000e9e00000, 0x00000000e9e00000, 0x00000000e9f00000|  0%| F|  |TAMS 0x00000000e9e00000, 0x00000000e9e00000| Untracked 
| 159|0x00000000e9f00000, 0x00000000e9f00000, 0x00000000ea000000|  0%| F|  |TAMS 0x00000000e9f00000, 0x00000000e9f00000| Untracked 
| 160|0x00000000ea000000, 0x00000000ea000000, 0x00000000ea100000|  0%| F|  |TAMS 0x00000000ea000000, 0x00000000ea000000| Untracked 
| 161|0x00000000ea100000, 0x00000000ea100000, 0x00000000ea200000|  0%| F|  |TAMS 0x00000000ea100000, 0x00000000ea100000| Untracked 
| 162|0x00000000ea200000, 0x00000000ea200000, 0x00000000ea300000|  0%| F|  |TAMS 0x00000000ea200000, 0x00000000ea200000| Untracked 
| 163|0x00000000ea300000, 0x00000000ea300000, 0x00000000ea400000|  0%| F|  |TAMS 0x00000000ea300000, 0x00000000ea300000| Untracked 
| 164|0x00000000ea400000, 0x00000000ea400000, 0x00000000ea500000|  0%| F|  |TAMS 0x00000000ea400000, 0x00000000ea400000| Untracked 
| 165|0x00000000ea500000, 0x00000000ea500000, 0x00000000ea600000|  0%| F|  |TAMS 0x00000000ea500000, 0x00000000ea500000| Untracked 
| 166|0x00000000ea600000, 0x00000000ea600000, 0x00000000ea700000|  0%| F|  |TAMS 0x00000000ea600000, 0x00000000ea600000| Untracked 
| 167|0x00000000ea700000, 0x00000000ea700000, 0x00000000ea800000|  0%| F|  |TAMS 0x00000000ea700000, 0x00000000ea700000| Untracked 
| 168|0x00000000ea800000, 0x00000000ea800000, 0x00000000ea900000|  0%| F|  |TAMS 0x00000000ea800000, 0x00000000ea800000| Untracked 
| 169|0x00000000ea900000, 0x00000000ea900000, 0x00000000eaa00000|  0%| F|  |TAMS 0x00000000ea900000, 0x00000000ea900000| Untracked 
| 170|0x00000000eaa00000, 0x00000000eaa00000, 0x00000000eab00000|  0%| F|  |TAMS 0x00000000eaa00000, 0x00000000eaa00000| Untracked 
| 171|0x00000000eab00000, 0x00000000eab00000, 0x00000000eac00000|  0%| F|  |TAMS 0x00000000eab00000, 0x00000000eab00000| Untracked 
| 172|0x00000000eac00000, 0x00000000eac00000, 0x00000000ead00000|  0%| F|  |TAMS 0x00000000eac00000, 0x00000000eac00000| Untracked 
| 173|0x00000000ead00000, 0x00000000ead00000, 0x00000000eae00000|  0%| F|  |TAMS 0x00000000ead00000, 0x00000000ead00000| Untracked 
| 174|0x00000000eae00000, 0x00000000eae00000, 0x00000000eaf00000|  0%| F|  |TAMS 0x00000000eae00000, 0x00000000eae00000| Untracked 
| 175|0x00000000eaf00000, 0x00000000eaf00000, 0x00000000eb000000|  0%| F|  |TAMS 0x00000000eaf00000, 0x00000000eaf00000| Untracked 
| 176|0x00000000eb000000, 0x00000000eb000000, 0x00000000eb100000|  0%| F|  |TAMS 0x00000000eb000000, 0x00000000eb000000| Untracked 
| 177|0x00000000eb100000, 0x00000000eb100000, 0x00000000eb200000|  0%| F|  |TAMS 0x00000000eb100000, 0x00000000eb100000| Untracked 
| 178|0x00000000eb200000, 0x00000000eb200000, 0x00000000eb300000|  0%| F|  |TAMS 0x00000000eb200000, 0x00000000eb200000| Untracked 
| 179|0x00000000eb300000, 0x00000000eb300000, 0x00000000eb400000|  0%| F|  |TAMS 0x00000000eb300000, 0x00000000eb300000| Untracked 
| 180|0x00000000eb400000, 0x00000000eb500000, 0x00000000eb500000|100%| E|  |TAMS 0x00000000eb400000, 0x00000000eb400000| Complete 
| 181|0x00000000eb500000, 0x00000000eb600000, 0x00000000eb600000|100%| E|CS|TAMS 0x00000000eb500000, 0x00000000eb500000| Complete 
| 182|0x00000000eb600000, 0x00000000eb700000, 0x00000000eb700000|100%| E|CS|TAMS 0x00000000eb600000, 0x00000000eb600000| Complete 
| 183|0x00000000eb700000, 0x00000000eb800000, 0x00000000eb800000|100%| E|CS|TAMS 0x00000000eb700000, 0x00000000eb700000| Complete 
| 184|0x00000000eb800000, 0x00000000eb900000, 0x00000000eb900000|100%| E|CS|TAMS 0x00000000eb800000, 0x00000000eb800000| Complete 
| 185|0x00000000eb900000, 0x00000000eba00000, 0x00000000eba00000|100%| E|CS|TAMS 0x00000000eb900000, 0x00000000eb900000| Complete 
| 186|0x00000000eba00000, 0x00000000ebb00000, 0x00000000ebb00000|100%| E|CS|TAMS 0x00000000eba00000, 0x00000000eba00000| Complete 
| 187|0x00000000ebb00000, 0x00000000ebc00000, 0x00000000ebc00000|100%| E|CS|TAMS 0x00000000ebb00000, 0x00000000ebb00000| Complete 
| 188|0x00000000ebc00000, 0x00000000ebd00000, 0x00000000ebd00000|100%| E|CS|TAMS 0x00000000ebc00000, 0x00000000ebc00000| Complete 
| 189|0x00000000ebd00000, 0x00000000ebe00000, 0x00000000ebe00000|100%| E|CS|TAMS 0x00000000ebd00000, 0x00000000ebd00000| Complete 
| 190|0x00000000ebe00000, 0x00000000ebf00000, 0x00000000ebf00000|100%| E|CS|TAMS 0x00000000ebe00000, 0x00000000ebe00000| Complete 
| 191|0x00000000ebf00000, 0x00000000ec000000, 0x00000000ec000000|100%| E|CS|TAMS 0x00000000ebf00000, 0x00000000ebf00000| Complete 
| 192|0x00000000ec000000, 0x00000000ec100000, 0x00000000ec100000|100%| E|CS|TAMS 0x00000000ec000000, 0x00000000ec000000| Complete 
| 193|0x00000000ec100000, 0x00000000ec200000, 0x00000000ec200000|100%| E|CS|TAMS 0x00000000ec100000, 0x00000000ec100000| Complete 
| 194|0x00000000ec200000, 0x00000000ec300000, 0x00000000ec300000|100%| E|CS|TAMS 0x00000000ec200000, 0x00000000ec200000| Complete 
| 195|0x00000000ec300000, 0x00000000ec400000, 0x00000000ec400000|100%| E|CS|TAMS 0x00000000ec300000, 0x00000000ec300000| Complete 
| 196|0x00000000ec400000, 0x00000000ec500000, 0x00000000ec500000|100%| E|CS|TAMS 0x00000000ec400000, 0x00000000ec400000| Complete 
| 197|0x00000000ec500000, 0x00000000ec600000, 0x00000000ec600000|100%| E|CS|TAMS 0x00000000ec500000, 0x00000000ec500000| Complete 
| 198|0x00000000ec600000, 0x00000000ec700000, 0x00000000ec700000|100%| E|CS|TAMS 0x00000000ec600000, 0x00000000ec600000| Complete 
| 199|0x00000000ec700000, 0x00000000ec800000, 0x00000000ec800000|100%| E|CS|TAMS 0x00000000ec700000, 0x00000000ec700000| Complete 
| 200|0x00000000ec800000, 0x00000000ec900000, 0x00000000ec900000|100%| E|CS|TAMS 0x00000000ec800000, 0x00000000ec800000| Complete 
| 201|0x00000000ec900000, 0x00000000eca00000, 0x00000000eca00000|100%| E|CS|TAMS 0x00000000ec900000, 0x00000000ec900000| Complete 
| 202|0x00000000eca00000, 0x00000000ecb00000, 0x00000000ecb00000|100%| E|CS|TAMS 0x00000000eca00000, 0x00000000eca00000| Complete 
| 203|0x00000000ecb00000, 0x00000000ecc00000, 0x00000000ecc00000|100%| E|CS|TAMS 0x00000000ecb00000, 0x00000000ecb00000| Complete 
| 204|0x00000000ecc00000, 0x00000000ecd00000, 0x00000000ecd00000|100%| E|CS|TAMS 0x00000000ecc00000, 0x00000000ecc00000| Complete 
| 205|0x00000000ecd00000, 0x00000000ece00000, 0x00000000ece00000|100%| E|CS|TAMS 0x00000000ecd00000, 0x00000000ecd00000| Complete 
| 206|0x00000000ece00000, 0x00000000ecf00000, 0x00000000ecf00000|100%| E|CS|TAMS 0x00000000ece00000, 0x00000000ece00000| Complete 
| 207|0x00000000ecf00000, 0x00000000ed000000, 0x00000000ed000000|100%| E|CS|TAMS 0x00000000ecf00000, 0x00000000ecf00000| Complete 
| 208|0x00000000ed000000, 0x00000000ed100000, 0x00000000ed100000|100%| E|CS|TAMS 0x00000000ed000000, 0x00000000ed000000| Complete 
| 209|0x00000000ed100000, 0x00000000ed200000, 0x00000000ed200000|100%| E|CS|TAMS 0x00000000ed100000, 0x00000000ed100000| Complete 
| 210|0x00000000ed200000, 0x00000000ed300000, 0x00000000ed300000|100%| E|CS|TAMS 0x00000000ed200000, 0x00000000ed200000| Complete 
| 211|0x00000000ed300000, 0x00000000ed400000, 0x00000000ed400000|100%| E|CS|TAMS 0x00000000ed300000, 0x00000000ed300000| Complete 
| 212|0x00000000ed400000, 0x00000000ed500000, 0x00000000ed500000|100%| E|CS|TAMS 0x00000000ed400000, 0x00000000ed400000| Complete 
| 213|0x00000000ed500000, 0x00000000ed600000, 0x00000000ed600000|100%| E|CS|TAMS 0x00000000ed500000, 0x00000000ed500000| Complete 
| 214|0x00000000ed600000, 0x00000000ed700000, 0x00000000ed700000|100%| E|CS|TAMS 0x00000000ed600000, 0x00000000ed600000| Complete 
| 215|0x00000000ed700000, 0x00000000ed800000, 0x00000000ed800000|100%| E|CS|TAMS 0x00000000ed700000, 0x00000000ed700000| Complete 
| 216|0x00000000ed800000, 0x00000000ed900000, 0x00000000ed900000|100%| E|CS|TAMS 0x00000000ed800000, 0x00000000ed800000| Complete 
| 217|0x00000000ed900000, 0x00000000eda00000, 0x00000000eda00000|100%| E|CS|TAMS 0x00000000ed900000, 0x00000000ed900000| Complete 
| 218|0x00000000eda00000, 0x00000000edb00000, 0x00000000edb00000|100%| E|CS|TAMS 0x00000000eda00000, 0x00000000eda00000| Complete 
| 219|0x00000000edb00000, 0x00000000edc00000, 0x00000000edc00000|100%| E|CS|TAMS 0x00000000edb00000, 0x00000000edb00000| Complete 
| 220|0x00000000edc00000, 0x00000000edd00000, 0x00000000edd00000|100%| E|CS|TAMS 0x00000000edc00000, 0x00000000edc00000| Complete 
| 221|0x00000000edd00000, 0x00000000ede00000, 0x00000000ede00000|100%| E|CS|TAMS 0x00000000edd00000, 0x00000000edd00000| Complete 
| 222|0x00000000ede00000, 0x00000000edf00000, 0x00000000edf00000|100%| E|CS|TAMS 0x00000000ede00000, 0x00000000ede00000| Complete 
| 223|0x00000000edf00000, 0x00000000edf07ba0, 0x00000000ee000000|  3%| S|CS|TAMS 0x00000000edf00000, 0x00000000edf00000| Complete 
| 224|0x00000000ee000000, 0x00000000ee100000, 0x00000000ee100000|100%| S|CS|TAMS 0x00000000ee000000, 0x00000000ee000000| Complete 
| 225|0x00000000ee100000, 0x00000000ee200000, 0x00000000ee200000|100%| S|CS|TAMS 0x00000000ee100000, 0x00000000ee100000| Complete 
| 226|0x00000000ee200000, 0x00000000ee300000, 0x00000000ee300000|100%| S|CS|TAMS 0x00000000ee200000, 0x00000000ee200000| Complete 
| 227|0x00000000ee300000, 0x00000000ee400000, 0x00000000ee400000|100%| E|CS|TAMS 0x00000000ee300000, 0x00000000ee300000| Complete 
| 228|0x00000000ee400000, 0x00000000ee500000, 0x00000000ee500000|100%| E|CS|TAMS 0x00000000ee400000, 0x00000000ee400000| Complete 
| 229|0x00000000ee500000, 0x00000000ee600000, 0x00000000ee600000|100%| E|CS|TAMS 0x00000000ee500000, 0x00000000ee500000| Complete 
| 230|0x00000000ee600000, 0x00000000ee700000, 0x00000000ee700000|100%| E|CS|TAMS 0x00000000ee600000, 0x00000000ee600000| Complete 
| 231|0x00000000ee700000, 0x00000000ee800000, 0x00000000ee800000|100%| E|CS|TAMS 0x00000000ee700000, 0x00000000ee700000| Complete 
| 232|0x00000000ee800000, 0x00000000ee900000, 0x00000000ee900000|100%| E|CS|TAMS 0x00000000ee800000, 0x00000000ee800000| Complete 
| 233|0x00000000ee900000, 0x00000000eea00000, 0x00000000eea00000|100%| E|CS|TAMS 0x00000000ee900000, 0x00000000ee900000| Complete 
| 234|0x00000000eea00000, 0x00000000eeb00000, 0x00000000eeb00000|100%| E|CS|TAMS 0x00000000eea00000, 0x00000000eea00000| Complete 
| 235|0x00000000eeb00000, 0x00000000eec00000, 0x00000000eec00000|100%| E|CS|TAMS 0x00000000eeb00000, 0x00000000eeb00000| Complete 
| 236|0x00000000eec00000, 0x00000000eed00000, 0x00000000eed00000|100%| E|CS|TAMS 0x00000000eec00000, 0x00000000eec00000| Complete 
| 237|0x00000000eed00000, 0x00000000eee00000, 0x00000000eee00000|100%| E|CS|TAMS 0x00000000eed00000, 0x00000000eed00000| Complete 
| 238|0x00000000eee00000, 0x00000000eef00000, 0x00000000eef00000|100%| E|CS|TAMS 0x00000000eee00000, 0x00000000eee00000| Complete 
| 239|0x00000000eef00000, 0x00000000ef000000, 0x00000000ef000000|100%| E|CS|TAMS 0x00000000eef00000, 0x00000000eef00000| Complete 
| 240|0x00000000ef000000, 0x00000000ef100000, 0x00000000ef100000|100%| E|CS|TAMS 0x00000000ef000000, 0x00000000ef000000| Complete 
| 241|0x00000000ef100000, 0x00000000ef200000, 0x00000000ef200000|100%| E|CS|TAMS 0x00000000ef100000, 0x00000000ef100000| Complete 
| 242|0x00000000ef200000, 0x00000000ef300000, 0x00000000ef300000|100%| E|CS|TAMS 0x00000000ef200000, 0x00000000ef200000| Complete 
| 243|0x00000000ef300000, 0x00000000ef400000, 0x00000000ef400000|100%| E|CS|TAMS 0x00000000ef300000, 0x00000000ef300000| Complete 
| 244|0x00000000ef400000, 0x00000000ef500000, 0x00000000ef500000|100%| E|CS|TAMS 0x00000000ef400000, 0x00000000ef400000| Complete 
| 245|0x00000000ef500000, 0x00000000ef600000, 0x00000000ef600000|100%| E|CS|TAMS 0x00000000ef500000, 0x00000000ef500000| Complete 
| 246|0x00000000ef600000, 0x00000000ef700000, 0x00000000ef700000|100%| E|CS|TAMS 0x00000000ef600000, 0x00000000ef600000| Complete 
| 247|0x00000000ef700000, 0x00000000ef800000, 0x00000000ef800000|100%| E|CS|TAMS 0x00000000ef700000, 0x00000000ef700000| Complete 
| 248|0x00000000ef800000, 0x00000000ef900000, 0x00000000ef900000|100%| E|CS|TAMS 0x00000000ef800000, 0x00000000ef800000| Complete 
| 249|0x00000000ef900000, 0x00000000efa00000, 0x00000000efa00000|100%| E|CS|TAMS 0x00000000ef900000, 0x00000000ef900000| Complete 
| 250|0x00000000efa00000, 0x00000000efb00000, 0x00000000efb00000|100%| E|CS|TAMS 0x00000000efa00000, 0x00000000efa00000| Complete 
| 251|0x00000000efb00000, 0x00000000efc00000, 0x00000000efc00000|100%| E|CS|TAMS 0x00000000efb00000, 0x00000000efb00000| Complete 
| 252|0x00000000efc00000, 0x00000000efd00000, 0x00000000efd00000|100%| E|CS|TAMS 0x00000000efc00000, 0x00000000efc00000| Complete 
| 253|0x00000000efd00000, 0x00000000efe00000, 0x00000000efe00000|100%| E|CS|TAMS 0x00000000efd00000, 0x00000000efd00000| Complete 
| 254|0x00000000efe00000, 0x00000000eff00000, 0x00000000eff00000|100%| E|CS|TAMS 0x00000000efe00000, 0x00000000efe00000| Complete 
| 255|0x00000000eff00000, 0x00000000f0000000, 0x00000000f0000000|100%| E|CS|TAMS 0x00000000eff00000, 0x00000000eff00000| Complete 

Card table byte_map: [0x00000240e02d0000,0x00000240e03d0000] _byte_map_base: 0x00000240dfbd0000

Marking Bits (Prev, Next): (CMBitMap*) 0x00000240c9614c90, (CMBitMap*) 0x00000240c9614cd0
 Prev Bits: [0x00000240e04d0000, 0x00000240e0cd0000)
 Next Bits: [0x00000240e0cd0000, 0x00000240e14d0000)

Polling page: 0x00000240c7570000

Metaspace:

Usage:
  Non-class:     13.58 MB used.
      Class:      2.15 MB used.
       Both:     15.73 MB used.

Virtual space:
  Non-class space:       64.00 MB reserved,      13.75 MB ( 21%) committed,  1 nodes.
      Class space:      320.00 MB reserved,       2.31 MB ( <1%) committed,  1 nodes.
             Both:      384.00 MB reserved,      16.06 MB (  4%) committed. 

Chunk freelists:
   Non-Class:  1.45 MB
       Class:  13.73 MB
        Both:  15.19 MB

MaxMetaspaceSize: 384.00 MB
CompressedClassSpaceSize: 320.00 MB
Initial GC threshold: 21.00 MB
Current GC threshold: 21.00 MB
CDS: on
MetaspaceReclaimPolicy: balanced
 - commit_granule_bytes: 65536.
 - commit_granule_words: 8192.
 - virtual_space_node_default_size: 8388608.
 - enlarge_chunks_in_place: 1.
 - new_chunks_are_fully_committed: 0.
 - uncommit_free_chunks: 1.
 - use_allocation_guard: 0.
 - handle_deallocations: 1.


Internal statistics:

num_allocs_failed_limit: 0.
num_arena_births: 212.
num_arena_deaths: 0.
num_vsnodes_births: 2.
num_vsnodes_deaths: 0.
num_space_committed: 257.
num_space_uncommitted: 0.
num_chunks_returned_to_freelist: 0.
num_chunks_taken_from_freelist: 756.
num_chunk_merges: 0.
num_chunk_splits: 483.
num_chunks_enlarged: 345.
num_inconsistent_stats: 0.

CodeHeap 'non-profiled nmethods': size=120000Kb used=1101Kb max_used=1101Kb free=118898Kb
 bounds [0x00000240d8970000, 0x00000240d8be0000, 0x00000240dfea0000]
CodeHeap 'profiled nmethods': size=120000Kb used=4765Kb max_used=4765Kb free=115234Kb
 bounds [0x00000240d0ea0000, 0x00000240d1350000, 0x00000240d83d0000]
CodeHeap 'non-nmethods': size=5760Kb used=1235Kb max_used=1276Kb free=4524Kb
 bounds [0x00000240d83d0000, 0x00000240d8640000, 0x00000240d8970000]
 total_blobs=2924 nmethods=2389 adapters=447
 compilation: enabled
              stopped_count=0, restarted_count=0
 full_count=0

Compilation events (20 events):
Event: 8.684 Thread 0x00000240e3f23390 2369       3       java.lang.invoke.MethodHandles$Lookup::makeHiddenClassDefiner (42 bytes)
Event: 8.685 Thread 0x00000240e3f23390 nmethod 2369 0x00000240d133fb90 code [0x00000240d133fe40, 0x00000240d1340d58]
Event: 8.687 Thread 0x00000240e3f025c0 2371       4       java.util.ArrayDeque::addLast (51 bytes)
Event: 8.689 Thread 0x00000240e3f025c0 nmethod 2371 0x00000240d8a82290 code [0x00000240d8a82420, 0x00000240d8a82628]
Event: 8.689 Thread 0x00000240e3f025c0 2372       4       java.util.ArrayDeque::add (7 bytes)
Event: 8.799 Thread 0x00000240e3f23390 2373       3       java.lang.String::compareTo (9 bytes)
Event: 8.799 Thread 0x00000240e3f23390 nmethod 2373 0x00000240d1341290 code [0x00000240d1341440, 0x00000240d1341668]
Event: 8.987 Thread 0x00000240e3f23390 2374       3       java.util.concurrent.locks.AbstractQueuedSynchronizer$ConditionObject::canReacquire (28 bytes)
Event: 8.987 Thread 0x00000240e3f23390 nmethod 2374 0x00000240d1341710 code [0x00000240d13418c0, 0x00000240d1341c18]
Event: 9.003 Thread 0x00000240e3f23390 2375       3       jdk.internal.misc.Unsafe::putReferenceOpaque (9 bytes)
Event: 9.003 Thread 0x00000240e3f23390 nmethod 2375 0x00000240d1341d90 code [0x00000240d1341f20, 0x00000240d1342078]
Event: 9.065 Thread 0x00000240e3f23390 2376       3       java.util.concurrent.locks.LockSupport::setBlocker (12 bytes)
Event: 9.065 Thread 0x00000240e3f23390 nmethod 2376 0x00000240d1342110 code [0x00000240d13422c0, 0x00000240d13424c8]
Event: 9.223 Thread 0x00000240e3f23390 2377       1       org.gradle.launcher.daemon.server.exec.DaemonConnectionBackedEventConsumer::access$000 (5 bytes)
Event: 9.223 Thread 0x00000240e3f23390 nmethod 2377 0x00000240d8a82790 code [0x00000240d8a82920, 0x00000240d8a829d8]
Event: 10.131 Thread 0x00000240e3f23390 2378       3       java.util.concurrent.locks.AbstractQueuedSynchronizer$Node::getAndUnsetStatus (14 bytes)
Event: 10.131 Thread 0x00000240e3f23390 nmethod 2378 0x00000240d1342590 code [0x00000240d1342740, 0x00000240d1342a08]
Event: 10.366 Thread 0x00000240e3f23390 2379       3       java.util.concurrent.locks.ReentrantLock$Sync::isHeldExclusively (16 bytes)
Event: 10.366 Thread 0x00000240e3f23390 nmethod 2379 0x00000240d1342b10 code [0x00000240d1342ca0, 0x00000240d1342e38]
Event: 10.522 Thread 0x00000240e3f23390 2380       3       java.util.concurrent.TimeUnit::toNanos (45 bytes)

GC Heap History (4 events):
Event: 1.710 GC heap before
{Heap before GC invocations=0 (full 0):
 garbage-first heap   total 262144K, used 26624K [0x00000000e0000000, 0x0000000100000000)
  region size 1024K, 23 young (23552K), 0 survivors (0K)
 Metaspace       used 3054K, committed 3200K, reserved 393216K
  class space    used 366K, committed 448K, reserved 327680K
}
Event: 1.896 GC heap after
{Heap after GC invocations=1 (full 0):
 garbage-first heap   total 262144K, used 11527K [0x00000000e0000000, 0x0000000100000000)
  region size 1024K, 3 young (3072K), 3 survivors (3072K)
 Metaspace       used 3054K, committed 3200K, reserved 393216K
  class space    used 366K, committed 448K, reserved 327680K
}
Event: 3.036 GC heap before
{Heap before GC invocations=1 (full 0):
 garbage-first heap   total 262144K, used 40199K [0x00000000e0000000, 0x0000000100000000)
  region size 1024K, 29 young (29696K), 3 survivors (3072K)
 Metaspace       used 4589K, committed 4736K, reserved 393216K
  class space    used 582K, committed 640K, reserved 327680K
}
Event: 3.042 GC heap after
{Heap after GC invocations=2 (full 0):
 garbage-first heap   total 262144K, used 15634K [0x00000000e0000000, 0x0000000100000000)
  region size 1024K, 4 young (4096K), 4 survivors (4096K)
 Metaspace       used 4589K, committed 4736K, reserved 393216K
  class space    used 582K, committed 640K, reserved 327680K
}

Deoptimization events (20 events):
Event: 7.622 Thread 0x00000240ff8bda50 Uncommon trap: trap_request=0xffffff45 fr.pc=0x00000240d89b9f50 relative=0x0000000000000290
Event: 7.622 Thread 0x00000240ff8bda50 Uncommon trap: reason=unstable_if action=reinterpret pc=0x00000240d89b9f50 method=java.util.HashMap.getNode(Ljava/lang/Object;)Ljava/util/HashMap$Node; @ 66 c2
Event: 7.622 Thread 0x00000240ff8bda50 DEOPT PACKING pc=0x00000240d89b9f50 sp=0x000000ed29efbfa0
Event: 7.622 Thread 0x00000240ff8bda50 DEOPT UNPACKING pc=0x00000240d8425ba3 sp=0x000000ed29efbf20 mode 2
Event: 7.622 Thread 0x00000240ff8bda50 Uncommon trap: trap_request=0xffffffde fr.pc=0x00000240d8a55a94 relative=0x0000000000000894
Event: 7.622 Thread 0x00000240ff8bda50 Uncommon trap: reason=class_check action=maybe_recompile pc=0x00000240d8a55a94 method=java.util.HashMap.putVal(ILjava/lang/Object;Ljava/lang/Object;ZZ)Ljava/lang/Object; @ 91 c2
Event: 7.622 Thread 0x00000240ff8bda50 DEOPT PACKING pc=0x00000240d8a55a94 sp=0x000000ed29efbf70
Event: 7.622 Thread 0x00000240ff8bda50 DEOPT UNPACKING pc=0x00000240d8425ba3 sp=0x000000ed29efbf00 mode 2
Event: 7.622 Thread 0x00000240ff8bda50 Uncommon trap: trap_request=0xffffffde fr.pc=0x00000240d8a55a94 relative=0x0000000000000894
Event: 7.622 Thread 0x00000240ff8bda50 Uncommon trap: reason=class_check action=maybe_recompile pc=0x00000240d8a55a94 method=java.util.HashMap.putVal(ILjava/lang/Object;Ljava/lang/Object;ZZ)Ljava/lang/Object; @ 91 c2
Event: 7.622 Thread 0x00000240ff8bda50 DEOPT PACKING pc=0x00000240d8a55a94 sp=0x000000ed29efbf70
Event: 7.622 Thread 0x00000240ff8bda50 DEOPT UNPACKING pc=0x00000240d8425ba3 sp=0x000000ed29efbf00 mode 2
Event: 7.992 Thread 0x00000240ff8bda50 Uncommon trap: trap_request=0xffffff45 fr.pc=0x00000240d89ef368 relative=0x0000000000000248
Event: 7.992 Thread 0x00000240ff8bda50 Uncommon trap: reason=unstable_if action=reinterpret pc=0x00000240d89ef368 method=java.util.concurrent.ConcurrentHashMap.get(Ljava/lang/Object;)Ljava/lang/Object; @ 76 c2
Event: 7.992 Thread 0x00000240ff8bda50 DEOPT PACKING pc=0x00000240d89ef368 sp=0x000000ed29efb5d0
Event: 7.992 Thread 0x00000240ff8bda50 DEOPT UNPACKING pc=0x00000240d8425ba3 sp=0x000000ed29efb548 mode 2
Event: 8.443 Thread 0x00000240ff8bda50 Uncommon trap: trap_request=0xffffff45 fr.pc=0x00000240d8a213ac relative=0x000000000000018c
Event: 8.443 Thread 0x00000240ff8bda50 Uncommon trap: reason=unstable_if action=reinterpret pc=0x00000240d8a213ac method=java.util.WeakHashMap.expungeStaleEntries()V @ 9 c2
Event: 8.443 Thread 0x00000240ff8bda50 DEOPT PACKING pc=0x00000240d8a213ac sp=0x000000ed29efbc40
Event: 8.443 Thread 0x00000240ff8bda50 DEOPT UNPACKING pc=0x00000240d8425ba3 sp=0x000000ed29efbbd8 mode 2

Classes unloaded (0 events):
No events

Classes redefined (0 events):
No events

Internal exceptions (20 events):
Event: 5.839 Thread 0x00000240c95e69a0 Exception <a 'java/lang/NoSuchMethodError'{0x00000000ed7dc4e0}: 'void java.lang.invoke.DirectMethodHandle$Holder.invokeSpecial(java.lang.Object, java.lang.Object, java.lang.Object)'> (0x00000000ed7dc4e0) 
thrown [s\open\src\hotspot\share\interpreter\linkResolver.cpp, line 759]
Event: 6.188 Thread 0x00000240ff8c14a0 Exception <a 'java/lang/NoSuchMethodError'{0x00000000ed201e18}: static Lorg/gradle/tooling/internal/provider/serialization/ClassLoaderDetails;.<clinit>()V> (0x00000000ed201e18) 
thrown [s\open\src\hotspot\share\prims\jni.cpp, line 1112]
Event: 6.202 Thread 0x00000240ff8c14a0 Exception <a 'java/lang/NoSuchMethodError'{0x00000000ed21a6e0}: static Lorg/gradle/internal/classloader/ClassLoaderSpec;.<clinit>()V> (0x00000000ed21a6e0) 
thrown [s\open\src\hotspot\share\prims\jni.cpp, line 1112]
Event: 6.208 Thread 0x00000240ff8c14a0 Exception <a 'java/lang/NoSuchMethodError'{0x00000000ed223e98}: static Lorg/gradle/tooling/internal/provider/serialization/WellKnownClassLoaderRegistry$KnownClassLoaderSpec;.<clinit>()V> (0x00000000ed223e98) 
thrown [s\open\src\hotspot\share\prims\jni.cpp, line 1112]
Event: 6.212 Thread 0x00000240ff8c14a0 Exception <a 'java/lang/NoSuchMethodError'{0x00000000ed239c60}: static Lorg/gradle/tooling/internal/provider/serialization/ClientOwnedClassLoaderSpec;.<clinit>()V> (0x00000000ed239c60) 
thrown [s\open\src\hotspot\share\prims\jni.cpp, line 1112]
Event: 6.916 Thread 0x00000240ff8bda50 Exception <a 'java/lang/NoSuchMethodError'{0x00000000ece97600}: 'long java.lang.invoke.DirectMethodHandle$Holder.invokeInterface(java.lang.Object, java.lang.Object)'> (0x00000000ece97600) 
thrown [s\open\src\hotspot\share\interpreter\linkResolver.cpp, line 759]
Event: 7.452 Thread 0x00000240ff8bda50 Exception <a 'java/lang/NoSuchMethodError'{0x00000000eca5de70}: 'void java.lang.invoke.DirectMethodHandle$Holder.invokeStatic(java.lang.Object, java.lang.Object)'> (0x00000000eca5de70) 
thrown [s\open\src\hotspot\share\interpreter\linkResolver.cpp, line 759]
Event: 7.605 Thread 0x00000240ff8bda50 Exception <a 'java/lang/NoSuchMethodError'{0x00000000ec9bdc80}: 'void java.lang.invoke.DirectMethodHandle$Holder.invokeStatic(java.lang.Object, java.lang.Object, java.lang.Object, java.lang.Object)'> (0x00000000ec9bdc80) 
thrown [s\open\src\hotspot\share\interpreter\linkResolver.cpp, line 759]
Event: 7.995 Thread 0x00000240ff8bda50 Exception <a 'java/lang/NoSuchMethodError'{0x00000000ec87b6a8}: 'int java.lang.invoke.DirectMethodHandle$Holder.invokeVirtual(java.lang.Object, java.lang.Object, java.lang.Object)'> (0x00000000ec87b6a8) 
thrown [s\open\src\hotspot\share\interpreter\linkResolver.cpp, line 759]
Event: 8.065 Thread 0x00000240ff8bda50 Exception <a 'java/lang/NoSuchMethodError'{0x00000000ec515560}: 'java.lang.Object java.lang.invoke.DirectMethodHandle$Holder.newInvokeSpecial(java.lang.Object, java.lang.Object, java.lang.Object, java.lang.Object, java.lang.Object, java.lang.Object)'> (0x00000000ec515560) 
thrown [s\open\src\hotspot\share\interpreter\linkResolver.cpp, line 759]
Event: 8.214 Thread 0x00000240ff8bda50 Exception <a 'java/lang/NoSuchMethodError'{0x00000000ec3a7828}: 'void java.lang.invoke.DelegatingMethodHandle$Holder.reinvoke_L(java.lang.Object, java.lang.Object, java.lang.Object, java.lang.Object, java.lang.Object, java.lang.Object, java.lang.Object, java.lang.Object, java.lang.Object, java.lang.Object)'> (0x00000000ec3a7828) 
thrown [s\open\src\hotspot\share\interpreter\linkResolver.cpp, line 759]
Event: 8.215 Thread 0x00000240ff8bda50 Exception <a 'java/lang/NoSuchMethodError'{0x00000000ec3afc98}: 'java.lang.Object java.lang.invoke.DirectMethodHandle$Holder.invokeSpecial(java.lang.Object, java.lang.Object, java.lang.Object, java.lang.Object, java.lang.Object, java.lang.Object, java.lang.Object, java.lang.Object, java.lang.Object, java.lang.Object)'> (0x00000000ec3afc98) 
thrown [s\open\src\hotspot\share\interpreter\linkResolver.cpp, line 759]
Event: 8.216 Thread 0x00000240ff8bda50 Exception <a 'java/lang/NoSuchMethodError'{0x00000000ec3b4568}: 'java.lang.Object java.lang.invoke.Invokers$Holder.invoker(java.lang.Object, java.lang.Object, java.lang.Object, java.lang.Object, java.lang.Object, java.lang.Object, java.lang.Object, java.lang.Object, java.lang.Object, java.lang.Object)'> (0x00000000ec3b4568) 
thrown [s\open\src\hotspot\share\interpreter\linkResolver.cpp, line 759]
Event: 8.216 Thread 0x00000240ff8bda50 Exception <a 'java/lang/NoSuchMethodError'{0x00000000ec3ba170}: 'java.lang.Object java.lang.invoke.DirectMethodHandle$Holder.invokeSpecial(java.lang.Object, java.lang.Object, java.lang.Object, java.lang.Object, java.lang.Object, java.lang.Object, java.lang.Object, java.lang.Object, java.lang.Object, java.lang.Object, java.lang.Object)'> (0x00000000ec3ba170) 
thrown [s\open\src\hotspot\share\interpreter\linkResolver.cpp, line 759]
Event: 8.489 Thread 0x00000240ff8bda50 Exception <a 'java/lang/NoSuchMethodError'{0x00000000ebc94df0}: 'java.lang.Object java.lang.invoke.DirectMethodHandle$Holder.newInvokeSpecial(java.lang.Object, java.lang.Object, java.lang.Object, java.lang.Object, java.lang.Object, java.lang.Object, java.lang.Object, java.lang.Object)'> (0x00000000ebc94df0) 
thrown [s\open\src\hotspot\share\interpreter\linkResolver.cpp, line 759]
Event: 8.489 Thread 0x00000240ff8bda50 Exception <a 'java/lang/NoSuchMethodError'{0x00000000ebc9a2a8}: 'java.lang.Object java.lang.invoke.DirectMethodHandle$Holder.invokeSpecial(java.lang.Object, java.lang.Object, java.lang.Object, java.lang.Object, java.lang.Object, java.lang.Object, java.lang.Object, java.lang.Object, java.lang.Object)'> (0x00000000ebc9a2a8) 
thrown [s\open\src\hotspot\share\interpreter\linkResolver.cpp, line 759]
Event: 8.490 Thread 0x00000240ff8bda50 Exception <a 'java/lang/NoSuchMethodError'{0x00000000ebc9f108}: 'java.lang.Object java.lang.invoke.Invokers$Holder.linkToTargetMethod(java.lang.Object, java.lang.Object, java.lang.Object, java.lang.Object, java.lang.Object, java.lang.Object, java.lang.Object, java.lang.Object)'> (0x00000000ebc9f108) 
thrown [s\open\src\hotspot\share\interpreter\linkResolver.cpp, line 759]
Event: 8.535 Thread 0x00000240ff8bda50 Exception <a 'java/lang/NoSuchMethodError'{0x00000000ebbbba50}: 'java.lang.Object java.lang.invoke.DirectMethodHandle$Holder.newInvokeSpecial(java.lang.Object, java.lang.Object, int)'> (0x00000000ebbbba50) 
thrown [s\open\src\hotspot\share\interpreter\linkResolver.cpp, line 759]
Event: 8.614 Thread 0x00000240ff8bda50 Exception <a 'java/lang/NoSuchMethodError'{0x00000000eb83aad8}: 'int java.lang.invoke.DirectMethodHandle$Holder.invokeStatic(java.lang.Object, java.lang.Object, int)'> (0x00000000eb83aad8) 
thrown [s\open\src\hotspot\share\interpreter\linkResolver.cpp, line 759]
Event: 8.675 Thread 0x00000240ff8bda50 Exception <a 'java/lang/NoSuchMethodError'{0x00000000eb6957b0}: 'void java.lang.invoke.DirectMethodHandle$Holder.invokeStaticInit(java.lang.Object, java.lang.Object, java.lang.Object, java.lang.Object)'> (0x00000000eb6957b0) 
thrown [s\open\src\hotspot\share\interpreter\linkResolver.cpp, line 759]

VM Operations (20 events):
Event: 3.815 Executing VM operation: HandshakeAllThreads
Event: 3.815 Executing VM operation: HandshakeAllThreads done
Event: 4.831 Executing VM operation: Cleanup
Event: 4.844 Executing VM operation: Cleanup done
Event: 5.079 Executing VM operation: HandshakeAllThreads
Event: 5.079 Executing VM operation: HandshakeAllThreads done
Event: 5.081 Executing VM operation: HandshakeAllThreads
Event: 5.081 Executing VM operation: HandshakeAllThreads done
Event: 5.196 Executing VM operation: HandshakeAllThreads
Event: 5.196 Executing VM operation: HandshakeAllThreads done
Event: 5.444 Executing VM operation: HandshakeAllThreads
Event: 5.444 Executing VM operation: HandshakeAllThreads done
Event: 5.838 Executing VM operation: HandshakeAllThreads
Event: 5.838 Executing VM operation: HandshakeAllThreads done
Event: 6.843 Executing VM operation: Cleanup
Event: 6.908 Executing VM operation: Cleanup done
Event: 7.909 Executing VM operation: Cleanup
Event: 7.946 Executing VM operation: Cleanup done
Event: 8.955 Executing VM operation: Cleanup
Event: 8.955 Executing VM operation: Cleanup done

Events (20 events):
Event: 8.530 loading class java/util/concurrent/ArrayBlockingQueue done
Event: 8.531 loading class java/util/concurrent/locks/ReentrantLock$FairSync
Event: 8.531 loading class java/util/concurrent/locks/ReentrantLock$FairSync done
Event: 8.531 Thread 0x00000240ff8bbbf0 Thread added: 0x00000240ff8bbbf0
Event: 8.547 Thread 0x00000240ff8be470 Thread added: 0x00000240ff8be470
Event: 8.548 loading class java/net/DatagramPacket
Event: 8.548 loading class java/net/DatagramPacket done
Event: 8.549 loading class sun/nio/ch/DatagramSocketAdaptor$DatagramPackets
Event: 8.549 loading class sun/nio/ch/DatagramSocketAdaptor$DatagramPackets done
Event: 8.623 loading class sun/security/provider/MD5
Event: 8.623 loading class sun/security/provider/MD5 done
Event: 8.624 loading class sun/security/provider/SHA5$SHA512
Event: 8.624 loading class sun/security/provider/SHA5
Event: 8.625 loading class sun/security/provider/SHA5 done
Event: 8.625 loading class sun/security/provider/SHA5$SHA512 done
Event: 8.627 loading class sun/security/provider/ByteArrayAccess$LE
Event: 8.627 loading class sun/security/provider/ByteArrayAccess$LE done
Event: 8.640 Thread 0x00000240ff8bd030 Thread added: 0x00000240ff8bd030
Event: 8.661 loading class java/io/File$TempDirectory
Event: 8.661 loading class java/io/File$TempDirectory done


Dynamic libraries:
0x00007ff76acd0000 - 0x00007ff76ace0000 	C:\Program Files\Java\jdk-17\bin\java.exe
0x00007ffaf2cc0000 - 0x00007ffaf2f27000 	C:\WINDOWS\SYSTEM32\ntdll.dll
0x00007ffaf10b0000 - 0x00007ffaf1179000 	C:\WINDOWS\System32\KERNEL32.DLL
0x00007ffaf00a0000 - 0x00007ffaf0490000 	C:\WINDOWS\System32\KERNELBASE.dll
0x00007ffaf06f0000 - 0x00007ffaf083b000 	C:\WINDOWS\System32\ucrtbase.dll
0x00007ffad8310000 - 0x00007ffad8329000 	C:\Program Files\Java\jdk-17\bin\jli.dll
0x00007ffaf2840000 - 0x00007ffaf28f4000 	C:\WINDOWS\System32\ADVAPI32.dll
0x00007ffad82f0000 - 0x00007ffad830b000 	C:\Program Files\Java\jdk-17\bin\VCRUNTIME140.dll
0x00007ffaf2790000 - 0x00007ffaf2839000 	C:\WINDOWS\System32\msvcrt.dll
0x00007ffaf1eb0000 - 0x00007ffaf1f56000 	C:\WINDOWS\System32\sechost.dll
0x00007ffaf2980000 - 0x00007ffaf2a98000 	C:\WINDOWS\System32\RPCRT4.dll
0x00007ffaf0ae0000 - 0x00007ffaf0ca5000 	C:\WINDOWS\System32\USER32.dll
0x00007ffaf0540000 - 0x00007ffaf0567000 	C:\WINDOWS\System32\win32u.dll
0x00007ffaf1070000 - 0x00007ffaf109b000 	C:\WINDOWS\System32\GDI32.dll
0x00007ffad6d90000 - 0x00007ffad702a000 	C:\WINDOWS\WinSxS\amd64_microsoft.windows.common-controls_6595b64144ccf1df_6.0.26100.4768_none_3e0c112ce331287c\COMCTL32.dll
0x00007ffaeff60000 - 0x00007ffaf0098000 	C:\WINDOWS\System32\gdi32full.dll
0x00007ffaefeb0000 - 0x00007ffaeff53000 	C:\WINDOWS\System32\msvcp_win.dll
0x00007ffae0d20000 - 0x00007ffae0d2b000 	C:\WINDOWS\SYSTEM32\VERSION.dll
0x00007ffaf0fe0000 - 0x00007ffaf100f000 	C:\WINDOWS\System32\IMM32.DLL
0x00007ffad82e0000 - 0x00007ffad82ec000 	C:\Program Files\Java\jdk-17\bin\vcruntime140_1.dll
0x00007ffad8250000 - 0x00007ffad82de000 	C:\Program Files\Java\jdk-17\bin\msvcp140.dll
0x00007ffa5b790000 - 0x00007ffa5c370000 	C:\Program Files\Java\jdk-17\bin\server\jvm.dll
0x00007ffaf23f0000 - 0x00007ffaf23f8000 	C:\WINDOWS\System32\PSAPI.DLL
0x00007ffad8240000 - 0x00007ffad824a000 	C:\WINDOWS\SYSTEM32\WSOCK32.dll
0x00007ffad6220000 - 0x00007ffad6255000 	C:\WINDOWS\SYSTEM32\WINMM.dll
0x00007ffaf1c00000 - 0x00007ffaf1c74000 	C:\WINDOWS\System32\WS2_32.dll
0x00007ffaeeb30000 - 0x00007ffaeeb4b000 	C:\WINDOWS\SYSTEM32\kernel.appcore.dll
0x00007ffad8230000 - 0x00007ffad823a000 	C:\Program Files\Java\jdk-17\bin\jimage.dll
0x00007ffaed4d0000 - 0x00007ffaed711000 	C:\WINDOWS\SYSTEM32\DBGHELP.DLL
0x00007ffaf2400000 - 0x00007ffaf2785000 	C:\WINDOWS\System32\combase.dll
0x00007ffaf1d80000 - 0x00007ffaf1e60000 	C:\WINDOWS\System32\OLEAUT32.dll
0x00007ffad18d0000 - 0x00007ffad1913000 	C:\WINDOWS\SYSTEM32\dbgcore.DLL
0x00007ffaf04a0000 - 0x00007ffaf0539000 	C:\WINDOWS\System32\bcryptPrimitives.dll
0x00007ffad8220000 - 0x00007ffad822e000 	C:\Program Files\Java\jdk-17\bin\instrument.dll
0x00007ffad81f0000 - 0x00007ffad8215000 	C:\Program Files\Java\jdk-17\bin\java.dll
0x00007ffac95f0000 - 0x00007ffac96c7000 	C:\Program Files\Java\jdk-17\bin\jsvml.dll
0x00007ffaf1430000 - 0x00007ffaf1b7d000 	C:\WINDOWS\System32\SHELL32.dll
0x00007ffaf0570000 - 0x00007ffaf06e3000 	C:\WINDOWS\System32\wintypes.dll
0x00007ffaed990000 - 0x00007ffaee1f0000 	C:\WINDOWS\SYSTEM32\windows.storage.dll
0x00007ffaf1c80000 - 0x00007ffaf1d75000 	C:\WINDOWS\System32\SHCORE.dll
0x00007ffaf2c10000 - 0x00007ffaf2c7a000 	C:\WINDOWS\System32\shlwapi.dll
0x00007ffaefd10000 - 0x00007ffaefd39000 	C:\WINDOWS\SYSTEM32\profapi.dll
0x00007ffad81d0000 - 0x00007ffad81e8000 	C:\Program Files\Java\jdk-17\bin\zip.dll
0x00007ffad7f60000 - 0x00007ffad7f79000 	C:\Program Files\Java\jdk-17\bin\net.dll
0x00007ffae1090000 - 0x00007ffae11ae000 	C:\WINDOWS\SYSTEM32\WINHTTP.dll
0x00007ffaef0a0000 - 0x00007ffaef10b000 	C:\WINDOWS\system32\mswsock.dll
0x00007ffad4ac0000 - 0x00007ffad4ad6000 	C:\Program Files\Java\jdk-17\bin\nio.dll
0x00007ffad4ab0000 - 0x00007ffad4ac0000 	C:\Program Files\Java\jdk-17\bin\verify.dll
0x00007ffacfc70000 - 0x00007ffacfc97000 	C:\Users\Trung\.gradle\native\660c5614fbf4a5f2a75b1949f50a0caf5cd603558e7d8a26e50b933a0cfb79d1\windows-amd64\native-platform.dll
0x00007ffac8b00000 - 0x00007ffac8b77000 	C:\Users\Trung\.gradle\native\0.2.8\x86_64-windows-gnu\gradle-fileevents.dll
0x00007ffad4aa0000 - 0x00007ffad4aaa000 	C:\Program Files\Java\jdk-17\bin\management.dll
0x00007ffad4a90000 - 0x00007ffad4a9b000 	C:\Program Files\Java\jdk-17\bin\management_ext.dll
0x00007ffaee510000 - 0x00007ffaee543000 	C:\WINDOWS\SYSTEM32\IPHLPAPI.DLL
0x00007ffaf1ea0000 - 0x00007ffaf1eaa000 	C:\WINDOWS\System32\NSI.dll
0x00007ffae11f0000 - 0x00007ffae120f000 	C:\WINDOWS\SYSTEM32\dhcpcsvc6.DLL
0x00007ffae0f50000 - 0x00007ffae0f75000 	C:\WINDOWS\SYSTEM32\dhcpcsvc.DLL
0x00007ffaee550000 - 0x00007ffaee676000 	C:\WINDOWS\SYSTEM32\DNSAPI.dll
0x00007ffaef480000 - 0x00007ffaef49b000 	C:\WINDOWS\SYSTEM32\CRYPTSP.dll
0x00007ffaeea90000 - 0x00007ffaeeacb000 	C:\WINDOWS\system32\rsaenh.dll
0x00007ffaef140000 - 0x00007ffaef16b000 	C:\WINDOWS\SYSTEM32\USERENV.dll
0x00007ffaefce0000 - 0x00007ffaefd06000 	C:\WINDOWS\SYSTEM32\bcrypt.dll
0x00007ffaef2e0000 - 0x00007ffaef2ec000 	C:\WINDOWS\SYSTEM32\CRYPTBASE.dll
0x00007ffad4a80000 - 0x00007ffad4a8e000 	C:\Program Files\Java\jdk-17\bin\sunmscapi.dll
0x00007ffaf08d0000 - 0x00007ffaf0a47000 	C:\WINDOWS\System32\CRYPT32.dll
0x00007ffaef5e0000 - 0x00007ffaef610000 	C:\WINDOWS\SYSTEM32\ncrypt.dll
0x00007ffaef590000 - 0x00007ffaef5cf000 	C:\WINDOWS\SYSTEM32\NTASN1.dll
0x00007ffad7bd0000 - 0x00007ffad7bd8000 	C:\WINDOWS\system32\wshunix.dll

dbghelp: loaded successfully - version: 4.0.5 - missing functions: none
symbol engine: initialized successfully - sym options: 0x614 - pdb path: .;C:\Program Files\Java\jdk-17\bin;C:\WINDOWS\SYSTEM32;C:\WINDOWS\WinSxS\amd64_microsoft.windows.common-controls_6595b64144ccf1df_6.0.26100.4768_none_3e0c112ce331287c;C:\Program Files\Java\jdk-17\bin\server;C:\Users\Trung\.gradle\native\660c5614fbf4a5f2a75b1949f50a0caf5cd603558e7d8a26e50b933a0cfb79d1\windows-amd64;C:\Users\Trung\.gradle\native\0.2.8\x86_64-windows-gnu

VM Arguments:
jvm_args: --add-opens=java.base/java.lang=ALL-UNNAMED --add-opens=java.base/java.lang.invoke=ALL-UNNAMED --add-opens=java.base/java.util=ALL-UNNAMED --add-opens=java.prefs/java.util.prefs=ALL-UNNAMED --add-exports=jdk.compiler/com.sun.tools.javac.api=ALL-UNNAMED --add-exports=jdk.compiler/com.sun.tools.javac.util=ALL-UNNAMED --add-opens=java.base/java.util=ALL-UNNAMED --add-opens=java.prefs/java.util.prefs=ALL-UNNAMED --add-opens=java.base/java.nio.charset=ALL-UNNAMED --add-opens=java.base/java.net=ALL-UNNAMED --add-opens=java.base/java.util.concurrent=ALL-UNNAMED --add-opens=java.base/java.util.concurrent.atomic=ALL-UNNAMED --add-opens=java.xml/javax.xml.namespace=ALL-UNNAMED --add-opens=java.base/java.time=ALL-UNNAMED -XX:MaxMetaspaceSize=384m -XX:+HeapDumpOnOutOfMemoryError -Xms256m -Xmx512m -Dfile.encoding=UTF-8 -Duser.country=US -Duser.language=en -Duser.variant -javaagent:C:\Users\Trung\.gradle\wrapper\dists\gradle-9.4.1-bin\arn2x92ynaizyzdaamcbpbhtj\gradle-9.4.1\lib\agents\gradle-instrumentation-agent-9.4.1.jar 
java_command: org.gradle.launcher.daemon.bootstrap.GradleDaemon 9.4.1
java_class_path (initial): C:\Users\Trung\.gradle\wrapper\dists\gradle-9.4.1-bin\arn2x92ynaizyzdaamcbpbhtj\gradle-9.4.1\lib\gradle-daemon-main-9.4.1.jar
Launcher Type: SUN_STANDARD

[Global flags]
     intx CICompilerCount                          = 4                                         {product} {ergonomic}
   size_t CompressedClassSpaceSize                 = 335544320                                 {product} {ergonomic}
     uint ConcGCThreads                            = 2                                         {product} {ergonomic}
     uint G1ConcRefinementThreads                  = 8                                         {product} {ergonomic}
   size_t G1HeapRegionSize                         = 1048576                                   {product} {ergonomic}
    uintx GCDrainStackTargetSize                   = 64                                        {product} {ergonomic}
     bool HeapDumpOnOutOfMemoryError               = true                                   {manageable} {command line}
   size_t InitialHeapSize                          = 268435456                                 {product} {command line}
   size_t MarkStackSize                            = 4194304                                   {product} {ergonomic}
   size_t MaxHeapSize                              = 536870912                                 {product} {command line}
   size_t MaxMetaspaceSize                         = 402653184                                 {product} {command line}
   size_t MaxNewSize                               = 321912832                                 {product} {ergonomic}
   size_t MinHeapDeltaBytes                        = 1048576                                   {product} {ergonomic}
   size_t MinHeapSize                              = 268435456                                 {product} {command line}
    uintx NonNMethodCodeHeapSize                   = 5839372                                {pd product} {ergonomic}
    uintx NonProfiledCodeHeapSize                  = 122909434                              {pd product} {ergonomic}
    uintx ProfiledCodeHeapSize                     = 122909434                              {pd product} {ergonomic}
    uintx ReservedCodeCacheSize                    = 251658240                              {pd product} {ergonomic}
     bool SegmentedCodeCache                       = true                                      {product} {ergonomic}
   size_t SoftMaxHeapSize                          = 536870912                              {manageable} {ergonomic}
     bool UseCompressedClassPointers               = true                           {product lp64_product} {ergonomic}
     bool UseCompressedOops                        = true                           {product lp64_product} {ergonomic}
     bool UseG1GC                                  = true                                      {product} {ergonomic}
     bool UseLargePagesIndividualAllocation        = false                                  {pd product} {ergonomic}

Logging:
Log output configuration:
 #0: stdout all=warning uptime,level,tags
 #1: stderr all=off uptime,level,tags

Environment Variables:
JAVA_HOME=C:\Program Files\Java\jdk-17
PATH=C:\Python312\Scripts\;C:\Python312\;C:\WINDOWS\system32;C:\WINDOWS;C:\WINDOWS\System32\Wbem;C:\WINDOWS\System32\WindowsPowerShell\v1.0\;C:\WINDOWS\System32\OpenSSH\;C:\Program Files\Java\jdk-17\bin;C:\Program Files\Common Files\Oracle\Java\javapath;C:\ProgramData\chocolatey\bin;C:\MinGW\bin;C:\xampp\php;C:\Program Files\apache-maven-3.9.9\bin;C:\Program Files\MySQL\MySQL Server 8.0\bin;C:\ProgramData\ComposerSetup\bin;D:\laragon\bin\php\php-8.3.16-Win32-vs16-x64;C:\Program Files\Git\cmd;C:\Users\Trung\AppData\Local\Android\Sdk\cmdline-tools\latest\cmdline-tools\latest\bin;C:\Users\Trung\AppData\Local\Android\Sdk\cmdline-tools\latest\platform-tools;C:\Users\Trung\.config\herd\bin\nvm;C:\Users\Trung\AppData\Local\Android\Sdk\platform-tools;C:\Users\Trung\AppData\Local\Android\Sdk\emulator;C:\Users\Trung\AppData\Local\Android\Sdk\cmdline-tools\latest\bin;C:\Program Files\ShellCheck;C:\Users\Trung\Downloads\dartsdk-windows-x64-release\dart-sdk;C:\Program Files\PostgreSQL\18\bin;C:\Program Files\dotnet\;C:\Program Files\Docker\Docker\resources\bin;C:\Program Files\nodejs\;D:\Trung\Code\Java\spring-boot-cli-3.3.6-bin\spring-3.3.6\bin;C:\Users\Trung\AppData\Local\Yarn\config\global\node_modules\.bin;C:\Users\Trung\AppData\Roaming\Composer\vendor\bin;D:\laragon\bin;D:\laragon\bin\apache\httpd-2.4.54-win64-VS16\bin;D:\laragon\bin\composer;D:\laragon\bin\git\bin;D:\laragon\bin\git\cmd;D:\laragon\bin\git\mingw64\bin;D:\laragon\bin\git\usr\bin;D:\laragon\bin\laragon\utils;D:\laragon\bin\mysql\mysql-8.0.30-winx64\bin;D:\laragon\bin\nginx\nginx-1.22.0;D:\laragon\bin\ngrok;D:\laragon\bin\nodejs\node-v18;D:\laragon\bin\notepad++;D:\laragon\bin\php\php-8.1.10-Win32-vs16-x64;D:\laragon\bin\python\python-3.10;D:\laragon\bin\python\python-3.10\Scripts;D:\laragon\bin\redis\redis-x64-5.0.14.1;D:\laragon\bin\telnet;D:\laragon\usr\bin;C:\Program Files\MySQL\MySQL Shell 8.0\bin\;C:\Users\Trung\AppData\Local\Microsoft\WindowsApps;C:\Users\Trung\AppData\Local\Programs\Microsoft VS Code\bin;
USERNAME=Trung
OS=Windows_NT
PROCESSOR_IDENTIFIER=Intel64 Family 6 Model 140 Stepping 1, GenuineIntel



---------------  S Y S T E M  ---------------

OS:
 Windows 11 , 64 bit Build 26100 (10.0.26100.4768)
OS uptime: 0 days 1:05 hours
Hyper-V role detected

CPU: total 8 (initial active 8) (4 cores per cpu, 2 threads per core) family 6 model 140 stepping 1 microcode 0x8a, cx8, cmov, fxsr, ht, mmx, 3dnowpref, sse, sse2, sse3, ssse3, sse4.1, sse4.2, popcnt, lzcnt, tsc, tscinvbit, avx, avx2, aes, erms, clmul, bmi1, bmi2, adx, avx512f, avx512dq, avx512cd, avx512bw, avx512vl, sha, fma, vzeroupper, avx512_vpopcntdq, avx512_vpclmulqdq, avx512_vaes, avx512_vnni, clflush, clflushopt, clwb, avx512_vbmi2, avx512_vbmi, hv

Memory: 4k page, system-wide physical 20259M (5026M free)
TotalPageFile size 20259M (AvailPageFile size 66M)
current process WorkingSet (physical memory assigned to process): 187M, peak: 200M
current process commit charge ("private bytes"): 409M, peak: 424M

vm_info: Java HotSpot(TM) 64-Bit Server VM (17.0.12+8-LTS-286) for windows-amd64 JRE (17.0.12+8-LTS-286), built on Jun  5 2024 06:46:59 by "mach5one" with MS VC++ 17.6 (VS2022)

END.
