#
# There is insufficient memory for the Java Runtime Environment to continue.
# Native memory allocation (malloc) failed to allocate 1994576 bytes. Error detail: Chunk::new
# Possible reasons:
#   The system is out of physical RAM or swap space
#   This process is running with CompressedOops enabled, and the Java Heap may be blocking the growth of the native heap
# Possible solutions:
#   Reduce memory load on the system
#   Increase physical memory or swap space
#   Check if swap backing store is full
#   Decrease Java heap size (-Xmx/-Xms)
#   Decrease number of Java threads
#   Decrease Java thread stack sizes (-Xss)
#   Set larger code cache with -XX:ReservedCodeCacheSize=
#   JVM is running with Unscaled Compressed Oops mode in which the Java heap is
#     placed in the first 4GB address space. The Java Heap base address is the
#     maximum limit for the native heap growth. Please use -XX:HeapBaseMinAddress
#     to set the Java Heap base and to place the Java Heap above 4GB virtual address.
# This output file may be truncated or incomplete.
#
#  Out of Memory Error (arena.cpp:191), pid=17456, tid=6508
#
# JRE version: OpenJDK Runtime Environment Microsoft-13106358 (17.0.18+8) (build 17.0.18+8-LTS)
# Java VM: OpenJDK 64-Bit Server VM Microsoft-13106358 (17.0.18+8-LTS, mixed mode, sharing, tiered, compressed oops, compressed class ptrs, g1 gc, windows-amd64)
# No core dump will be written. Minidumps are not enabled by default on client versions of Windows
#

---------------  S U M M A R Y ------------

Command Line: --add-opens=java.base/java.lang=ALL-UNNAMED --add-opens=java.base/java.lang.invoke=ALL-UNNAMED --add-opens=java.base/java.util=ALL-UNNAMED --add-opens=java.prefs/java.util.prefs=ALL-UNNAMED --add-exports=jdk.compiler/com.sun.tools.javac.api=ALL-UNNAMED --add-exports=jdk.compiler/com.sun.tools.javac.util=ALL-UNNAMED --add-opens=java.base/java.util=ALL-UNNAMED --add-opens=java.prefs/java.util.prefs=ALL-UNNAMED --add-opens=java.base/java.nio.charset=ALL-UNNAMED --add-opens=java.base/java.net=ALL-UNNAMED --add-opens=java.base/java.util.concurrent=ALL-UNNAMED --add-opens=java.base/java.util.concurrent.atomic=ALL-UNNAMED --add-opens=java.xml/javax.xml.namespace=ALL-UNNAMED --add-opens=java.base/java.time=ALL-UNNAMED -XX:MaxMetaspaceSize=384m -XX:+HeapDumpOnOutOfMemoryError -Xms256m -Xmx512m -Dfile.encoding=UTF-8 -Duser.country=US -Duser.language=en -Duser.variant -javaagent:C:\Users\Trung\.gradle\wrapper\dists\gradle-9.4.1-bin\arn2x92ynaizyzdaamcbpbhtj\gradle-9.4.1\lib\agents\gradle-instrumentation-agent-9.4.1.jar org.gradle.launcher.daemon.bootstrap.GradleDaemon 9.4.1

Host: 11th Gen Intel(R) Core(TM) i5-1135G7 @ 2.40GHz, 8 cores, 19G,  Windows 11 , 64 bit Build 26100 (10.0.26100.4768)
Time: Fri May  8 19:38:58 2026 SE Asia Standard Time elapsed time: 316.975022 seconds (0d 0h 5m 16s)

---------------  T H R E A D  ---------------

Current thread (0x00000194fa23a950):  JavaThread "C2 CompilerThread0" daemon [_thread_in_native, id=6508, stack(0x0000002bf3000000,0x0000002bf3100000)]


Current CompileTask:
C2:316975 18734       4       org.gradle.internal.instantiation.generator.AbstractClassGenerator$$Lambda$147/0x00000194811c52a0::test (12 bytes)

Stack: [0x0000002bf3000000,0x0000002bf3100000]
Native frames: (J=compiled Java code, j=interpreted, Vv=VM code, C=native code)
V  [jvm.dll+0x68c879]  (no source info available)
V  [jvm.dll+0x845979]  (no source info available)
V  [jvm.dll+0x8476e8]  (no source info available)
V  [jvm.dll+0x847d73]  (no source info available)
V  [jvm.dll+0x24cf6f]  (no source info available)
V  [jvm.dll+0xaecb6]  (no source info available)
V  [jvm.dll+0xaf35c]  (no source info available)
V  [jvm.dll+0x3716ff]  (no source info available)
V  [jvm.dll+0x33b985]  (no source info available)
V  [jvm.dll+0x33adea]  (no source info available)
V  [jvm.dll+0x21df29]  (no source info available)
V  [jvm.dll+0x21d36d]  (no source info available)
V  [jvm.dll+0x1a8ce6]  (no source info available)
V  [jvm.dll+0x22db1b]  (no source info available)
V  [jvm.dll+0x22bca6]  (no source info available)
V  [jvm.dll+0x7fbabb]  (no source info available)
V  [jvm.dll+0x7f5ebc]  (no source info available)
V  [jvm.dll+0x68de17]  (no source info available)
C  [ucrtbase.dll+0x37b0]  (no source info available)
C  [KERNEL32.DLL+0x2e8d7]  (no source info available)
C  [ntdll.dll+0x3c34c]  (no source info available)


---------------  P R O C E S S  ---------------

Threads class SMR info:
_java_thread_list=0x0000019496e618a0, length=62, elements={
0x00000194df64d6c0, 0x00000194fa227680, 0x00000194fa228150, 0x00000194fa235880,
0x00000194fa236350, 0x00000194fa238c30, 0x00000194fa239500, 0x00000194fa23a950,
0x00000194fa23d320, 0x00000194fa24fc50, 0x00000194fa20b7b0, 0x00000194fa47bfd0,
0x00000194952387b0, 0x000001949593b110, 0x0000019495dad020, 0x00000194fa68bf30,
0x00000194fa68b510, 0x00000194fa68c950, 0x00000194fa6896b0, 0x00000194fa689bc0,
0x00000194fa68a0d0, 0x0000019498c337a0, 0x0000019498c350f0, 0x0000019498c35600,
0x0000019498c392c0, 0x0000019498c397d0, 0x0000019498c36020, 0x0000019498c36530,
0x0000019498c39ce0, 0x00000194994e9060, 0x00000194994ea4a0, 0x00000194994ea9b0,
0x00000194994eb3d0, 0x00000194994ecd20, 0x0000019497197530, 0x0000019497197f50,
0x00000194994ed230, 0x00000194994e9a80, 0x00000194994ed740, 0x0000019498c346d0,
0x00000194994eaec0, 0x00000194994ee670, 0x00000194fa68ba20, 0x00000194fa68b000,
0x0000019497197020, 0x0000019497198460, 0x0000019497199390, 0x0000019497197a40,
0x00000194971960f0, 0x0000019497196600, 0x000001949719d050, 0x000001949719c120,
0x000001949719bc10, 0x000001949719a2c0, 0x000001949719c630, 0x000001949719cb40,
0x000001949719a7d0, 0x000001949719ace0, 0x000001949719b1f0, 0x00000194994e9f90,
0x0000019495eeeab0, 0x00000194994efab0
}

Java Threads: ( => current thread )
  0x00000194df64d6c0 JavaThread "main" [_thread_blocked, id=16932, stack(0x0000002bf2300000,0x0000002bf2400000)]
  0x00000194fa227680 JavaThread "Reference Handler" daemon [_thread_blocked, id=6280, stack(0x0000002bf2a00000,0x0000002bf2b00000)]
  0x00000194fa228150 JavaThread "Finalizer" daemon [_thread_blocked, id=14280, stack(0x0000002bf2b00000,0x0000002bf2c00000)]
  0x00000194fa235880 JavaThread "Signal Dispatcher" daemon [_thread_blocked, id=7312, stack(0x0000002bf2c00000,0x0000002bf2d00000)]
  0x00000194fa236350 JavaThread "Attach Listener" daemon [_thread_blocked, id=16472, stack(0x0000002bf2d00000,0x0000002bf2e00000)]
  0x00000194fa238c30 JavaThread "Service Thread" daemon [_thread_blocked, id=14668, stack(0x0000002bf2e00000,0x0000002bf2f00000)]
  0x00000194fa239500 JavaThread "Monitor Deflation Thread" daemon [_thread_blocked, id=10568, stack(0x0000002bf2f00000,0x0000002bf3000000)]
=>0x00000194fa23a950 JavaThread "C2 CompilerThread0" daemon [_thread_in_native, id=6508, stack(0x0000002bf3000000,0x0000002bf3100000)]
  0x00000194fa23d320 JavaThread "C1 CompilerThread0" daemon [_thread_blocked, id=13704, stack(0x0000002bf3100000,0x0000002bf3200000)]
  0x00000194fa24fc50 JavaThread "Sweeper thread" daemon [_thread_blocked, id=17632, stack(0x0000002bf3200000,0x0000002bf3300000)]
  0x00000194fa20b7b0 JavaThread "Common-Cleaner" daemon [_thread_blocked, id=12380, stack(0x0000002bf3300000,0x0000002bf3400000)]
  0x00000194fa47bfd0 JavaThread "Notification Thread" daemon [_thread_blocked, id=13220, stack(0x0000002bf3400000,0x0000002bf3500000)]
  0x00000194952387b0 JavaThread "Daemon health stats" [_thread_blocked, id=14652, stack(0x0000002bf3d00000,0x0000002bf3e00000)]
  0x000001949593b110 JavaThread "Incoming local TCP Connector on port 60586" [_thread_in_native, id=16872, stack(0x0000002bf3e00000,0x0000002bf3f00000)]
  0x0000019495dad020 JavaThread "Daemon periodic checks" [_thread_blocked, id=15248, stack(0x0000002bf3f00000,0x0000002bf4000000)]
  0x00000194fa68bf30 JavaThread "Cache worker for journal cache (C:\Users\Trung\.gradle\caches\journal-1)" [_thread_blocked, id=2372, stack(0x0000002bf4700000,0x0000002bf4800000)]
  0x00000194fa68b510 JavaThread "File lock request listener" [_thread_in_native, id=17744, stack(0x0000002bf4800000,0x0000002bf4900000)]
  0x00000194fa68c950 JavaThread "Cache worker for file hash cache (C:\Users\Trung\.gradle\caches\9.4.1\fileHashes)" [_thread_blocked, id=16108, stack(0x0000002bf4900000,0x0000002bf4a00000)]
  0x00000194fa6896b0 JavaThread "File watcher server" daemon [_thread_in_native, id=16732, stack(0x0000002bf4f00000,0x0000002bf5000000)]
  0x00000194fa689bc0 JavaThread "File watcher consumer" daemon [_thread_blocked, id=9128, stack(0x0000002bf5000000,0x0000002bf5100000)]
  0x00000194fa68a0d0 JavaThread "Cache worker for file content cache (C:\Users\Trung\.gradle\caches\9.4.1\fileContent)" [_thread_blocked, id=4388, stack(0x0000002bf5100000,0x0000002bf5200000)]
  0x0000019498c337a0 JavaThread "jar transforms" [_thread_blocked, id=8008, stack(0x0000002bf5500000,0x0000002bf5600000)]
  0x0000019498c350f0 JavaThread "jar transforms Thread 2" [_thread_blocked, id=3796, stack(0x0000002bf5600000,0x0000002bf5700000)]
  0x0000019498c35600 JavaThread "jar transforms Thread 3" [_thread_blocked, id=5252, stack(0x0000002bf5700000,0x0000002bf5800000)]
  0x0000019498c392c0 JavaThread "jar transforms Thread 4" [_thread_blocked, id=16660, stack(0x0000002bf6000000,0x0000002bf6100000)]
  0x0000019498c397d0 JavaThread "jar transforms Thread 5" [_thread_blocked, id=5716, stack(0x0000002bf6100000,0x0000002bf6200000)]
  0x0000019498c36020 JavaThread "jar transforms Thread 6" [_thread_blocked, id=16740, stack(0x0000002bf6300000,0x0000002bf6400000)]
  0x0000019498c36530 JavaThread "jar transforms Thread 7" [_thread_blocked, id=10560, stack(0x0000002bf6400000,0x0000002bf6500000)]
  0x0000019498c39ce0 JavaThread "jar transforms Thread 8" [_thread_blocked, id=10840, stack(0x0000002bf6500000,0x0000002bf6600000)]
  0x00000194994e9060 JavaThread "Memory manager" [_thread_blocked, id=3016, stack(0x0000002bf6900000,0x0000002bf6a00000)]
  0x00000194994ea4a0 JavaThread "ForkJoinPool.commonPool-worker-1" daemon [_thread_blocked, id=6168, stack(0x0000002bf6a00000,0x0000002bf6b00000)]
  0x00000194994ea9b0 JavaThread "ForkJoinPool.commonPool-worker-3" daemon [_thread_blocked, id=16748, stack(0x0000002bf6c00000,0x0000002bf6d00000)]
  0x00000194994eb3d0 JavaThread "ForkJoinPool.commonPool-worker-4" daemon [_thread_blocked, id=12008, stack(0x0000002bf6d00000,0x0000002bf6e00000)]
  0x00000194994ecd20 JavaThread "ForkJoinPool.commonPool-worker-7" daemon [_thread_blocked, id=10036, stack(0x0000002bf7000000,0x0000002bf7100000)]
  0x0000019497197530 JavaThread "Daemon Thread 2" [_thread_blocked, id=9736, stack(0x0000002bf2000000,0x0000002bf2100000)]
  0x0000019497197f50 JavaThread "Daemon worker Thread 2" [_thread_in_native, id=9456, stack(0x0000002bf3600000,0x0000002bf3700000)]
  0x00000194994ed230 JavaThread "ForkJoinPool.commonPool-worker-8" daemon [_thread_blocked, id=5260, stack(0x0000002bf5d00000,0x0000002bf5e00000)]
  0x00000194994e9a80 JavaThread "ForkJoinPool.commonPool-worker-9" daemon [_thread_blocked, id=3592, stack(0x0000002bf5e00000,0x0000002bf5f00000)]
  0x00000194994ed740 JavaThread "ForkJoinPool.commonPool-worker-10" daemon [_thread_blocked, id=18056, stack(0x0000002bf5f00000,0x0000002bf6000000)]
  0x0000019498c346d0 JavaThread "VFS cleanup Thread 2" [_thread_blocked, id=15756, stack(0x0000002bf3700000,0x0000002bf3800000)]
  0x00000194994eaec0 JavaThread "Daemon Thread 3" [_thread_blocked, id=1884, stack(0x0000002bf2100000,0x0000002bf2200000)]
  0x00000194994ee670 JavaThread "Daemon Thread 4" [_thread_blocked, id=12928, stack(0x0000002bf4200000,0x0000002bf4300000)]
  0x00000194fa68ba20 JavaThread "File lock release action executor" [_thread_blocked, id=5228, stack(0x0000002bf4400000,0x0000002bf4500000)]
  0x00000194fa68b000 JavaThread "Handler for socket connection from /127.0.0.1:60586 to /127.0.0.1:56950" [_thread_in_native, id=12484, stack(0x0000002bf4300000,0x0000002bf4400000)]
  0x0000019497197020 JavaThread "Cancel handler" [_thread_blocked, id=6404, stack(0x0000002bf4500000,0x0000002bf4600000)]
  0x0000019497198460 JavaThread "Asynchronous log dispatcher for DefaultDaemonConnection: socket connection from /127.0.0.1:60586 to /127.0.0.1:56950" [_thread_blocked, id=11008, stack(0x0000002bf4600000,0x0000002bf4700000)]
  0x0000019497199390 JavaThread "Stdin handler" [_thread_blocked, id=4784, stack(0x0000002bf4d00000,0x0000002bf4e00000)]
  0x0000019497197a40 JavaThread "Daemon client event forwarder" [_thread_in_Java, id=5232, stack(0x0000002bf4e00000,0x0000002bf4f00000)]
  0x00000194971960f0 JavaThread "Cache worker for file hash cache (E:\Trung\RikkeiEdu\Microservices\Session02\Logistic Microservice\eureka-server-service\.gradle\9.4.1\fileHashes)" [_thread_blocked, id=17904, stack(0x0000002bf4100000,0x0000002bf4200000)]
  0x0000019497196600 JavaThread "Cache worker for Build Output Cleanup Cache (E:\Trung\RikkeiEdu\Microservices\Session02\Logistic Microservice\eureka-server-service\.gradle\buildOutputCleanup)" [_thread_blocked, id=4476, stack(0x0000002bf5300000,0x0000002bf5400000)]
  0x000001949719d050 JavaThread "Cache worker for checksums cache (E:\Trung\RikkeiEdu\Microservices\Session02\Logistic Microservice\eureka-server-service\.gradle\9.4.1\checksums)" [_thread_blocked, id=9084, stack(0x0000002bf5200000,0x0000002bf5300000)]
  0x000001949719c120 JavaThread "Cache worker for cache directory md-supplier (C:\Users\Trung\.gradle\caches\9.4.1\md-supplier)" [_thread_blocked, id=8832, stack(0x0000002bf5400000,0x0000002bf5500000)]
  0x000001949719bc10 JavaThread "Cache worker for cache directory md-rule (C:\Users\Trung\.gradle\caches\9.4.1\md-rule)" [_thread_blocked, id=3032, stack(0x0000002bf5800000,0x0000002bf5900000)]
  0x000001949719a2c0 JavaThread "Build operations" [_thread_blocked, id=1592, stack(0x0000002bf5900000,0x0000002bf5a00000)]
  0x000001949719c630 JavaThread "Build operations Thread 2" [_thread_blocked, id=18380, stack(0x0000002bf5a00000,0x0000002bf5b00000)]
  0x000001949719cb40 JavaThread "Build operations Thread 3" [_thread_blocked, id=10288, stack(0x0000002bf5b00000,0x0000002bf5c00000)]
  0x000001949719a7d0 JavaThread "Build operations Thread 4" [_thread_blocked, id=14288, stack(0x0000002bf5c00000,0x0000002bf5d00000)]
  0x000001949719ace0 JavaThread "Build operations Thread 5" [_thread_blocked, id=18028, stack(0x0000002bf6b00000,0x0000002bf6c00000)]
  0x000001949719b1f0 JavaThread "Build operations Thread 6" [_thread_blocked, id=11024, stack(0x0000002bf6e00000,0x0000002bf6f00000)]
  0x00000194994e9f90 JavaThread "Build operations Thread 7" [_thread_blocked, id=14208, stack(0x0000002bf6f00000,0x0000002bf7000000)]
  0x0000019495eeeab0 JavaThread "C2 CompilerThread1" daemon [_thread_blocked, id=12320, stack(0x0000002bf7100000,0x0000002bf7200000)]
  0x00000194994efab0 JavaThread "Build operations Thread 8" [_thread_blocked, id=18188, stack(0x0000002bf7200000,0x0000002bf7300000)]

Other Threads:
  0x00000194fa21dad0 VMThread "VM Thread" [stack: 0x0000002bf2900000,0x0000002bf2a00000] [id=14500]
  0x00000194df64e450 WatcherThread [stack: 0x0000002bf3500000,0x0000002bf3600000] [id=2108]
  0x00000194df67bf50 GCTaskThread "GC Thread#0" [stack: 0x0000002bf2400000,0x0000002bf2500000] [id=13892]
  0x00000194ff7b2420 GCTaskThread "GC Thread#1" [stack: 0x0000002bf3800000,0x0000002bf3900000] [id=8220]
  0x00000194ff2fb8f0 GCTaskThread "GC Thread#2" [stack: 0x0000002bf3900000,0x0000002bf3a00000] [id=17936]
  0x00000194ff2f9fa0 GCTaskThread "GC Thread#3" [stack: 0x0000002bf3a00000,0x0000002bf3b00000] [id=16280]
  0x00000194ff2fb350 GCTaskThread "GC Thread#4" [stack: 0x0000002bf3b00000,0x0000002bf3c00000] [id=936]
  0x00000194ff2fa540 GCTaskThread "GC Thread#5" [stack: 0x0000002bf3c00000,0x0000002bf3d00000] [id=2432]
  0x00000194ff2fadb0 GCTaskThread "GC Thread#6" [stack: 0x0000002bf4a00000,0x0000002bf4b00000] [id=1472]
  0x000001949807afa0 GCTaskThread "GC Thread#7" [stack: 0x0000002bf4b00000,0x0000002bf4c00000] [id=17640]
  0x00000194df680dc0 ConcurrentGCThread "G1 Main Marker" [stack: 0x0000002bf2500000,0x0000002bf2600000] [id=6504]
  0x00000194df6816f0 ConcurrentGCThread "G1 Conc#0" [stack: 0x0000002bf2600000,0x0000002bf2700000] [id=9384]
  0x000001949807c620 ConcurrentGCThread "G1 Conc#1" [stack: 0x0000002bf4c00000,0x0000002bf4d00000] [id=6808]
  0x00000194df6fd660 ConcurrentGCThread "G1 Refine#0" [stack: 0x0000002bf2700000,0x0000002bf2800000] [id=13876]
  0x000001949948f170 ConcurrentGCThread "G1 Refine#1" [stack: 0x0000002bf6200000,0x0000002bf6300000] [id=3784]
  0x000001949948f470 ConcurrentGCThread "G1 Refine#2" [stack: 0x0000002bf6600000,0x0000002bf6700000] [id=17168]
  0x000001949948f770 ConcurrentGCThread "G1 Refine#3" [stack: 0x0000002bf6700000,0x0000002bf6800000] [id=11252]
  0x00000194df6fde50 ConcurrentGCThread "G1 Service" [stack: 0x0000002bf2800000,0x0000002bf2900000] [id=17160]

Threads with active compile tasks:
C2 CompilerThread0  317255 18734       4       org.gradle.internal.instantiation.generator.AbstractClassGenerator$$Lambda$147/0x00000194811c52a0::test (12 bytes)

VM state: not at safepoint (normal execution)

VM Mutex/Monitor currently owned by a thread: None

Heap address: 0x00000000e0000000, size: 512 MB, Compressed Oops mode: 32-bit

CDS archive(s) mapped at: [0x0000019480000000-0x0000019480bb0000-0x0000019480bb0000), size 12255232, SharedBaseAddress: 0x0000019480000000, ArchiveRelocationMode: 1.
Compressed class space mapped at: 0x0000019481000000-0x0000019495000000, reserved size: 335544320
Narrow klass base: 0x0000019480000000, Narrow klass shift: 0, Narrow klass range: 0x100000000

GC Precious Log:
 CPUs: 8 total, 8 available
 Memory: 20259M
 Large Page Support: Disabled
 NUMA Support: Disabled
 Compressed Oops: Enabled (32-bit)
 Heap Region Size: 1M
 Heap Min Capacity: 256M
 Heap Initial Capacity: 256M
 Heap Max Capacity: 512M
 Pre-touch: Disabled
 Parallel Workers: 8
 Concurrent Workers: 2
 Concurrent Refinement Workers: 8
 Periodic GC: Disabled

Heap:
 garbage-first heap   total 266240K, used 175873K [0x00000000e0000000, 0x0000000100000000)
  region size 1024K, 36 young (36864K), 2 survivors (2048K)
 Metaspace       used 94423K, committed 95744K, reserved 458752K
  class space    used 12876K, committed 13504K, reserved 327680K

Heap Regions: E=young(eden), S=young(survivor), O=old, HS=humongous(starts), HC=humongous(continues), CS=collection set, F=free, OA=open archive, CA=closed archive, TAMS=top-at-mark-start (previous, next)
|   0|0x00000000e0000000, 0x00000000e0100000, 0x00000000e0100000|100%|HS|  |TAMS 0x00000000e0100000, 0x00000000e0000000| Complete 
|   1|0x00000000e0100000, 0x00000000e0200000, 0x00000000e0200000|100%|HC|  |TAMS 0x00000000e0200000, 0x00000000e0100000| Complete 
|   2|0x00000000e0200000, 0x00000000e0300000, 0x00000000e0300000|100%|HC|  |TAMS 0x00000000e0300000, 0x00000000e0200000| Complete 
|   3|0x00000000e0300000, 0x00000000e0400000, 0x00000000e0400000|100%|HC|  |TAMS 0x00000000e0400000, 0x00000000e0300000| Complete 
|   4|0x00000000e0400000, 0x00000000e0500000, 0x00000000e0500000|100%| O|  |TAMS 0x00000000e0500000, 0x00000000e0400000| Untracked 
|   5|0x00000000e0500000, 0x00000000e0600000, 0x00000000e0600000|100%| O|  |TAMS 0x00000000e0600000, 0x00000000e0500000| Untracked 
|   6|0x00000000e0600000, 0x00000000e0700000, 0x00000000e0700000|100%| O|  |TAMS 0x00000000e0700000, 0x00000000e0600000| Untracked 
|   7|0x00000000e0700000, 0x00000000e0800000, 0x00000000e0800000|100%| O|  |TAMS 0x00000000e0800000, 0x00000000e0700000| Untracked 
|   8|0x00000000e0800000, 0x00000000e0900000, 0x00000000e0900000|100%|HS|  |TAMS 0x00000000e0900000, 0x00000000e0800000| Complete 
|   9|0x00000000e0900000, 0x00000000e0a00000, 0x00000000e0a00000|100%| O|  |TAMS 0x00000000e0a00000, 0x00000000e0900000| Untracked 
|  10|0x00000000e0a00000, 0x00000000e0b00000, 0x00000000e0b00000|100%| O|  |TAMS 0x00000000e0b00000, 0x00000000e0a00000| Untracked 
|  11|0x00000000e0b00000, 0x00000000e0c00000, 0x00000000e0c00000|100%| O|  |TAMS 0x00000000e0c00000, 0x00000000e0b00000| Untracked 
|  12|0x00000000e0c00000, 0x00000000e0d00000, 0x00000000e0d00000|100%| O|  |TAMS 0x00000000e0d00000, 0x00000000e0c00000| Untracked 
|  13|0x00000000e0d00000, 0x00000000e0e00000, 0x00000000e0e00000|100%| O|  |TAMS 0x00000000e0e00000, 0x00000000e0d00000| Untracked 
|  14|0x00000000e0e00000, 0x00000000e0f00000, 0x00000000e0f00000|100%| O|  |TAMS 0x00000000e0f00000, 0x00000000e0e00000| Untracked 
|  15|0x00000000e0f00000, 0x00000000e1000000, 0x00000000e1000000|100%|HS|  |TAMS 0x00000000e1000000, 0x00000000e0f00000| Complete 
|  16|0x00000000e1000000, 0x00000000e1100000, 0x00000000e1100000|100%|HC|  |TAMS 0x00000000e1100000, 0x00000000e1000000| Complete 
|  17|0x00000000e1100000, 0x00000000e1200000, 0x00000000e1200000|100%| O|  |TAMS 0x00000000e1200000, 0x00000000e1100000| Untracked 
|  18|0x00000000e1200000, 0x00000000e1300000, 0x00000000e1300000|100%| O|  |TAMS 0x00000000e1300000, 0x00000000e1200000| Untracked 
|  19|0x00000000e1300000, 0x00000000e1400000, 0x00000000e1400000|100%| O|  |TAMS 0x00000000e1400000, 0x00000000e1300000| Untracked 
|  20|0x00000000e1400000, 0x00000000e1500000, 0x00000000e1500000|100%| O|  |TAMS 0x00000000e1500000, 0x00000000e1400000| Untracked 
|  21|0x00000000e1500000, 0x00000000e1600000, 0x00000000e1600000|100%| O|  |TAMS 0x00000000e1600000, 0x00000000e1500000| Untracked 
|  22|0x00000000e1600000, 0x00000000e1700000, 0x00000000e1700000|100%| O|  |TAMS 0x00000000e1700000, 0x00000000e1600000| Untracked 
|  23|0x00000000e1700000, 0x00000000e1800000, 0x00000000e1800000|100%| O|  |TAMS 0x00000000e1800000, 0x00000000e1700000| Untracked 
|  24|0x00000000e1800000, 0x00000000e1900000, 0x00000000e1900000|100%| O|  |TAMS 0x00000000e1900000, 0x00000000e1800000| Untracked 
|  25|0x00000000e1900000, 0x00000000e1a00000, 0x00000000e1a00000|100%| O|  |TAMS 0x00000000e1a00000, 0x00000000e1900000| Untracked 
|  26|0x00000000e1a00000, 0x00000000e1b00000, 0x00000000e1b00000|100%| O|  |TAMS 0x00000000e1b00000, 0x00000000e1a00000| Untracked 
|  27|0x00000000e1b00000, 0x00000000e1c00000, 0x00000000e1c00000|100%| O|  |TAMS 0x00000000e1c00000, 0x00000000e1b00000| Untracked 
|  28|0x00000000e1c00000, 0x00000000e1d00000, 0x00000000e1d00000|100%| O|  |TAMS 0x00000000e1d00000, 0x00000000e1c00000| Untracked 
|  29|0x00000000e1d00000, 0x00000000e1e00000, 0x00000000e1e00000|100%| O|  |TAMS 0x00000000e1e00000, 0x00000000e1d00000| Untracked 
|  30|0x00000000e1e00000, 0x00000000e1f00000, 0x00000000e1f00000|100%| O|  |TAMS 0x00000000e1f00000, 0x00000000e1e00000| Untracked 
|  31|0x00000000e1f00000, 0x00000000e2000000, 0x00000000e2000000|100%| O|  |TAMS 0x00000000e2000000, 0x00000000e1f00000| Untracked 
|  32|0x00000000e2000000, 0x00000000e2100000, 0x00000000e2100000|100%| O|  |TAMS 0x00000000e2100000, 0x00000000e2000000| Untracked 
|  33|0x00000000e2100000, 0x00000000e2200000, 0x00000000e2200000|100%| O|  |TAMS 0x00000000e2200000, 0x00000000e2100000| Untracked 
|  34|0x00000000e2200000, 0x00000000e2300000, 0x00000000e2300000|100%| O|  |TAMS 0x00000000e2300000, 0x00000000e2200000| Untracked 
|  35|0x00000000e2300000, 0x00000000e2400000, 0x00000000e2400000|100%| O|  |TAMS 0x00000000e2400000, 0x00000000e2300000| Untracked 
|  36|0x00000000e2400000, 0x00000000e2500000, 0x00000000e2500000|100%| O|  |TAMS 0x00000000e2500000, 0x00000000e2400000| Untracked 
|  37|0x00000000e2500000, 0x00000000e2600000, 0x00000000e2600000|100%| O|  |TAMS 0x00000000e2600000, 0x00000000e2500000| Untracked 
|  38|0x00000000e2600000, 0x00000000e2700000, 0x00000000e2700000|100%| O|  |TAMS 0x00000000e2700000, 0x00000000e2600000| Untracked 
|  39|0x00000000e2700000, 0x00000000e2800000, 0x00000000e2800000|100%| O|  |TAMS 0x00000000e2800000, 0x00000000e2700000| Untracked 
|  40|0x00000000e2800000, 0x00000000e2900000, 0x00000000e2900000|100%| O|  |TAMS 0x00000000e2900000, 0x00000000e2800000| Untracked 
|  41|0x00000000e2900000, 0x00000000e2a00000, 0x00000000e2a00000|100%| O|  |TAMS 0x00000000e2a00000, 0x00000000e2900000| Untracked 
|  42|0x00000000e2a00000, 0x00000000e2b00000, 0x00000000e2b00000|100%| O|  |TAMS 0x00000000e2b00000, 0x00000000e2a00000| Untracked 
|  43|0x00000000e2b00000, 0x00000000e2c00000, 0x00000000e2c00000|100%| O|  |TAMS 0x00000000e2c00000, 0x00000000e2b00000| Untracked 
|  44|0x00000000e2c00000, 0x00000000e2d00000, 0x00000000e2d00000|100%| O|  |TAMS 0x00000000e2d00000, 0x00000000e2c00000| Untracked 
|  45|0x00000000e2d00000, 0x00000000e2e00000, 0x00000000e2e00000|100%| O|  |TAMS 0x00000000e2e00000, 0x00000000e2d00000| Untracked 
|  46|0x00000000e2e00000, 0x00000000e2f00000, 0x00000000e2f00000|100%| O|  |TAMS 0x00000000e2f00000, 0x00000000e2e00000| Untracked 
|  47|0x00000000e2f00000, 0x00000000e3000000, 0x00000000e3000000|100%| O|  |TAMS 0x00000000e3000000, 0x00000000e2f00000| Untracked 
|  48|0x00000000e3000000, 0x00000000e3100000, 0x00000000e3100000|100%| O|  |TAMS 0x00000000e3100000, 0x00000000e3000000| Untracked 
|  49|0x00000000e3100000, 0x00000000e3200000, 0x00000000e3200000|100%| O|  |TAMS 0x00000000e3200000, 0x00000000e3100000| Untracked 
|  50|0x00000000e3200000, 0x00000000e3300000, 0x00000000e3300000|100%| O|  |TAMS 0x00000000e3300000, 0x00000000e3200000| Untracked 
|  51|0x00000000e3300000, 0x00000000e3400000, 0x00000000e3400000|100%| O|  |TAMS 0x00000000e3400000, 0x00000000e3300000| Untracked 
|  52|0x00000000e3400000, 0x00000000e3500000, 0x00000000e3500000|100%| O|  |TAMS 0x00000000e3500000, 0x00000000e3400000| Untracked 
|  53|0x00000000e3500000, 0x00000000e3600000, 0x00000000e3600000|100%| O|  |TAMS 0x00000000e3600000, 0x00000000e3500000| Untracked 
|  54|0x00000000e3600000, 0x00000000e3700000, 0x00000000e3700000|100%| O|  |TAMS 0x00000000e3700000, 0x00000000e3600000| Untracked 
|  55|0x00000000e3700000, 0x00000000e3800000, 0x00000000e3800000|100%| O|  |TAMS 0x00000000e3800000, 0x00000000e3700000| Untracked 
|  56|0x00000000e3800000, 0x00000000e3900000, 0x00000000e3900000|100%| O|  |TAMS 0x00000000e3900000, 0x00000000e3800000| Untracked 
|  57|0x00000000e3900000, 0x00000000e3a00000, 0x00000000e3a00000|100%| O|  |TAMS 0x00000000e3a00000, 0x00000000e3900000| Untracked 
|  58|0x00000000e3a00000, 0x00000000e3b00000, 0x00000000e3b00000|100%| O|  |TAMS 0x00000000e3b00000, 0x00000000e3a00000| Untracked 
|  59|0x00000000e3b00000, 0x00000000e3c00000, 0x00000000e3c00000|100%| O|  |TAMS 0x00000000e3c00000, 0x00000000e3b00000| Untracked 
|  60|0x00000000e3c00000, 0x00000000e3c00000, 0x00000000e3d00000|  0%| F|  |TAMS 0x00000000e3c00000, 0x00000000e3c00000| Untracked 
|  61|0x00000000e3d00000, 0x00000000e3e00000, 0x00000000e3e00000|100%| O|  |TAMS 0x00000000e3e00000, 0x00000000e3d00000| Untracked 
|  62|0x00000000e3e00000, 0x00000000e3f00000, 0x00000000e3f00000|100%| O|  |TAMS 0x00000000e3f00000, 0x00000000e3e00000| Untracked 
|  63|0x00000000e3f00000, 0x00000000e4000000, 0x00000000e4000000|100%|HS|  |TAMS 0x00000000e4000000, 0x00000000e3f00000| Complete 
|  64|0x00000000e4000000, 0x00000000e4100000, 0x00000000e4100000|100%|HC|  |TAMS 0x00000000e4100000, 0x00000000e4000000| Complete 
|  65|0x00000000e4100000, 0x00000000e4200000, 0x00000000e4200000|100%|HC|  |TAMS 0x00000000e4200000, 0x00000000e4100000| Complete 
|  66|0x00000000e4200000, 0x00000000e4300000, 0x00000000e4300000|100%|HC|  |TAMS 0x00000000e4300000, 0x00000000e4200000| Complete 
|  67|0x00000000e4300000, 0x00000000e4400000, 0x00000000e4400000|100%|HC|  |TAMS 0x00000000e4400000, 0x00000000e4300000| Complete 
|  68|0x00000000e4400000, 0x00000000e4500000, 0x00000000e4500000|100%|HC|  |TAMS 0x00000000e4500000, 0x00000000e4400000| Complete 
|  69|0x00000000e4500000, 0x00000000e4600000, 0x00000000e4600000|100%|HS|  |TAMS 0x00000000e4600000, 0x00000000e4500000| Complete 
|  70|0x00000000e4600000, 0x00000000e4700000, 0x00000000e4700000|100%|HC|  |TAMS 0x00000000e4700000, 0x00000000e4600000| Complete 
|  71|0x00000000e4700000, 0x00000000e4800000, 0x00000000e4800000|100%|HS|  |TAMS 0x00000000e4800000, 0x00000000e4700000| Complete 
|  72|0x00000000e4800000, 0x00000000e4900000, 0x00000000e4900000|100%|HS|  |TAMS 0x00000000e4900000, 0x00000000e4800000| Complete 
|  73|0x00000000e4900000, 0x00000000e4a00000, 0x00000000e4a00000|100%|HC|  |TAMS 0x00000000e4a00000, 0x00000000e4900000| Complete 
|  74|0x00000000e4a00000, 0x00000000e4b00000, 0x00000000e4b00000|100%|HC|  |TAMS 0x00000000e4b00000, 0x00000000e4a00000| Complete 
|  75|0x00000000e4b00000, 0x00000000e4c00000, 0x00000000e4c00000|100%|HC|  |TAMS 0x00000000e4c00000, 0x00000000e4b00000| Complete 
|  76|0x00000000e4c00000, 0x00000000e4d00000, 0x00000000e4d00000|100%|HC|  |TAMS 0x00000000e4d00000, 0x00000000e4c00000| Complete 
|  77|0x00000000e4d00000, 0x00000000e4e00000, 0x00000000e4e00000|100%|HC|  |TAMS 0x00000000e4e00000, 0x00000000e4d00000| Complete 
|  78|0x00000000e4e00000, 0x00000000e4f00000, 0x00000000e4f00000|100%|HS|  |TAMS 0x00000000e4f00000, 0x00000000e4e00000| Complete 
|  79|0x00000000e4f00000, 0x00000000e5000000, 0x00000000e5000000|100%|HC|  |TAMS 0x00000000e5000000, 0x00000000e4f00000| Complete 
|  80|0x00000000e5000000, 0x00000000e5100000, 0x00000000e5100000|100%|HS|  |TAMS 0x00000000e5100000, 0x00000000e5000000| Complete 
|  81|0x00000000e5100000, 0x00000000e5200000, 0x00000000e5200000|100%|HS|  |TAMS 0x00000000e5200000, 0x00000000e5100000| Complete 
|  82|0x00000000e5200000, 0x00000000e5300000, 0x00000000e5300000|100%|HC|  |TAMS 0x00000000e5300000, 0x00000000e5200000| Complete 
|  83|0x00000000e5300000, 0x00000000e5400000, 0x00000000e5400000|100%| O|  |TAMS 0x00000000e5400000, 0x00000000e5300000| Untracked 
|  84|0x00000000e5400000, 0x00000000e5500000, 0x00000000e5500000|100%| O|  |TAMS 0x00000000e5500000, 0x00000000e5400000| Untracked 
|  85|0x00000000e5500000, 0x00000000e5600000, 0x00000000e5600000|100%| O|  |TAMS 0x00000000e5600000, 0x00000000e5500000| Untracked 
|  86|0x00000000e5600000, 0x00000000e5700000, 0x00000000e5700000|100%| O|  |TAMS 0x00000000e5700000, 0x00000000e5600000| Untracked 
|  87|0x00000000e5700000, 0x00000000e5700000, 0x00000000e5800000|  0%| F|  |TAMS 0x00000000e5700000, 0x00000000e5700000| Untracked 
|  88|0x00000000e5800000, 0x00000000e5900000, 0x00000000e5900000|100%| O|  |TAMS 0x00000000e5900000, 0x00000000e5800000| Untracked 
|  89|0x00000000e5900000, 0x00000000e5a00000, 0x00000000e5a00000|100%| O|  |TAMS 0x00000000e5a00000, 0x00000000e5900000| Untracked 
|  90|0x00000000e5a00000, 0x00000000e5b00000, 0x00000000e5b00000|100%| O|  |TAMS 0x00000000e5b00000, 0x00000000e5a00000| Untracked 
|  91|0x00000000e5b00000, 0x00000000e5c00000, 0x00000000e5c00000|100%| O|  |TAMS 0x00000000e5b00000, 0x00000000e5b00000| Untracked 
|  92|0x00000000e5c00000, 0x00000000e5d00000, 0x00000000e5d00000|100%| O|  |TAMS 0x00000000e5c00000, 0x00000000e5c00000| Untracked 
|  93|0x00000000e5d00000, 0x00000000e5e00000, 0x00000000e5e00000|100%| O|  |TAMS 0x00000000e5e00000, 0x00000000e5d00000| Untracked 
|  94|0x00000000e5e00000, 0x00000000e5f00000, 0x00000000e5f00000|100%| O|  |TAMS 0x00000000e5f00000, 0x00000000e5e00000| Untracked 
|  95|0x00000000e5f00000, 0x00000000e6000000, 0x00000000e6000000|100%| O|  |TAMS 0x00000000e6000000, 0x00000000e5f00000| Untracked 
|  96|0x00000000e6000000, 0x00000000e6100000, 0x00000000e6100000|100%| O|  |TAMS 0x00000000e6100000, 0x00000000e6000000| Untracked 
|  97|0x00000000e6100000, 0x00000000e6200000, 0x00000000e6200000|100%| O|  |TAMS 0x00000000e6200000, 0x00000000e6100000| Untracked 
|  98|0x00000000e6200000, 0x00000000e6300000, 0x00000000e6300000|100%| O|  |TAMS 0x00000000e6300000, 0x00000000e6200000| Untracked 
|  99|0x00000000e6300000, 0x00000000e6400000, 0x00000000e6400000|100%| O|  |TAMS 0x00000000e6400000, 0x00000000e6300000| Untracked 
| 100|0x00000000e6400000, 0x00000000e6500000, 0x00000000e6500000|100%| O|  |TAMS 0x00000000e6500000, 0x00000000e6400000| Untracked 
| 101|0x00000000e6500000, 0x00000000e6600000, 0x00000000e6600000|100%| O|  |TAMS 0x00000000e6600000, 0x00000000e6500000| Untracked 
| 102|0x00000000e6600000, 0x00000000e6700000, 0x00000000e6700000|100%| O|  |TAMS 0x00000000e6700000, 0x00000000e6600000| Untracked 
| 103|0x00000000e6700000, 0x00000000e6800000, 0x00000000e6800000|100%| O|  |TAMS 0x00000000e6700000, 0x00000000e6700000| Untracked 
| 104|0x00000000e6800000, 0x00000000e6900000, 0x00000000e6900000|100%| O|  |TAMS 0x00000000e6900000, 0x00000000e6800000| Untracked 
| 105|0x00000000e6900000, 0x00000000e6a00000, 0x00000000e6a00000|100%| O|  |TAMS 0x00000000e6a00000, 0x00000000e6900000| Untracked 
| 106|0x00000000e6a00000, 0x00000000e6b00000, 0x00000000e6b00000|100%| O|  |TAMS 0x00000000e6b00000, 0x00000000e6a00000| Untracked 
| 107|0x00000000e6b00000, 0x00000000e6c00000, 0x00000000e6c00000|100%| O|  |TAMS 0x00000000e6b00000, 0x00000000e6b00000| Untracked 
| 108|0x00000000e6c00000, 0x00000000e6d00000, 0x00000000e6d00000|100%| O|  |TAMS 0x00000000e6c00000, 0x00000000e6c00000| Untracked 
| 109|0x00000000e6d00000, 0x00000000e6e00000, 0x00000000e6e00000|100%| O|  |TAMS 0x00000000e6d00000, 0x00000000e6d00000| Untracked 
| 110|0x00000000e6e00000, 0x00000000e6f00000, 0x00000000e6f00000|100%| O|  |TAMS 0x00000000e6f00000, 0x00000000e6e00000| Untracked 
| 111|0x00000000e6f00000, 0x00000000e7000000, 0x00000000e7000000|100%| O|  |TAMS 0x00000000e6f00000, 0x00000000e6f00000| Untracked 
| 112|0x00000000e7000000, 0x00000000e7100000, 0x00000000e7100000|100%| O|  |TAMS 0x00000000e7100000, 0x00000000e7000000| Untracked 
| 113|0x00000000e7100000, 0x00000000e7200000, 0x00000000e7200000|100%| O|  |TAMS 0x00000000e7200000, 0x00000000e7100000| Untracked 
| 114|0x00000000e7200000, 0x00000000e7300000, 0x00000000e7300000|100%| O|  |TAMS 0x00000000e7300000, 0x00000000e7200000| Untracked 
| 115|0x00000000e7300000, 0x00000000e7400000, 0x00000000e7400000|100%| O|  |TAMS 0x00000000e7300000, 0x00000000e7300000| Untracked 
| 116|0x00000000e7400000, 0x00000000e7500000, 0x00000000e7500000|100%| O|  |TAMS 0x00000000e7400000, 0x00000000e7400000| Untracked 
| 117|0x00000000e7500000, 0x00000000e7600000, 0x00000000e7600000|100%| O|  |TAMS 0x00000000e7600000, 0x00000000e7500000| Untracked 
| 118|0x00000000e7600000, 0x00000000e7700000, 0x00000000e7700000|100%| O|  |TAMS 0x00000000e7700000, 0x00000000e7600000| Untracked 
| 119|0x00000000e7700000, 0x00000000e7700000, 0x00000000e7800000|  0%| F|  |TAMS 0x00000000e7700000, 0x00000000e7700000| Untracked 
| 120|0x00000000e7800000, 0x00000000e7900000, 0x00000000e7900000|100%| O|  |TAMS 0x00000000e7900000, 0x00000000e7800000| Untracked 
| 121|0x00000000e7900000, 0x00000000e7a00000, 0x00000000e7a00000|100%| O|  |TAMS 0x00000000e7a00000, 0x00000000e7900000| Untracked 
| 122|0x00000000e7a00000, 0x00000000e7b00000, 0x00000000e7b00000|100%| O|  |TAMS 0x00000000e7b00000, 0x00000000e7a00000| Untracked 
| 123|0x00000000e7b00000, 0x00000000e7c00000, 0x00000000e7c00000|100%| O|  |TAMS 0x00000000e7c00000, 0x00000000e7b00000| Untracked 
| 124|0x00000000e7c00000, 0x00000000e7d00000, 0x00000000e7d00000|100%| O|  |TAMS 0x00000000e7d00000, 0x00000000e7c00000| Untracked 
| 125|0x00000000e7d00000, 0x00000000e7e00000, 0x00000000e7e00000|100%| O|  |TAMS 0x00000000e7e00000, 0x00000000e7d00000| Untracked 
| 126|0x00000000e7e00000, 0x00000000e7f00000, 0x00000000e7f00000|100%| O|  |TAMS 0x00000000e7f00000, 0x00000000e7e00000| Untracked 
| 127|0x00000000e7f00000, 0x00000000e8000000, 0x00000000e8000000|100%| O|  |TAMS 0x00000000e8000000, 0x00000000e7f00000| Untracked 
| 128|0x00000000e8000000, 0x00000000e8100000, 0x00000000e8100000|100%| O|  |TAMS 0x00000000e8100000, 0x00000000e8000000| Untracked 
| 129|0x00000000e8100000, 0x00000000e8200000, 0x00000000e8200000|100%| O|  |TAMS 0x00000000e8200000, 0x00000000e8100000| Untracked 
| 130|0x00000000e8200000, 0x00000000e8300000, 0x00000000e8300000|100%| O|  |TAMS 0x00000000e8300000, 0x00000000e8200000| Untracked 
| 131|0x00000000e8300000, 0x00000000e83a2200, 0x00000000e8400000| 63%| O|  |TAMS 0x00000000e8300000, 0x00000000e8300000| Untracked 
| 132|0x00000000e8400000, 0x00000000e8400000, 0x00000000e8500000|  0%| F|  |TAMS 0x00000000e8400000, 0x00000000e8400000| Untracked 
| 133|0x00000000e8500000, 0x00000000e8500000, 0x00000000e8600000|  0%| F|  |TAMS 0x00000000e8500000, 0x00000000e8500000| Untracked 
| 134|0x00000000e8600000, 0x00000000e8700000, 0x00000000e8700000|100%| O|  |TAMS 0x00000000e8700000, 0x00000000e8600000| Untracked 
| 135|0x00000000e8700000, 0x00000000e8700000, 0x00000000e8800000|  0%| F|  |TAMS 0x00000000e8700000, 0x00000000e8700000| Untracked 
| 136|0x00000000e8800000, 0x00000000e8800000, 0x00000000e8900000|  0%| F|  |TAMS 0x00000000e8800000, 0x00000000e8800000| Untracked 
| 137|0x00000000e8900000, 0x00000000e8900000, 0x00000000e8a00000|  0%| F|  |TAMS 0x00000000e8900000, 0x00000000e8900000| Untracked 
| 138|0x00000000e8a00000, 0x00000000e8a00000, 0x00000000e8b00000|  0%| F|  |TAMS 0x00000000e8a00000, 0x00000000e8a00000| Untracked 
| 139|0x00000000e8b00000, 0x00000000e8c00000, 0x00000000e8c00000|100%| O|  |TAMS 0x00000000e8c00000, 0x00000000e8b00000| Untracked 
| 140|0x00000000e8c00000, 0x00000000e8d00000, 0x00000000e8d00000|100%| O|  |TAMS 0x00000000e8d00000, 0x00000000e8c00000| Untracked 
| 141|0x00000000e8d00000, 0x00000000e8e00000, 0x00000000e8e00000|100%| O|  |TAMS 0x00000000e8e00000, 0x00000000e8d00000| Untracked 
| 142|0x00000000e8e00000, 0x00000000e8f00000, 0x00000000e8f00000|100%| O|  |TAMS 0x00000000e8f00000, 0x00000000e8e00000| Untracked 
| 143|0x00000000e8f00000, 0x00000000e9000000, 0x00000000e9000000|100%| O|  |TAMS 0x00000000e9000000, 0x00000000e8f00000| Untracked 
| 144|0x00000000e9000000, 0x00000000e9100000, 0x00000000e9100000|100%| O|  |TAMS 0x00000000e9100000, 0x00000000e9000000| Untracked 
| 145|0x00000000e9100000, 0x00000000e9200000, 0x00000000e9200000|100%| O|  |TAMS 0x00000000e9200000, 0x00000000e9100000| Untracked 
| 146|0x00000000e9200000, 0x00000000e9300000, 0x00000000e9300000|100%| O|  |TAMS 0x00000000e9300000, 0x00000000e9200000| Untracked 
| 147|0x00000000e9300000, 0x00000000e9400000, 0x00000000e9400000|100%| O|  |TAMS 0x00000000e9400000, 0x00000000e9300000| Untracked 
| 148|0x00000000e9400000, 0x00000000e9400000, 0x00000000e9500000|  0%| F|  |TAMS 0x00000000e9400000, 0x00000000e9400000| Untracked 
| 149|0x00000000e9500000, 0x00000000e9500000, 0x00000000e9600000|  0%| F|  |TAMS 0x00000000e9500000, 0x00000000e9500000| Untracked 
| 150|0x00000000e9600000, 0x00000000e9600000, 0x00000000e9700000|  0%| F|  |TAMS 0x00000000e9600000, 0x00000000e9600000| Untracked 
| 151|0x00000000e9700000, 0x00000000e9700000, 0x00000000e9800000|  0%| F|  |TAMS 0x00000000e9700000, 0x00000000e9700000| Untracked 
| 152|0x00000000e9800000, 0x00000000e9800000, 0x00000000e9900000|  0%| F|  |TAMS 0x00000000e9800000, 0x00000000e9800000| Untracked 
| 153|0x00000000e9900000, 0x00000000e9900000, 0x00000000e9a00000|  0%| F|  |TAMS 0x00000000e9900000, 0x00000000e9900000| Untracked 
| 154|0x00000000e9a00000, 0x00000000e9a00000, 0x00000000e9b00000|  0%| F|  |TAMS 0x00000000e9a00000, 0x00000000e9a00000| Untracked 
| 155|0x00000000e9b00000, 0x00000000e9b00000, 0x00000000e9c00000|  0%| F|  |TAMS 0x00000000e9b00000, 0x00000000e9b00000| Untracked 
| 156|0x00000000e9c00000, 0x00000000e9c00000, 0x00000000e9d00000|  0%| F|  |TAMS 0x00000000e9c00000, 0x00000000e9c00000| Untracked 
| 157|0x00000000e9d00000, 0x00000000e9d00000, 0x00000000e9e00000|  0%| F|  |TAMS 0x00000000e9d00000, 0x00000000e9d00000| Untracked 
| 158|0x00000000e9e00000, 0x00000000e9e00000, 0x00000000e9f00000|  0%| F|  |TAMS 0x00000000e9e00000, 0x00000000e9e00000| Untracked 
| 159|0x00000000e9f00000, 0x00000000e9f00000, 0x00000000ea000000|  0%| F|  |TAMS 0x00000000e9f00000, 0x00000000e9f00000| Untracked 
| 160|0x00000000ea000000, 0x00000000ea000000, 0x00000000ea100000|  0%| F|  |TAMS 0x00000000ea000000, 0x00000000ea000000| Untracked 
| 161|0x00000000ea100000, 0x00000000ea100000, 0x00000000ea200000|  0%| F|  |TAMS 0x00000000ea100000, 0x00000000ea100000| Untracked 
| 162|0x00000000ea200000, 0x00000000ea200000, 0x00000000ea300000|  0%| F|  |TAMS 0x00000000ea200000, 0x00000000ea200000| Untracked 
| 163|0x00000000ea300000, 0x00000000ea300000, 0x00000000ea400000|  0%| F|  |TAMS 0x00000000ea300000, 0x00000000ea300000| Untracked 
| 164|0x00000000ea400000, 0x00000000ea400000, 0x00000000ea500000|  0%| F|  |TAMS 0x00000000ea400000, 0x00000000ea400000| Untracked 
| 165|0x00000000ea500000, 0x00000000ea500000, 0x00000000ea600000|  0%| F|  |TAMS 0x00000000ea500000, 0x00000000ea500000| Untracked 
| 166|0x00000000ea600000, 0x00000000ea600000, 0x00000000ea700000|  0%| F|  |TAMS 0x00000000ea600000, 0x00000000ea600000| Untracked 
| 167|0x00000000ea700000, 0x00000000ea700000, 0x00000000ea800000|  0%| F|  |TAMS 0x00000000ea700000, 0x00000000ea700000| Untracked 
| 168|0x00000000ea800000, 0x00000000ea800000, 0x00000000ea900000|  0%| F|  |TAMS 0x00000000ea800000, 0x00000000ea800000| Untracked 
| 169|0x00000000ea900000, 0x00000000ea900000, 0x00000000eaa00000|  0%| F|  |TAMS 0x00000000ea900000, 0x00000000ea900000| Untracked 
| 170|0x00000000eaa00000, 0x00000000eaa00000, 0x00000000eab00000|  0%| F|  |TAMS 0x00000000eaa00000, 0x00000000eaa00000| Untracked 
| 171|0x00000000eab00000, 0x00000000eab00000, 0x00000000eac00000|  0%| F|  |TAMS 0x00000000eab00000, 0x00000000eab00000| Untracked 
| 172|0x00000000eac00000, 0x00000000eac00000, 0x00000000ead00000|  0%| F|  |TAMS 0x00000000eac00000, 0x00000000eac00000| Untracked 
| 173|0x00000000ead00000, 0x00000000ead00000, 0x00000000eae00000|  0%| F|  |TAMS 0x00000000ead00000, 0x00000000ead00000| Untracked 
| 174|0x00000000eae00000, 0x00000000eae00000, 0x00000000eaf00000|  0%| F|  |TAMS 0x00000000eae00000, 0x00000000eae00000| Untracked 
| 175|0x00000000eaf00000, 0x00000000eaf00000, 0x00000000eb000000|  0%| F|  |TAMS 0x00000000eaf00000, 0x00000000eaf00000| Untracked 
| 176|0x00000000eb000000, 0x00000000eb000000, 0x00000000eb100000|  0%| F|  |TAMS 0x00000000eb000000, 0x00000000eb000000| Untracked 
| 177|0x00000000eb100000, 0x00000000eb100000, 0x00000000eb200000|  0%| F|  |TAMS 0x00000000eb100000, 0x00000000eb100000| Untracked 
| 178|0x00000000eb200000, 0x00000000eb200000, 0x00000000eb300000|  0%| F|  |TAMS 0x00000000eb200000, 0x00000000eb200000| Untracked 
| 179|0x00000000eb300000, 0x00000000eb300000, 0x00000000eb400000|  0%| F|  |TAMS 0x00000000eb300000, 0x00000000eb300000| Untracked 
| 180|0x00000000eb400000, 0x00000000eb400000, 0x00000000eb500000|  0%| F|  |TAMS 0x00000000eb400000, 0x00000000eb400000| Untracked 
| 181|0x00000000eb500000, 0x00000000eb500000, 0x00000000eb600000|  0%| F|  |TAMS 0x00000000eb500000, 0x00000000eb500000| Untracked 
| 182|0x00000000eb600000, 0x00000000eb600000, 0x00000000eb700000|  0%| F|  |TAMS 0x00000000eb600000, 0x00000000eb600000| Untracked 
| 183|0x00000000eb700000, 0x00000000eb700000, 0x00000000eb800000|  0%| F|  |TAMS 0x00000000eb700000, 0x00000000eb700000| Untracked 
| 184|0x00000000eb800000, 0x00000000eb800000, 0x00000000eb900000|  0%| F|  |TAMS 0x00000000eb800000, 0x00000000eb800000| Untracked 
| 185|0x00000000eb900000, 0x00000000eb900000, 0x00000000eba00000|  0%| F|  |TAMS 0x00000000eb900000, 0x00000000eb900000| Untracked 
| 186|0x00000000eba00000, 0x00000000eba00000, 0x00000000ebb00000|  0%| F|  |TAMS 0x00000000eba00000, 0x00000000eba00000| Untracked 
| 187|0x00000000ebb00000, 0x00000000ebb00000, 0x00000000ebc00000|  0%| F|  |TAMS 0x00000000ebb00000, 0x00000000ebb00000| Untracked 
| 188|0x00000000ebc00000, 0x00000000ebc00000, 0x00000000ebd00000|  0%| F|  |TAMS 0x00000000ebc00000, 0x00000000ebc00000| Untracked 
| 189|0x00000000ebd00000, 0x00000000ebd00000, 0x00000000ebe00000|  0%| F|  |TAMS 0x00000000ebd00000, 0x00000000ebd00000| Untracked 
| 190|0x00000000ebe00000, 0x00000000ebe00000, 0x00000000ebf00000|  0%| F|  |TAMS 0x00000000ebe00000, 0x00000000ebe00000| Untracked 
| 191|0x00000000ebf00000, 0x00000000ebf00000, 0x00000000ec000000|  0%| F|  |TAMS 0x00000000ebf00000, 0x00000000ebf00000| Untracked 
| 192|0x00000000ec000000, 0x00000000ec000000, 0x00000000ec100000|  0%| F|  |TAMS 0x00000000ec000000, 0x00000000ec000000| Untracked 
| 193|0x00000000ec100000, 0x00000000ec100000, 0x00000000ec200000|  0%| F|  |TAMS 0x00000000ec100000, 0x00000000ec100000| Untracked 
| 194|0x00000000ec200000, 0x00000000ec200000, 0x00000000ec300000|  0%| F|  |TAMS 0x00000000ec200000, 0x00000000ec200000| Untracked 
| 195|0x00000000ec300000, 0x00000000ec300000, 0x00000000ec400000|  0%| F|  |TAMS 0x00000000ec300000, 0x00000000ec300000| Untracked 
| 196|0x00000000ec400000, 0x00000000ec400000, 0x00000000ec500000|  0%| F|  |TAMS 0x00000000ec400000, 0x00000000ec400000| Untracked 
| 197|0x00000000ec500000, 0x00000000ec500000, 0x00000000ec600000|  0%| F|  |TAMS 0x00000000ec500000, 0x00000000ec500000| Untracked 
| 198|0x00000000ec600000, 0x00000000ec600000, 0x00000000ec700000|  0%| F|  |TAMS 0x00000000ec600000, 0x00000000ec600000| Untracked 
| 199|0x00000000ec700000, 0x00000000ec700000, 0x00000000ec800000|  0%| F|  |TAMS 0x00000000ec700000, 0x00000000ec700000| Untracked 
| 200|0x00000000ec800000, 0x00000000ec800000, 0x00000000ec900000|  0%| F|  |TAMS 0x00000000ec800000, 0x00000000ec800000| Untracked 
| 201|0x00000000ec900000, 0x00000000ec900000, 0x00000000eca00000|  0%| F|  |TAMS 0x00000000ec900000, 0x00000000ec900000| Untracked 
| 202|0x00000000eca00000, 0x00000000eca00000, 0x00000000ecb00000|  0%| F|  |TAMS 0x00000000eca00000, 0x00000000eca00000| Untracked 
| 203|0x00000000ecb00000, 0x00000000ecb00000, 0x00000000ecc00000|  0%| F|  |TAMS 0x00000000ecb00000, 0x00000000ecb00000| Untracked 
| 204|0x00000000ecc00000, 0x00000000ecc00000, 0x00000000ecd00000|  0%| F|  |TAMS 0x00000000ecc00000, 0x00000000ecc00000| Untracked 
| 205|0x00000000ecd00000, 0x00000000ecd00000, 0x00000000ece00000|  0%| F|  |TAMS 0x00000000ecd00000, 0x00000000ecd00000| Untracked 
| 206|0x00000000ece00000, 0x00000000ece00000, 0x00000000ecf00000|  0%| F|  |TAMS 0x00000000ece00000, 0x00000000ece00000| Untracked 
| 207|0x00000000ecf00000, 0x00000000ecf00000, 0x00000000ed000000|  0%| F|  |TAMS 0x00000000ecf00000, 0x00000000ecf00000| Untracked 
| 208|0x00000000ed000000, 0x00000000ed000000, 0x00000000ed100000|  0%| F|  |TAMS 0x00000000ed000000, 0x00000000ed000000| Untracked 
| 209|0x00000000ed100000, 0x00000000ed100000, 0x00000000ed200000|  0%| F|  |TAMS 0x00000000ed100000, 0x00000000ed100000| Untracked 
| 210|0x00000000ed200000, 0x00000000ed200000, 0x00000000ed300000|  0%| F|  |TAMS 0x00000000ed200000, 0x00000000ed200000| Untracked 
| 211|0x00000000ed300000, 0x00000000ed300000, 0x00000000ed400000|  0%| F|  |TAMS 0x00000000ed300000, 0x00000000ed300000| Untracked 
| 212|0x00000000ed400000, 0x00000000ed400000, 0x00000000ed500000|  0%| F|  |TAMS 0x00000000ed400000, 0x00000000ed400000| Untracked 
| 213|0x00000000ed500000, 0x00000000ed500000, 0x00000000ed600000|  0%| F|  |TAMS 0x00000000ed500000, 0x00000000ed500000| Untracked 
| 214|0x00000000ed600000, 0x00000000ed600000, 0x00000000ed700000|  0%| F|  |TAMS 0x00000000ed600000, 0x00000000ed600000| Untracked 
| 215|0x00000000ed700000, 0x00000000ed700000, 0x00000000ed800000|  0%| F|  |TAMS 0x00000000ed700000, 0x00000000ed700000| Untracked 
| 216|0x00000000ed800000, 0x00000000ed800000, 0x00000000ed900000|  0%| F|  |TAMS 0x00000000ed800000, 0x00000000ed800000| Untracked 
| 217|0x00000000ed900000, 0x00000000ed900000, 0x00000000eda00000|  0%| F|  |TAMS 0x00000000ed900000, 0x00000000ed900000| Untracked 
| 218|0x00000000eda00000, 0x00000000eda00000, 0x00000000edb00000|  0%| F|  |TAMS 0x00000000eda00000, 0x00000000eda00000| Untracked 
| 219|0x00000000edb00000, 0x00000000edb00000, 0x00000000edc00000|  0%| F|  |TAMS 0x00000000edb00000, 0x00000000edb00000| Untracked 
| 220|0x00000000edc00000, 0x00000000edc00000, 0x00000000edd00000|  0%| F|  |TAMS 0x00000000edc00000, 0x00000000edc00000| Untracked 
| 221|0x00000000edd00000, 0x00000000edd00000, 0x00000000ede00000|  0%| F|  |TAMS 0x00000000edd00000, 0x00000000edd00000| Untracked 
| 222|0x00000000ede00000, 0x00000000ede00000, 0x00000000edf00000|  0%| F|  |TAMS 0x00000000ede00000, 0x00000000ede00000| Untracked 
| 223|0x00000000edf00000, 0x00000000edf00000, 0x00000000ee000000|  0%| F|  |TAMS 0x00000000edf00000, 0x00000000edf00000| Untracked 
| 224|0x00000000ee000000, 0x00000000ee0034a0, 0x00000000ee100000|  1%| E|  |TAMS 0x00000000ee000000, 0x00000000ee000000| Complete 
| 225|0x00000000ee100000, 0x00000000ee200000, 0x00000000ee200000|100%| E|CS|TAMS 0x00000000ee100000, 0x00000000ee100000| Complete 
| 226|0x00000000ee200000, 0x00000000ee300000, 0x00000000ee300000|100%| E|CS|TAMS 0x00000000ee200000, 0x00000000ee200000| Complete 
| 227|0x00000000ee300000, 0x00000000ee400000, 0x00000000ee400000|100%| E|CS|TAMS 0x00000000ee300000, 0x00000000ee300000| Complete 
| 228|0x00000000ee400000, 0x00000000ee500000, 0x00000000ee500000|100%| E|CS|TAMS 0x00000000ee400000, 0x00000000ee400000| Complete 
| 229|0x00000000ee500000, 0x00000000ee600000, 0x00000000ee600000|100%| E|CS|TAMS 0x00000000ee500000, 0x00000000ee500000| Complete 
| 230|0x00000000ee600000, 0x00000000ee700000, 0x00000000ee700000|100%| E|CS|TAMS 0x00000000ee600000, 0x00000000ee600000| Complete 
| 231|0x00000000ee700000, 0x00000000ee800000, 0x00000000ee800000|100%| E|CS|TAMS 0x00000000ee700000, 0x00000000ee700000| Complete 
| 232|0x00000000ee800000, 0x00000000ee900000, 0x00000000ee900000|100%| E|CS|TAMS 0x00000000ee800000, 0x00000000ee800000| Complete 
| 233|0x00000000ee900000, 0x00000000eea00000, 0x00000000eea00000|100%| E|CS|TAMS 0x00000000ee900000, 0x00000000ee900000| Complete 
| 234|0x00000000eea00000, 0x00000000eeb00000, 0x00000000eeb00000|100%| E|CS|TAMS 0x00000000eea00000, 0x00000000eea00000| Complete 
| 235|0x00000000eeb00000, 0x00000000eec00000, 0x00000000eec00000|100%| E|CS|TAMS 0x00000000eeb00000, 0x00000000eeb00000| Complete 
| 236|0x00000000eec00000, 0x00000000eed00000, 0x00000000eed00000|100%| E|CS|TAMS 0x00000000eec00000, 0x00000000eec00000| Complete 
| 237|0x00000000eed00000, 0x00000000eee00000, 0x00000000eee00000|100%| E|CS|TAMS 0x00000000eed00000, 0x00000000eed00000| Complete 
| 238|0x00000000eee00000, 0x00000000eef00000, 0x00000000eef00000|100%| E|CS|TAMS 0x00000000eee00000, 0x00000000eee00000| Complete 
| 239|0x00000000eef00000, 0x00000000ef000000, 0x00000000ef000000|100%| E|CS|TAMS 0x00000000eef00000, 0x00000000eef00000| Complete 
| 240|0x00000000ef000000, 0x00000000ef100000, 0x00000000ef100000|100%| E|CS|TAMS 0x00000000ef000000, 0x00000000ef000000| Complete 
| 241|0x00000000ef100000, 0x00000000ef200000, 0x00000000ef200000|100%| E|CS|TAMS 0x00000000ef100000, 0x00000000ef100000| Complete 
| 242|0x00000000ef200000, 0x00000000ef300000, 0x00000000ef300000|100%| E|CS|TAMS 0x00000000ef200000, 0x00000000ef200000| Complete 
| 243|0x00000000ef300000, 0x00000000ef400000, 0x00000000ef400000|100%| E|CS|TAMS 0x00000000ef300000, 0x00000000ef300000| Complete 
| 244|0x00000000ef400000, 0x00000000ef500000, 0x00000000ef500000|100%| E|CS|TAMS 0x00000000ef400000, 0x00000000ef400000| Complete 
| 245|0x00000000ef500000, 0x00000000ef600000, 0x00000000ef600000|100%| E|CS|TAMS 0x00000000ef500000, 0x00000000ef500000| Complete 
| 246|0x00000000ef600000, 0x00000000ef700000, 0x00000000ef700000|100%| E|CS|TAMS 0x00000000ef600000, 0x00000000ef600000| Complete 
| 247|0x00000000ef700000, 0x00000000ef800000, 0x00000000ef800000|100%| E|CS|TAMS 0x00000000ef700000, 0x00000000ef700000| Complete 
| 248|0x00000000ef800000, 0x00000000ef900000, 0x00000000ef900000|100%| E|CS|TAMS 0x00000000ef800000, 0x00000000ef800000| Complete 
| 249|0x00000000ef900000, 0x00000000efa00000, 0x00000000efa00000|100%| E|CS|TAMS 0x00000000ef900000, 0x00000000ef900000| Complete 
| 250|0x00000000efa00000, 0x00000000efa1e5a8, 0x00000000efb00000| 11%| S|CS|TAMS 0x00000000efa00000, 0x00000000efa00000| Complete 
| 251|0x00000000efb00000, 0x00000000efc00000, 0x00000000efc00000|100%| S|CS|TAMS 0x00000000efb00000, 0x00000000efb00000| Complete 
| 252|0x00000000efc00000, 0x00000000efd00000, 0x00000000efd00000|100%| E|CS|TAMS 0x00000000efc00000, 0x00000000efc00000| Complete 
| 253|0x00000000efd00000, 0x00000000efe00000, 0x00000000efe00000|100%| E|CS|TAMS 0x00000000efd00000, 0x00000000efd00000| Complete 
| 254|0x00000000efe00000, 0x00000000eff00000, 0x00000000eff00000|100%| E|CS|TAMS 0x00000000efe00000, 0x00000000efe00000| Complete 
| 255|0x00000000eff00000, 0x00000000f0000000, 0x00000000f0000000|100%| E|CS|TAMS 0x00000000eff00000, 0x00000000eff00000| Complete 
| 256|0x00000000f0000000, 0x00000000f0100000, 0x00000000f0100000|100%| E|  |TAMS 0x00000000f0000000, 0x00000000f0000000| Complete 
| 257|0x00000000f0100000, 0x00000000f0200000, 0x00000000f0200000|100%| E|CS|TAMS 0x00000000f0100000, 0x00000000f0100000| Complete 
| 258|0x00000000f0200000, 0x00000000f0300000, 0x00000000f0300000|100%| E|CS|TAMS 0x00000000f0200000, 0x00000000f0200000| Complete 
| 259|0x00000000f0300000, 0x00000000f0400000, 0x00000000f0400000|100%| E|CS|TAMS 0x00000000f0300000, 0x00000000f0300000| Complete 

Card table byte_map: [0x00000194f65f0000,0x00000194f66f0000] _byte_map_base: 0x00000194f5ef0000

Marking Bits (Prev, Next): (CMBitMap*) 0x00000194df67c4d0, (CMBitMap*) 0x00000194df67c490
 Prev Bits: [0x00000194f6ff0000, 0x00000194f77f0000)
 Next Bits: [0x00000194f67f0000, 0x00000194f6ff0000)

Polling page: 0x00000194dd4f0000

Metaspace:

Usage:
  Non-class:     79.64 MB used.
      Class:     12.57 MB used.
       Both:     92.21 MB used.

Virtual space:
  Non-class space:      128.00 MB reserved,      80.31 MB ( 63%) committed,  2 nodes.
      Class space:      320.00 MB reserved,      13.19 MB (  4%) committed,  1 nodes.
             Both:      448.00 MB reserved,      93.50 MB ( 21%) committed. 

Chunk freelists:
   Non-Class:  15.37 MB
       Class:  2.70 MB
        Both:  18.07 MB

MaxMetaspaceSize: 384.00 MB
CompressedClassSpaceSize: 320.00 MB
Initial GC threshold: 21.00 MB
Current GC threshold: 154.00 MB
CDS: on
MetaspaceReclaimPolicy: balanced
 - commit_granule_bytes: 65536.
 - commit_granule_words: 8192.
 - virtual_space_node_default_size: 8388608.
 - enlarge_chunks_in_place: 1.
 - new_chunks_are_fully_committed: 0.
 - uncommit_free_chunks: 1.
 - use_allocation_guard: 0.
 - handle_deallocations: 1.


Internal statistics:

num_allocs_failed_limit: 9.
num_arena_births: 2072.
num_arena_deaths: 10.
num_vsnodes_births: 3.
num_vsnodes_deaths: 0.
num_space_committed: 1496.
num_space_uncommitted: 0.
num_chunks_returned_to_freelist: 32.
num_chunks_taken_from_freelist: 6543.
num_chunk_merges: 11.
num_chunk_splits: 3960.
num_chunks_enlarged: 2240.
num_inconsistent_stats: 0.

CodeHeap 'non-profiled nmethods': size=120000Kb used=13212Kb max_used=13212Kb free=106787Kb
 bounds [0x00000194eec90000, 0x00000194ef980000, 0x00000194f61c0000]
CodeHeap 'profiled nmethods': size=120000Kb used=29889Kb max_used=30634Kb free=90110Kb
 bounds [0x00000194e71c0000, 0x00000194e8fd0000, 0x00000194ee6f0000]
CodeHeap 'non-nmethods': size=5760Kb used=1756Kb max_used=1833Kb free=4003Kb
 bounds [0x00000194ee6f0000, 0x00000194ee960000, 0x00000194eec90000]
 total_blobs=16441 nmethods=15608 adapters=743
 compilation: enabled
              stopped_count=0, restarted_count=0
 full_count=0

Compilation events (20 events):
Event: 316.268 Thread 0x00000194fa23a950 18734       4       org.gradle.internal.instantiation.generator.AbstractClassGenerator$$Lambda$147/0x00000194811c52a0::test (12 bytes)
Event: 316.272 Thread 0x0000019495eeeab0 18735       4       org.gradle.internal.instantiation.generator.AbstractClassGenerator::isAttachProperty (34 bytes)
Event: 316.337 Thread 0x0000019495eeeab0 nmethod 18735 0x00000194ef96df10 code [0x00000194ef96e240, 0x00000194ef96ff30]
Event: 316.358 Thread 0x0000019495eeeab0 18736  s!   4       java.beans.PropertyDescriptor::getPropertyType (33 bytes)
Event: 316.365 Thread 0x0000019495eeeab0 nmethod 18736 0x00000194ef971110 code [0x00000194ef9712e0, 0x00000194ef971928]
Event: 316.378 Thread 0x0000019495eeeab0 18737       4       org.gradle.internal.service.DefaultServiceRegistry::serviceRequested (43 bytes)
Event: 316.381 Thread 0x0000019495eeeab0 nmethod 18737 0x00000194ef971d10 code [0x00000194ef971ea0, 0x00000194ef972038]
Event: 316.387 Thread 0x00000194fa23d320 18738       3       jdk.internal.util.jar.JarIndex::getJarIndex (28 bytes)
Event: 316.388 Thread 0x00000194fa23d320 nmethod 18738 0x00000194e7a4bf10 code [0x00000194e7a4c140, 0x00000194e7a4cba8]
Event: 316.388 Thread 0x00000194fa23d320 18739   !   3       jdk.internal.loader.URLClassPath$JarLoader::checkJar (51 bytes)
Event: 316.389 Thread 0x00000194fa23d320 nmethod 18739 0x00000194e7eb0b90 code [0x00000194e7eb0d80, 0x00000194e7eb1268]
Event: 316.402 Thread 0x0000019495eeeab0 18740       4       org.gradle.internal.instantiation.generator.AbstractClassGenerator$ClassGenerationHandler::hasFields (1 bytes)
Event: 316.402 Thread 0x0000019495eeeab0 nmethod 18740 0x00000194ef972190 code [0x00000194ef972300, 0x00000194ef972378]
Event: 316.402 Thread 0x00000194fa23d320 18741       3       java.lang.Class::getConstructors (27 bytes)
Event: 316.403 Thread 0x00000194fa23d320 nmethod 18741 0x00000194e720af90 code [0x00000194e720b180, 0x00000194e720b498]
Event: 316.410 Thread 0x0000019495eeeab0 18742       4       java.lang.invoke.BoundMethodHandle$Species_L::make (11 bytes)
Event: 316.413 Thread 0x0000019495eeeab0 nmethod 18742 0x00000194ef972490 code [0x00000194ef972620, 0x00000194ef9727e8]
Event: 316.646 Thread 0x0000019495eeeab0 18743       4       java.lang.invoke.MethodHandleImpl::computeValueConversions (121 bytes)
Event: 316.648 Thread 0x00000194fa23d320 18745       3       java.lang.invoke.BoundMethodHandle$Species_LLL::copyWith (28 bytes)
Event: 316.648 Thread 0x00000194fa23d320 nmethod 18745 0x00000194e755f610 code [0x00000194e755f7e0, 0x00000194e755fc68]

GC Heap History (20 events):
Event: 262.786 GC heap before
{Heap before GC invocations=19 (full 0):
 garbage-first heap   total 262144K, used 145185K [0x00000000e0000000, 0x0000000100000000)
  region size 1024K, 12 young (12288K), 9 survivors (9216K)
 Metaspace       used 91974K, committed 93248K, reserved 458752K
  class space    used 12584K, committed 13184K, reserved 327680K
}
Event: 262.793 GC heap after
{Heap after GC invocations=20 (full 0):
 garbage-first heap   total 262144K, used 132472K [0x00000000e0000000, 0x0000000100000000)
  region size 1024K, 2 young (2048K), 2 survivors (2048K)
 Metaspace       used 91974K, committed 93248K, reserved 458752K
  class space    used 12584K, committed 13184K, reserved 327680K
}
Event: 263.407 GC heap before
{Heap before GC invocations=20 (full 0):
 garbage-first heap   total 262144K, used 212344K [0x00000000e0000000, 0x0000000100000000)
  region size 1024K, 80 young (81920K), 2 survivors (2048K)
 Metaspace       used 92374K, committed 93632K, reserved 458752K
  class space    used 12625K, committed 13248K, reserved 327680K
}
Event: 263.412 GC heap after
{Heap after GC invocations=21 (full 0):
 garbage-first heap   total 262144K, used 136799K [0x00000000e0000000, 0x0000000100000000)
  region size 1024K, 6 young (6144K), 6 survivors (6144K)
 Metaspace       used 92374K, committed 93632K, reserved 458752K
  class space    used 12625K, committed 13248K, reserved 327680K
}
Event: 275.181 GC heap before
{Heap before GC invocations=22 (full 0):
 garbage-first heap   total 262144K, used 208479K [0x00000000e0000000, 0x0000000100000000)
  region size 1024K, 81 young (82944K), 6 survivors (6144K)
 Metaspace       used 93175K, committed 94464K, reserved 458752K
  class space    used 12696K, committed 13312K, reserved 327680K
}
Event: 275.188 GC heap after
{Heap after GC invocations=23 (full 0):
 garbage-first heap   total 262144K, used 135839K [0x00000000e0000000, 0x0000000100000000)
  region size 1024K, 10 young (10240K), 10 survivors (10240K)
 Metaspace       used 93175K, committed 94464K, reserved 458752K
  class space    used 12696K, committed 13312K, reserved 327680K
}
Event: 275.208 GC heap before
{Heap before GC invocations=23 (full 0):
 garbage-first heap   total 262144K, used 137887K [0x00000000e0000000, 0x0000000100000000)
  region size 1024K, 12 young (12288K), 10 survivors (10240K)
 Metaspace       used 93175K, committed 94464K, reserved 458752K
  class space    used 12696K, committed 13312K, reserved 327680K
}
Event: 275.213 GC heap after
{Heap after GC invocations=24 (full 0):
 garbage-first heap   total 262144K, used 131575K [0x00000000e0000000, 0x0000000100000000)
  region size 1024K, 2 young (2048K), 2 survivors (2048K)
 Metaspace       used 93175K, committed 94464K, reserved 458752K
  class space    used 12696K, committed 13312K, reserved 327680K
}
Event: 278.251 GC heap before
{Heap before GC invocations=24 (full 0):
 garbage-first heap   total 262144K, used 212471K [0x00000000e0000000, 0x0000000100000000)
  region size 1024K, 81 young (82944K), 2 survivors (2048K)
 Metaspace       used 93288K, committed 94592K, reserved 458752K
  class space    used 12716K, committed 13376K, reserved 327680K
}
Event: 278.264 GC heap after
{Heap after GC invocations=25 (full 0):
 garbage-first heap   total 262144K, used 144379K [0x00000000e0000000, 0x0000000100000000)
  region size 1024K, 11 young (11264K), 11 survivors (11264K)
 Metaspace       used 93288K, committed 94592K, reserved 458752K
  class space    used 12716K, committed 13376K, reserved 327680K
}
Event: 279.200 GC heap before
{Heap before GC invocations=26 (full 0):
 garbage-first heap   total 262144K, used 210939K [0x00000000e0000000, 0x0000000100000000)
  region size 1024K, 78 young (79872K), 11 survivors (11264K)
 Metaspace       used 93339K, committed 94656K, reserved 458752K
  class space    used 12716K, committed 13376K, reserved 327680K
}
Event: 279.210 GC heap after
{Heap after GC invocations=27 (full 0):
 garbage-first heap   total 262144K, used 151154K [0x00000000e0000000, 0x0000000100000000)
  region size 1024K, 9 young (9216K), 9 survivors (9216K)
 Metaspace       used 93339K, committed 94656K, reserved 458752K
  class space    used 12716K, committed 13376K, reserved 327680K
}
Event: 279.228 GC heap before
{Heap before GC invocations=27 (full 0):
 garbage-first heap   total 262144K, used 153202K [0x00000000e0000000, 0x0000000100000000)
  region size 1024K, 12 young (12288K), 9 survivors (9216K)
 Metaspace       used 93339K, committed 94656K, reserved 458752K
  class space    used 12716K, committed 13376K, reserved 327680K
}
Event: 279.234 GC heap after
{Heap after GC invocations=28 (full 0):
 garbage-first heap   total 262144K, used 138752K [0x00000000e0000000, 0x0000000100000000)
  region size 1024K, 2 young (2048K), 2 survivors (2048K)
 Metaspace       used 93339K, committed 94656K, reserved 458752K
  class space    used 12716K, committed 13376K, reserved 327680K
}
Event: 279.848 GC heap before
{Heap before GC invocations=28 (full 0):
 garbage-first heap   total 262144K, used 211456K [0x00000000e0000000, 0x0000000100000000)
  region size 1024K, 73 young (74752K), 2 survivors (2048K)
 Metaspace       used 93354K, committed 94656K, reserved 458752K
  class space    used 12717K, committed 13376K, reserved 327680K
}
Event: 279.859 GC heap after
{Heap after GC invocations=29 (full 0):
 garbage-first heap   total 262144K, used 149504K [0x00000000e0000000, 0x0000000100000000)
  region size 1024K, 10 young (10240K), 10 survivors (10240K)
 Metaspace       used 93354K, committed 94656K, reserved 458752K
  class space    used 12717K, committed 13376K, reserved 327680K
}
Event: 281.281 GC heap before
{Heap before GC invocations=30 (full 0):
 garbage-first heap   total 266240K, used 210944K [0x00000000e0000000, 0x0000000100000000)
  region size 1024K, 70 young (71680K), 10 survivors (10240K)
 Metaspace       used 93487K, committed 94784K, reserved 458752K
  class space    used 12733K, committed 13376K, reserved 327680K
}
Event: 281.287 GC heap after
{Heap after GC invocations=31 (full 0):
 garbage-first heap   total 266240K, used 146443K [0x00000000e0000000, 0x0000000100000000)
  region size 1024K, 5 young (5120K), 5 survivors (5120K)
 Metaspace       used 93487K, committed 94784K, reserved 458752K
  class space    used 12733K, committed 13376K, reserved 327680K
}
Event: 281.448 GC heap before
{Heap before GC invocations=31 (full 0):
 garbage-first heap   total 266240K, used 153611K [0x00000000e0000000, 0x0000000100000000)
  region size 1024K, 13 young (13312K), 5 survivors (5120K)
 Metaspace       used 93513K, committed 94784K, reserved 458752K
  class space    used 12733K, committed 13376K, reserved 327680K
}
Event: 281.452 GC heap after
{Heap after GC invocations=32 (full 0):
 garbage-first heap   total 266240K, used 143105K [0x00000000e0000000, 0x0000000100000000)
  region size 1024K, 2 young (2048K), 2 survivors (2048K)
 Metaspace       used 93513K, committed 94784K, reserved 458752K
  class space    used 12733K, committed 13376K, reserved 327680K
}

Dll operation events (15 events):
Event: 0.005 Loaded shared library C:\Users\Trung\.jdks\ms-17.0.18\bin\java.dll
Event: 0.017 Loaded shared library C:\Users\Trung\.jdks\ms-17.0.18\bin\jsvml.dll
Event: 0.050 Loaded shared library C:\Users\Trung\.jdks\ms-17.0.18\bin\zip.dll
Event: 0.051 Loaded shared library C:\Users\Trung\.jdks\ms-17.0.18\bin\instrument.dll
Event: 0.054 Loaded shared library C:\Users\Trung\.jdks\ms-17.0.18\bin\net.dll
Event: 0.055 Loaded shared library C:\Users\Trung\.jdks\ms-17.0.18\bin\nio.dll
Event: 0.057 Loaded shared library C:\Users\Trung\.jdks\ms-17.0.18\bin\zip.dll
Event: 0.145 Loaded shared library C:\Users\Trung\.jdks\ms-17.0.18\bin\jimage.dll
Event: 0.275 Loaded shared library C:\Users\Trung\.jdks\ms-17.0.18\bin\verify.dll
Event: 0.299 Loaded shared library C:\Users\Trung\.gradle\native\660c5614fbf4a5f2a75b1949f50a0caf5cd603558e7d8a26e50b933a0cfb79d1\windows-amd64\native-platform.dll
Event: 0.307 Loaded shared library C:\Users\Trung\.gradle\native\0.2.8\x86_64-windows-gnu\gradle-fileevents.dll
Event: 0.783 Loaded shared library C:\Users\Trung\.jdks\ms-17.0.18\bin\management.dll
Event: 0.786 Loaded shared library C:\Users\Trung\.jdks\ms-17.0.18\bin\management_ext.dll
Event: 0.988 Loaded shared library C:\Users\Trung\.jdks\ms-17.0.18\bin\extnet.dll
Event: 1.184 Loaded shared library C:\Users\Trung\.jdks\ms-17.0.18\bin\sunmscapi.dll

Deoptimization events (20 events):
Event: 285.137 Thread 0x00000194994eaec0 DEOPT PACKING pc=0x00000194ef84626c sp=0x0000002bf21fec00
Event: 285.137 Thread 0x00000194994eaec0 DEOPT UNPACKING pc=0x00000194ee74a1a3 sp=0x0000002bf21febd0 mode 2
Event: 285.137 Thread 0x00000194994eaec0 Uncommon trap: trap_request=0x00000017 fr.pc=0x00000194ef662278 relative=0x00000000000000d8
Event: 285.137 Thread 0x00000194994eaec0 Uncommon trap: reason=unloaded action=reinterpret pc=0x00000194ef662278 method=com.esotericsoftware.kryo.io.Output.flush()V @ 28 c2
Event: 285.137 Thread 0x00000194994eaec0 DEOPT PACKING pc=0x00000194ef662278 sp=0x0000002bf21fe9a0
Event: 285.137 Thread 0x00000194994eaec0 DEOPT UNPACKING pc=0x00000194ee74a1a3 sp=0x0000002bf21fe8e0 mode 2
Event: 313.913 Thread 0x0000019498c39ce0 DEOPT PACKING pc=0x00000194e7ffbbd3 sp=0x0000002bf65feb40
Event: 313.913 Thread 0x0000019498c39ce0 DEOPT UNPACKING pc=0x00000194ee74ace3 sp=0x0000002bf65fe078 mode 0
Event: 315.528 Thread 0x0000019497197f50 Uncommon trap: trap_request=0xffffffbe fr.pc=0x00000194ef7cc5c8 relative=0x0000000000000128
Event: 315.528 Thread 0x0000019497197f50 Uncommon trap: reason=profile_predicate action=maybe_recompile pc=0x00000194ef7cc5c8 method=java.math.BigInteger.longValue()J @ 5 c2
Event: 315.528 Thread 0x0000019497197f50 DEOPT PACKING pc=0x00000194ef7cc5c8 sp=0x0000002bf36f8f50
Event: 315.528 Thread 0x0000019497197f50 DEOPT UNPACKING pc=0x00000194ee74a1a3 sp=0x0000002bf36f8ef8 mode 2
Event: 315.535 Thread 0x0000019497197f50 Uncommon trap: trap_request=0xffffffbe fr.pc=0x00000194ef7cc5c8 relative=0x0000000000000128
Event: 315.535 Thread 0x0000019497197f50 Uncommon trap: reason=profile_predicate action=maybe_recompile pc=0x00000194ef7cc5c8 method=java.math.BigInteger.longValue()J @ 5 c2
Event: 315.535 Thread 0x0000019497197f50 DEOPT PACKING pc=0x00000194ef7cc5c8 sp=0x0000002bf36f8f50
Event: 315.536 Thread 0x0000019497197f50 DEOPT UNPACKING pc=0x00000194ee74a1a3 sp=0x0000002bf36f8ef8 mode 2
Event: 315.579 Thread 0x0000019497197f50 Uncommon trap: trap_request=0xffffffbe fr.pc=0x00000194ef7cc5c8 relative=0x0000000000000128
Event: 315.579 Thread 0x0000019497197f50 Uncommon trap: reason=profile_predicate action=maybe_recompile pc=0x00000194ef7cc5c8 method=java.math.BigInteger.longValue()J @ 5 c2
Event: 315.580 Thread 0x0000019497197f50 DEOPT PACKING pc=0x00000194ef7cc5c8 sp=0x0000002bf36f8f50
Event: 315.580 Thread 0x0000019497197f50 DEOPT UNPACKING pc=0x00000194ee74a1a3 sp=0x0000002bf36f8ef8 mode 2

Classes loaded (20 events):
Event: 279.881 Loading class sun/reflect/annotation/TypeAnnotationParser
Event: 279.882 Loading class sun/reflect/annotation/TypeAnnotationParser done
Event: 279.882 Loading class sun/reflect/annotation/TypeAnnotation
Event: 279.882 Loading class sun/reflect/annotation/TypeAnnotation done
Event: 279.882 Loading class sun/reflect/annotation/AnnotatedTypeFactory
Event: 279.882 Loading class sun/reflect/annotation/AnnotatedTypeFactory done
Event: 279.882 Loading class sun/reflect/annotation/AnnotatedTypeFactory$AnnotatedTypeBaseImpl
Event: 279.882 Loading class sun/reflect/annotation/AnnotatedTypeFactory$AnnotatedTypeBaseImpl done
Event: 279.882 Loading class sun/reflect/annotation/TypeAnnotation$LocationInfo
Event: 279.882 Loading class sun/reflect/annotation/TypeAnnotation$LocationInfo done
Event: 279.882 Loading class sun/reflect/annotation/TypeAnnotation$LocationInfo$Location
Event: 279.882 Loading class sun/reflect/annotation/TypeAnnotation$LocationInfo$Location done
Event: 279.882 Loading class sun/reflect/annotation/TypeAnnotation$TypeAnnotationTargetInfo
Event: 279.882 Loading class sun/reflect/annotation/TypeAnnotation$TypeAnnotationTargetInfo done
Event: 285.123 Loading class sun/net/ConnectionResetException
Event: 285.123 Loading class sun/net/ConnectionResetException done
Event: 285.133 Loading class java/lang/Throwable$WrappedPrintWriter
Event: 285.134 Loading class java/lang/Throwable$WrappedPrintWriter done
Event: 285.136 Loading class java/util/Collections$EmptyListIterator
Event: 285.136 Loading class java/util/Collections$EmptyListIterator done

Classes unloaded (20 events):
Event: 262.052 Thread 0x00000194fa21dad0 Unloading class 0x0000019481b0c4f8 '_BuildScript_$_run_closure1'
Event: 262.052 Thread 0x00000194fa21dad0 Unloading class 0x0000019481b0c000 '_BuildScript_'
Event: 262.052 Thread 0x00000194fa21dad0 Unloading class 0x0000019481b084f8 '_BuildScript_$_run_closure1'
Event: 262.052 Thread 0x00000194fa21dad0 Unloading class 0x0000019481b08000 '_BuildScript_'
Event: 262.052 Thread 0x00000194fa21dad0 Unloading class 0x00000194816f07d0 '_BuildScript_$_run_closure1$_closure2$_closure3'
Event: 262.052 Thread 0x00000194fa21dad0 Unloading class 0x00000194816f03e8 '_BuildScript_$_run_closure1$_closure2'
Event: 262.052 Thread 0x00000194fa21dad0 Unloading class 0x00000194816f0000 '_BuildScript_$_run_closure1'
Event: 262.052 Thread 0x00000194fa21dad0 Unloading class 0x00000194816e09f8 '_BuildScript_'
Event: 262.052 Thread 0x00000194fa21dad0 Unloading class 0x00000194816e0800 'Properties'
Event: 263.490 Thread 0x00000194fa21dad0 Unloading class 0x0000019481c6abb8 '_BuildScript_$_run_closure6'
Event: 263.490 Thread 0x00000194fa21dad0 Unloading class 0x0000019481c6a7d0 '_BuildScript_$_run_closure5$_closure8'
Event: 263.490 Thread 0x00000194fa21dad0 Unloading class 0x0000019481c6a3e8 '_BuildScript_$_run_closure5'
Event: 263.490 Thread 0x00000194fa21dad0 Unloading class 0x0000019481c6a000 '_BuildScript_$_run_closure4'
Event: 263.490 Thread 0x00000194fa21dad0 Unloading class 0x0000019481c69bb8 '_BuildScript_$_run_closure3'
Event: 263.490 Thread 0x00000194fa21dad0 Unloading class 0x0000019481c697d0 '_BuildScript_$_run_closure2'
Event: 263.490 Thread 0x00000194fa21dad0 Unloading class 0x0000019481c693e8 '_BuildScript_$_run_closure1$_closure7'
Event: 263.490 Thread 0x00000194fa21dad0 Unloading class 0x0000019481c69000 '_BuildScript_$_run_closure1'
Event: 263.490 Thread 0x00000194fa21dad0 Unloading class 0x0000019481c68800 '_BuildScript_'
Event: 263.490 Thread 0x00000194fa21dad0 Unloading class 0x0000019481c64400 '_BuildScript_$_run_closure1'
Event: 263.490 Thread 0x00000194fa21dad0 Unloading class 0x0000019481c64800 '_BuildScript_'

Classes redefined (0 events):
No events

Internal exceptions (20 events):
Event: 315.204 Thread 0x0000019497197f50 Exception <a 'java/lang/NoSuchMethodError'{0x00000000ee938268}: static Lorg/gradle/tooling/internal/consumer/versioning/VersionDetails$R28VersionDetails;.<clinit>()V> (0x00000000ee938268) 
thrown [s\src\hotspot\share\prims\jni.cpp, line 1112]
Event: 315.204 Thread 0x0000019497197f50 Exception <a 'java/lang/NoSuchMethodError'{0x00000000ee939770}: static Lorg/gradle/tooling/internal/consumer/versioning/VersionDetails$R35VersionDetails;.<clinit>()V> (0x00000000ee939770) 
thrown [s\src\hotspot\share\prims\jni.cpp, line 1112]
Event: 315.204 Thread 0x0000019497197f50 Exception <a 'java/lang/NoSuchMethodError'{0x00000000ee93ae40}: static Lorg/gradle/tooling/internal/consumer/versioning/VersionDetails$R44VersionDetails;.<clinit>()V> (0x00000000ee93ae40) 
thrown [s\src\hotspot\share\prims\jni.cpp, line 1112]
Event: 315.204 Thread 0x0000019497197f50 Exception <a 'java/lang/NoSuchMethodError'{0x00000000ee93c1a0}: static Lorg/gradle/tooling/internal/consumer/versioning/VersionDetails$R48VersionDetails;.<clinit>()V> (0x00000000ee93c1a0) 
thrown [s\src\hotspot\share\prims\jni.cpp, line 1112]
Event: 315.204 Thread 0x0000019497197f50 Exception <a 'java/lang/NoSuchMethodError'{0x00000000ee93d3a0}: static Lorg/gradle/tooling/internal/consumer/versioning/VersionDetails$R51VersionDetails;.<clinit>()V> (0x00000000ee93d3a0) 
thrown [s\src\hotspot\share\prims\jni.cpp, line 1112]
Event: 315.891 Thread 0x0000019498c36020 Exception <a 'sun/nio/fs/WindowsException'{0x00000000ee412e80}> (0x00000000ee412e80) 
thrown [s\src\hotspot\share\prims\jni.cpp, line 516]
Event: 315.893 Thread 0x0000019498c36020 Exception <a 'sun/nio/fs/WindowsException'{0x00000000ee4134e8}> (0x00000000ee4134e8) 
thrown [s\src\hotspot\share\prims\jni.cpp, line 516]
Event: 315.896 Thread 0x0000019498c36020 Exception <a 'sun/nio/fs/WindowsException'{0x00000000ee424418}> (0x00000000ee424418) 
thrown [s\src\hotspot\share\prims\jni.cpp, line 516]
Event: 315.905 Thread 0x0000019498c36020 Exception <a 'sun/nio/fs/WindowsException'{0x00000000ee435f80}> (0x00000000ee435f80) 
thrown [s\src\hotspot\share\prims\jni.cpp, line 516]
Event: 315.913 Thread 0x0000019498c36020 Exception <a 'sun/nio/fs/WindowsException'{0x00000000ee43f1d8}> (0x00000000ee43f1d8) 
thrown [s\src\hotspot\share\prims\jni.cpp, line 516]
Event: 315.980 Thread 0x0000019497197f50 Exception <a 'java/lang/ClassNotFoundException'{0x00000000ee45cdb0}: ijInit2_653pol60i998uwt911v5ohg58BeanInfo> (0x00000000ee45cdb0) 
thrown [s\src\hotspot\share\classfile\systemDictionary.cpp, line 256]
Event: 315.981 Thread 0x0000019497197f50 Exception <a 'java/lang/ClassNotFoundException'{0x00000000ee465228}: ijInit2_653pol60i998uwt911v5ohg58Customizer> (0x00000000ee465228) 
thrown [s\src\hotspot\share\classfile\systemDictionary.cpp, line 256]
Event: 316.040 Thread 0x0000019497197f50 Exception <a 'java/lang/ClassNotFoundException'{0x00000000ee4ad050}: ijInit2_653pol60i998uwt911v5ohg58$_run_closure1BeanInfo> (0x00000000ee4ad050) 
thrown [s\src\hotspot\share\classfile\systemDictionary.cpp, line 256]
Event: 316.041 Thread 0x0000019497197f50 Exception <a 'java/lang/ClassNotFoundException'{0x00000000ee4b53c8}: ijInit2_653pol60i998uwt911v5ohg58$_run_closure1Customizer> (0x00000000ee4b53c8) 
thrown [s\src\hotspot\share\classfile\systemDictionary.cpp, line 256]
Event: 316.342 Thread 0x0000019497197f50 Exception <a 'java/lang/ClassNotFoundException'{0x00000000ee10b7a8}: ijInit2_653pol60i998uwt911v5ohg58BeanInfo> (0x00000000ee10b7a8) 
thrown [s\src\hotspot\share\classfile\systemDictionary.cpp, line 256]
Event: 316.345 Thread 0x0000019497197f50 Exception <a 'java/lang/ClassNotFoundException'{0x00000000ee113bb8}: ijInit2_653pol60i998uwt911v5ohg58Customizer> (0x00000000ee113bb8) 
thrown [s\src\hotspot\share\classfile\systemDictionary.cpp, line 256]
Event: 316.407 Thread 0x0000019497197f50 Exception <a 'java/lang/ClassNotFoundException'{0x00000000ee170678}: JetGradlePluginBeanInfo> (0x00000000ee170678) 
thrown [s\src\hotspot\share\classfile\systemDictionary.cpp, line 256]
Event: 316.407 Thread 0x0000019497197f50 Exception <a 'java/lang/ClassNotFoundException'{0x00000000ee17ac00}: JetGradlePluginCustomizer> (0x00000000ee17ac00) 
thrown [s\src\hotspot\share\classfile\systemDictionary.cpp, line 256]
Event: 316.437 Thread 0x0000019497197f50 Exception <a 'java/lang/ClassNotFoundException'{0x00000000ee1a7bc0}: com/intellij/gradle/toolingExtension/impl/model/utilDummyModel/DummyModelBeanInfo> (0x00000000ee1a7bc0) 
thrown [s\src\hotspot\share\classfile\systemDictionary.cpp, line 256]
Event: 316.438 Thread 0x0000019497197f50 Exception <a 'java/lang/ClassNotFoundException'{0x00000000ee1b0dd8}: com/intellij/gradle/toolingExtension/impl/model/utilDummyModel/DummyModelCustomizer> (0x00000000ee1b0dd8) 
thrown [s\src\hotspot\share\classfile\systemDictionary.cpp, line 256]

VM Operations (20 events):
Event: 281.281 Executing VM operation: G1CollectForAllocation
Event: 281.287 Executing VM operation: G1CollectForAllocation done
Event: 281.448 Executing VM operation: G1CollectForAllocation
Event: 281.453 Executing VM operation: G1CollectForAllocation done
Event: 282.456 Executing VM operation: Cleanup
Event: 282.456 Executing VM operation: Cleanup done
Event: 285.482 Executing VM operation: Cleanup
Event: 285.482 Executing VM operation: Cleanup done
Event: 291.534 Executing VM operation: Cleanup
Event: 291.534 Executing VM operation: Cleanup done
Event: 300.891 Executing VM operation: HandshakeAllThreads
Event: 300.891 Executing VM operation: HandshakeAllThreads done
Event: 314.040 Executing VM operation: Cleanup
Event: 314.055 Executing VM operation: Cleanup done
Event: 315.069 Executing VM operation: Cleanup
Event: 315.085 Executing VM operation: Cleanup done
Event: 316.091 Executing VM operation: Cleanup
Event: 316.106 Executing VM operation: Cleanup done
Event: 316.204 Executing VM operation: HandshakeAllThreads
Event: 316.204 Executing VM operation: HandshakeAllThreads done

Memory protections (0 events):
No events

Nmethod flushes (20 events):
Event: 316.216 Thread 0x00000194fa24fc50 flushing  nmethod 0x00000194e78aeb10
Event: 316.217 Thread 0x00000194fa24fc50 flushing  nmethod 0x00000194e7907590
Event: 316.219 Thread 0x00000194fa24fc50 flushing  nmethod 0x00000194e7b9a110
Event: 316.219 Thread 0x00000194fa24fc50 flushing  nmethod 0x00000194e7bc0510
Event: 316.219 Thread 0x00000194fa24fc50 flushing  nmethod 0x00000194e7bc1410
Event: 316.220 Thread 0x00000194fa24fc50 flushing  nmethod 0x00000194e7c52e10
Event: 316.220 Thread 0x00000194fa24fc50 flushing  nmethod 0x00000194e7cdf710
Event: 316.221 Thread 0x00000194fa24fc50 flushing  nmethod 0x00000194e7d9d610
Event: 316.222 Thread 0x00000194fa24fc50 flushing  nmethod 0x00000194e7eb0b90
Event: 316.222 Thread 0x00000194fa24fc50 flushing  nmethod 0x00000194e7f81790
Event: 316.223 Thread 0x00000194fa24fc50 flushing  nmethod 0x00000194e8045990
Event: 316.224 Thread 0x00000194fa24fc50 flushing  nmethod 0x00000194e81f9c90
Event: 316.225 Thread 0x00000194fa24fc50 flushing  nmethod 0x00000194e82dd290
Event: 316.225 Thread 0x00000194fa24fc50 flushing  nmethod 0x00000194e8332e90
Event: 316.226 Thread 0x00000194fa24fc50 flushing  nmethod 0x00000194e8356990
Event: 316.226 Thread 0x00000194fa24fc50 flushing  nmethod 0x00000194e8378b10
Event: 316.226 Thread 0x00000194fa24fc50 flushing  nmethod 0x00000194e83bd510
Event: 316.226 Thread 0x00000194fa24fc50 flushing  nmethod 0x00000194e846a790
Event: 316.229 Thread 0x00000194fa24fc50 flushing  nmethod 0x00000194e8658110
Event: 316.229 Thread 0x00000194fa24fc50 flushing  nmethod 0x00000194e8669c90

Events (20 events):
Event: 313.483 Thread 0x0000019497197f50 Thread added: 0x0000019497197a40
Event: 313.486 Thread 0x00000194994eaec0 Thread added: 0x00000194971960f0
Event: 313.502 Thread 0x00000194971960f0 Thread exited: 0x00000194971960f0
Event: 313.503 Thread 0x00000194fa68aaf0 Thread exited: 0x00000194fa68aaf0
Event: 313.583 Thread 0x0000019497197f50 Thread added: 0x00000194971960f0
Event: 313.587 Thread 0x00000194fa23d320 Thread added: 0x0000019495eec030
Event: 313.588 Thread 0x0000019497197f50 Thread added: 0x0000019497196600
Event: 314.095 Thread 0x0000019495eec030 Thread exited: 0x0000019495eec030
Event: 315.494 Thread 0x0000019497197f50 Thread added: 0x000001949719d050
Event: 315.511 Thread 0x0000019497197f50 Thread added: 0x000001949719c120
Event: 315.516 Thread 0x0000019497197f50 Thread added: 0x000001949719bc10
Event: 315.570 Thread 0x0000019497197f50 Thread added: 0x000001949719a2c0
Event: 315.571 Thread 0x0000019497197f50 Thread added: 0x000001949719c630
Event: 315.571 Thread 0x0000019497197f50 Thread added: 0x000001949719cb40
Event: 315.571 Thread 0x0000019497197f50 Thread added: 0x000001949719a7d0
Event: 315.572 Thread 0x0000019497197f50 Thread added: 0x000001949719ace0
Event: 315.572 Thread 0x0000019497197f50 Thread added: 0x000001949719b1f0
Event: 315.573 Thread 0x0000019497197f50 Thread added: 0x00000194994e9f90
Event: 315.904 Thread 0x00000194fa23a950 Thread added: 0x0000019495eeeab0
Event: 316.077 Thread 0x0000019497197f50 Thread added: 0x00000194994efab0


Dynamic libraries:
0x00007ff63e160000 - 0x00007ff63e16e000 	C:\Users\Trung\.jdks\ms-17.0.18\bin\java.exe
0x00007ffaf2cc0000 - 0x00007ffaf2f27000 	C:\WINDOWS\SYSTEM32\ntdll.dll
0x00007ffaf10b0000 - 0x00007ffaf1179000 	C:\WINDOWS\System32\KERNEL32.DLL
0x00007ffaf00a0000 - 0x00007ffaf0490000 	C:\WINDOWS\System32\KERNELBASE.dll
0x00007ffaf06f0000 - 0x00007ffaf083b000 	C:\WINDOWS\System32\ucrtbase.dll
0x00007ffad78f0000 - 0x00007ffad7908000 	C:\Users\Trung\.jdks\ms-17.0.18\bin\jli.dll
0x00007ffad6000000 - 0x00007ffad601e000 	C:\Users\Trung\.jdks\ms-17.0.18\bin\VCRUNTIME140.dll
0x00007ffaf0ae0000 - 0x00007ffaf0ca5000 	C:\WINDOWS\System32\USER32.dll
0x00007ffaf0540000 - 0x00007ffaf0567000 	C:\WINDOWS\System32\win32u.dll
0x00007ffad6d90000 - 0x00007ffad702a000 	C:\WINDOWS\WinSxS\amd64_microsoft.windows.common-controls_6595b64144ccf1df_6.0.26100.4768_none_3e0c112ce331287c\COMCTL32.dll
0x00007ffaf1070000 - 0x00007ffaf109b000 	C:\WINDOWS\System32\GDI32.dll
0x00007ffaf2790000 - 0x00007ffaf2839000 	C:\WINDOWS\System32\msvcrt.dll
0x00007ffaeff60000 - 0x00007ffaf0098000 	C:\WINDOWS\System32\gdi32full.dll
0x00007ffaefeb0000 - 0x00007ffaeff53000 	C:\WINDOWS\System32\msvcp_win.dll
0x00007ffaf0fe0000 - 0x00007ffaf100f000 	C:\WINDOWS\System32\IMM32.DLL
0x00007ffadc240000 - 0x00007ffadc24c000 	C:\Users\Trung\.jdks\ms-17.0.18\bin\vcruntime140_1.dll
0x00007ffacda60000 - 0x00007ffacdae9000 	C:\Users\Trung\.jdks\ms-17.0.18\bin\msvcp140.dll
0x00007ffa7ebe0000 - 0x00007ffa7f85a000 	C:\Users\Trung\.jdks\ms-17.0.18\bin\server\jvm.dll
0x00007ffaf2840000 - 0x00007ffaf28f4000 	C:\WINDOWS\System32\ADVAPI32.dll
0x00007ffaf1eb0000 - 0x00007ffaf1f56000 	C:\WINDOWS\System32\sechost.dll
0x00007ffaf2980000 - 0x00007ffaf2a98000 	C:\WINDOWS\System32\RPCRT4.dll
0x00007ffaf1c00000 - 0x00007ffaf1c74000 	C:\WINDOWS\System32\WS2_32.dll
0x00007ffaefc50000 - 0x00007ffaefcae000 	C:\WINDOWS\SYSTEM32\POWRPROF.dll
0x00007ffae0d20000 - 0x00007ffae0d2b000 	C:\WINDOWS\SYSTEM32\VERSION.dll
0x00007ffad6220000 - 0x00007ffad6255000 	C:\WINDOWS\SYSTEM32\WINMM.dll
0x00007ffaefc30000 - 0x00007ffaefc44000 	C:\WINDOWS\SYSTEM32\UMPDC.dll
0x00007ffaeeb30000 - 0x00007ffaeeb4b000 	C:\WINDOWS\SYSTEM32\kernel.appcore.dll
0x00007ffad7bc0000 - 0x00007ffad7bca000 	C:\Users\Trung\.jdks\ms-17.0.18\bin\jimage.dll
0x00007ffaed4d0000 - 0x00007ffaed711000 	C:\WINDOWS\SYSTEM32\DBGHELP.DLL
0x00007ffaf2400000 - 0x00007ffaf2785000 	C:\WINDOWS\System32\combase.dll
0x00007ffaf1d80000 - 0x00007ffaf1e60000 	C:\WINDOWS\System32\OLEAUT32.dll
0x00007ffad18d0000 - 0x00007ffad1913000 	C:\WINDOWS\SYSTEM32\dbgcore.DLL
0x00007ffaf04a0000 - 0x00007ffaf0539000 	C:\WINDOWS\System32\bcryptPrimitives.dll
0x00007ffad7780000 - 0x00007ffad778f000 	C:\Users\Trung\.jdks\ms-17.0.18\bin\instrument.dll
0x00007ffacb250000 - 0x00007ffacb276000 	C:\Users\Trung\.jdks\ms-17.0.18\bin\java.dll
0x00007ffac8b80000 - 0x00007ffac8c56000 	C:\Users\Trung\.jdks\ms-17.0.18\bin\jsvml.dll
0x00007ffaf1430000 - 0x00007ffaf1b7d000 	C:\WINDOWS\System32\SHELL32.dll
0x00007ffaf0570000 - 0x00007ffaf06e3000 	C:\WINDOWS\System32\wintypes.dll
0x00007ffaed990000 - 0x00007ffaee1f0000 	C:\WINDOWS\SYSTEM32\windows.storage.dll
0x00007ffaf1c80000 - 0x00007ffaf1d75000 	C:\WINDOWS\System32\SHCORE.dll
0x00007ffaf2c10000 - 0x00007ffaf2c7a000 	C:\WINDOWS\System32\shlwapi.dll
0x00007ffaefd10000 - 0x00007ffaefd39000 	C:\WINDOWS\SYSTEM32\profapi.dll
0x00007ffad4cd0000 - 0x00007ffad4ce8000 	C:\Users\Trung\.jdks\ms-17.0.18\bin\zip.dll
0x00007ffad4be0000 - 0x00007ffad4bfb000 	C:\Users\Trung\.jdks\ms-17.0.18\bin\net.dll
0x00007ffae1090000 - 0x00007ffae11ae000 	C:\WINDOWS\SYSTEM32\WINHTTP.dll
0x00007ffaef0a0000 - 0x00007ffaef10b000 	C:\WINDOWS\system32\mswsock.dll
0x00007ffad48a0000 - 0x00007ffad48b6000 	C:\Users\Trung\.jdks\ms-17.0.18\bin\nio.dll
0x00007ffad4d30000 - 0x00007ffad4d40000 	C:\Users\Trung\.jdks\ms-17.0.18\bin\verify.dll
0x00007ffacfc70000 - 0x00007ffacfc97000 	C:\Users\Trung\.gradle\native\660c5614fbf4a5f2a75b1949f50a0caf5cd603558e7d8a26e50b933a0cfb79d1\windows-amd64\native-platform.dll
0x00007ffac8b00000 - 0x00007ffac8b77000 	C:\Users\Trung\.gradle\native\0.2.8\x86_64-windows-gnu\gradle-fileevents.dll
0x00007ffad4a70000 - 0x00007ffad4a7a000 	C:\Users\Trung\.jdks\ms-17.0.18\bin\management.dll
0x00007ffad47d0000 - 0x00007ffad47dc000 	C:\Users\Trung\.jdks\ms-17.0.18\bin\management_ext.dll
0x00007ffaf23f0000 - 0x00007ffaf23f8000 	C:\WINDOWS\System32\PSAPI.DLL
0x00007ffaee510000 - 0x00007ffaee543000 	C:\WINDOWS\SYSTEM32\IPHLPAPI.DLL
0x00007ffaf1ea0000 - 0x00007ffaf1eaa000 	C:\WINDOWS\System32\NSI.dll
0x00007ffae11f0000 - 0x00007ffae120f000 	C:\WINDOWS\SYSTEM32\dhcpcsvc6.DLL
0x00007ffae0f50000 - 0x00007ffae0f75000 	C:\WINDOWS\SYSTEM32\dhcpcsvc.DLL
0x00007ffaee550000 - 0x00007ffaee676000 	C:\WINDOWS\SYSTEM32\DNSAPI.dll
0x00007ffad4750000 - 0x00007ffad4759000 	C:\Users\Trung\.jdks\ms-17.0.18\bin\extnet.dll
0x00007ffaef480000 - 0x00007ffaef49b000 	C:\WINDOWS\SYSTEM32\CRYPTSP.dll
0x00007ffaeea90000 - 0x00007ffaeeacb000 	C:\WINDOWS\system32\rsaenh.dll
0x00007ffaef140000 - 0x00007ffaef16b000 	C:\WINDOWS\SYSTEM32\USERENV.dll
0x00007ffaefce0000 - 0x00007ffaefd06000 	C:\WINDOWS\SYSTEM32\bcrypt.dll
0x00007ffaef2e0000 - 0x00007ffaef2ec000 	C:\WINDOWS\SYSTEM32\CRYPTBASE.dll
0x00007ffacfbf0000 - 0x00007ffacfbfe000 	C:\Users\Trung\.jdks\ms-17.0.18\bin\sunmscapi.dll
0x00007ffaf08d0000 - 0x00007ffaf0a47000 	C:\WINDOWS\System32\CRYPT32.dll
0x00007ffaef5e0000 - 0x00007ffaef610000 	C:\WINDOWS\SYSTEM32\ncrypt.dll
0x00007ffaef590000 - 0x00007ffaef5cf000 	C:\WINDOWS\SYSTEM32\NTASN1.dll
0x00007ffad7bd0000 - 0x00007ffad7bd8000 	C:\WINDOWS\system32\wshunix.dll
0x00007ffae11e0000 - 0x00007ffae11eb000 	C:\Windows\System32\rasadhlp.dll
0x00007ffae1310000 - 0x00007ffae1396000 	C:\WINDOWS\System32\fwpuclnt.dll

dbghelp: loaded successfully - version: 4.0.5 - missing functions: none
symbol engine: initialized successfully - sym options: 0x614 - pdb path: .;C:\Users\Trung\.jdks\ms-17.0.18\bin;C:\WINDOWS\SYSTEM32;C:\WINDOWS\WinSxS\amd64_microsoft.windows.common-controls_6595b64144ccf1df_6.0.26100.4768_none_3e0c112ce331287c;C:\Users\Trung\.jdks\ms-17.0.18\bin\server;C:\Users\Trung\.gradle\native\660c5614fbf4a5f2a75b1949f50a0caf5cd603558e7d8a26e50b933a0cfb79d1\windows-amd64;C:\Users\Trung\.gradle\native\0.2.8\x86_64-windows-gnu

VM Arguments:
jvm_args: --add-opens=java.base/java.lang=ALL-UNNAMED --add-opens=java.base/java.lang.invoke=ALL-UNNAMED --add-opens=java.base/java.util=ALL-UNNAMED --add-opens=java.prefs/java.util.prefs=ALL-UNNAMED --add-exports=jdk.compiler/com.sun.tools.javac.api=ALL-UNNAMED --add-exports=jdk.compiler/com.sun.tools.javac.util=ALL-UNNAMED --add-opens=java.base/java.util=ALL-UNNAMED --add-opens=java.prefs/java.util.prefs=ALL-UNNAMED --add-opens=java.base/java.nio.charset=ALL-UNNAMED --add-opens=java.base/java.net=ALL-UNNAMED --add-opens=java.base/java.util.concurrent=ALL-UNNAMED --add-opens=java.base/java.util.concurrent.atomic=ALL-UNNAMED --add-opens=java.xml/javax.xml.namespace=ALL-UNNAMED --add-opens=java.base/java.time=ALL-UNNAMED -XX:MaxMetaspaceSize=384m -XX:+HeapDumpOnOutOfMemoryError -Xms256m -Xmx512m -Dfile.encoding=UTF-8 -Duser.country=US -Duser.language=en -Duser.variant -javaagent:C:\Users\Trung\.gradle\wrapper\dists\gradle-9.4.1-bin\arn2x92ynaizyzdaamcbpbhtj\gradle-9.4.1\lib\agents\gradle-instrumentation-agent-9.4.1.jar 
java_command: org.gradle.launcher.daemon.bootstrap.GradleDaemon 9.4.1
java_class_path (initial): C:\Users\Trung\.gradle\wrapper\dists\gradle-9.4.1-bin\arn2x92ynaizyzdaamcbpbhtj\gradle-9.4.1\lib\gradle-daemon-main-9.4.1.jar
Launcher Type: SUN_STANDARD

[Global flags]
     intx CICompilerCount                          = 4                                         {product} {ergonomic}
   size_t CompressedClassSpaceSize                 = 335544320                                 {product} {ergonomic}
     uint ConcGCThreads                            = 2                                         {product} {ergonomic}
     uint G1ConcRefinementThreads                  = 8                                         {product} {ergonomic}
   size_t G1HeapRegionSize                         = 1048576                                   {product} {ergonomic}
    uintx GCDrainStackTargetSize                   = 64                                        {product} {ergonomic}
     bool HeapDumpOnOutOfMemoryError               = true                                   {manageable} {command line}
   size_t InitialHeapSize                          = 268435456                                 {product} {command line}
   size_t MarkStackSize                            = 4194304                                   {product} {ergonomic}
   size_t MaxHeapSize                              = 536870912                                 {product} {command line}
   size_t MaxMetaspaceSize                         = 402653184                                 {product} {command line}
   size_t MaxNewSize                               = 321912832                                 {product} {ergonomic}
   size_t MinHeapDeltaBytes                        = 1048576                                   {product} {ergonomic}
   size_t MinHeapSize                              = 268435456                                 {product} {command line}
    uintx NonNMethodCodeHeapSize                   = 5839372                                {pd product} {ergonomic}
    uintx NonProfiledCodeHeapSize                  = 122909434                              {pd product} {ergonomic}
    uintx ProfiledCodeHeapSize                     = 122909434                              {pd product} {ergonomic}
    uintx ReservedCodeCacheSize                    = 251658240                              {pd product} {ergonomic}
     bool SegmentedCodeCache                       = true                                      {product} {ergonomic}
   size_t SoftMaxHeapSize                          = 536870912                              {manageable} {ergonomic}
     bool UseCompressedClassPointers               = true                           {product lp64_product} {ergonomic}
     bool UseCompressedOops                        = true                           {product lp64_product} {ergonomic}
     bool UseG1GC                                  = true                                      {product} {ergonomic}
     bool UseLargePagesIndividualAllocation        = false                                  {pd product} {ergonomic}

Logging:
Log output configuration:
 #0: stdout all=warning uptime,level,tags
 #1: stderr all=off uptime,level,tags

Environment Variables:
JAVA_HOME=C:\Program Files\Java\jdk-17
PATH=C:\Python312\Scripts\;C:\Python312\;C:\WINDOWS\system32;C:\WINDOWS;C:\WINDOWS\System32\Wbem;C:\WINDOWS\System32\WindowsPowerShell\v1.0\;C:\WINDOWS\System32\OpenSSH\;C:\Program Files\Java\jdk-17\bin;C:\Program Files\Common Files\Oracle\Java\javapath;C:\ProgramData\chocolatey\bin;C:\MinGW\bin;C:\xampp\php;C:\Program Files\apache-maven-3.9.9\bin;C:\Program Files\MySQL\MySQL Server 8.0\bin;C:\ProgramData\ComposerSetup\bin;D:\laragon\bin\php\php-8.3.16-Win32-vs16-x64;C:\Program Files\Git\cmd;C:\Users\Trung\AppData\Local\Android\Sdk\cmdline-tools\latest\cmdline-tools\latest\bin;C:\Users\Trung\AppData\Local\Android\Sdk\cmdline-tools\latest\platform-tools;C:\Users\Trung\.config\herd\bin\nvm;C:\Users\Trung\AppData\Local\Android\Sdk\platform-tools;C:\Users\Trung\AppData\Local\Android\Sdk\emulator;C:\Users\Trung\AppData\Local\Android\Sdk\cmdline-tools\latest\bin;C:\Program Files\ShellCheck;C:\Users\Trung\Downloads\dartsdk-windows-x64-release\dart-sdk;C:\Program Files\PostgreSQL\18\bin;C:\Program Files\dotnet\;C:\Program Files\Docker\Docker\resources\bin;C:\Program Files\nodejs\;D:\Trung\Code\Java\spring-boot-cli-3.3.6-bin\spring-3.3.6\bin;C:\Users\Trung\AppData\Local\Yarn\config\global\node_modules\.bin;C:\Users\Trung\AppData\Roaming\Composer\vendor\bin;D:\laragon\bin;D:\laragon\bin\apache\httpd-2.4.54-win64-VS16\bin;D:\laragon\bin\composer;D:\laragon\bin\git\bin;D:\laragon\bin\git\cmd;D:\laragon\bin\git\mingw64\bin;D:\laragon\bin\git\usr\bin;D:\laragon\bin\laragon\utils;D:\laragon\bin\mysql\mysql-8.0.30-winx64\bin;D:\laragon\bin\nginx\nginx-1.22.0;D:\laragon\bin\ngrok;D:\laragon\bin\nodejs\node-v18;D:\laragon\bin\notepad++;D:\laragon\bin\php\php-8.1.10-Win32-vs16-x64;D:\laragon\bin\python\python-3.10;D:\laragon\bin\python\python-3.10\Scripts;D:\laragon\bin\redis\redis-x64-5.0.14.1;D:\laragon\bin\telnet;D:\laragon\usr\bin;C:\Program Files\MySQL\MySQL Shell 8.0\bin\;C:\Users\Trung\AppData\Local\Microsoft\WindowsApps;C:\Users\Trung\AppData\Local\Programs\Microsoft VS Code\bin;C:\msys64\ucrt64\bin;C:\Users\Trung\AppData\Local\ComposerSetup\bin;C:\Program Files\MySQL\MySQL Server 8.0\bin;C:\Users\Trung\AppData\Local\Microsoft\WindowsApps;C:\Users\Trung\AppData\Local\FLutter\flutter\bin;C:\Users\Trung\AppData\Local\DartSDK\dart-sdk\bin;C:\Users\Trung\AppData\Local\Pub\Cache\bin;C:\Program Files\PostgreSQL\18\bin;C:\Users\Trung\AppData\Roaming\npm;C:\Program Files\JetBrains\IntelliJ IDEA 2025.3.5\bin
USERNAME=Trung
OS=Windows_NT
PROCESSOR_IDENTIFIER=Intel64 Family 6 Model 140 Stepping 1, GenuineIntel
TMP=C:\Users\Trung\AppData\Local\Temp
TEMP=C:\Users\Trung\AppData\Local\Temp



Periodic native trim disabled


---------------  S Y S T E M  ---------------

OS:
 Windows 11 , 64 bit Build 26100 (10.0.26100.4768)
OS uptime: 0 days 1:05 hours
Hyper-V role detected

CPU: total 8 (initial active 8) (4 cores per cpu, 2 threads per core) family 6 model 140 stepping 1 microcode 0x8a, cx8, cmov, fxsr, ht, mmx, 3dnowpref, sse, sse2, sse3, ssse3, sse4.1, sse4.2, popcnt, lzcnt, tsc, tscinvbit, avx, avx2, aes, erms, clmul, bmi1, bmi2, adx, avx512f, avx512dq, avx512cd, avx512bw, avx512vl, sha, fma, vzeroupper, avx512_vpopcntdq, avx512_vpclmulqdq, avx512_vaes, avx512_vnni, clflush, clflushopt, clwb, avx512_vbmi2, avx512_vbmi, hv
Processor Information for the first 8 processors :
  Max Mhz: 2419, Current Mhz: 2419, Mhz Limit: 2419

Memory: 4k page, system-wide physical 20259M (5194M free)
TotalPageFile size 20259M (AvailPageFile size 5M)
current process WorkingSet (physical memory assigned to process): 546M, peak: 572M
current process commit charge ("private bytes"): 592M, peak: 621M

vm_info: OpenJDK 64-Bit Server VM (17.0.18+8-LTS) for windows-amd64 JRE (17.0.18+8-LTS), built on Jan 15 2026 18:50:45 by "MicrosoftCorporation" with MS VC++ 17.14 (VS2022)

END.
