#
# There is insufficient memory for the Java Runtime Environment to continue.
# Native memory allocation (mmap) failed to map 335544320 bytes. Error detail: G1 virtual space
# Possible reasons:
#   The system is out of physical RAM or swap space
#   This process is running with CompressedOops enabled, and the Java Heap may be blocking the growth of the native heap
# Possible solutions:
#   Reduce memory load on the system
#   Increase physical memory or swap space
#   Check if swap backing store is full
#   Decrease Java heap size (-Xmx/-Xms)
#   Decrease number of Java threads
#   Decrease Java thread stack sizes (-Xss)
#   Set larger code cache with -XX:ReservedCodeCacheSize=
#   JVM is running with Zero Based Compressed Oops mode in which the Java heap is
#     placed in the first 32GB address space. The Java Heap base address is the
#     maximum limit for the native heap growth. Please use -XX:HeapBaseMinAddress
#     to set the Java Heap base and to place the Java Heap above 32GB virtual address.
# This output file may be truncated or incomplete.
#
#  Out of Memory Error (os_windows.cpp:3766), pid=7892, tid=18972
#
# JRE version:  (25.0.2+1) (build )
# Java VM: OpenJDK 64-Bit Server VM (25.0.2+1-b329.72, mixed mode, sharing, tiered, compressed oops, compressed class ptrs, g1 gc, windows-amd64)
# No core dump will be written. Minidumps are not enabled by default on client versions of Windows
#

---------------  S U M M A R Y ------------

Command Line: git4idea.http.GitAskPassApp Username for 'https://github.com': 

Host: 11th Gen Intel(R) Core(TM) i5-1135G7 @ 2.40GHz, 8 cores, 19G,  Windows 11 , 64 bit Build 26100 (10.0.26100.4768)
Time: Wed May  6 19:26:07 2026 SE Asia Standard Time elapsed time: 1.122410 seconds (0d 0h 0m 1s)

---------------  T H R E A D  ---------------

Current thread (0x0000019f55bb7a90):  JavaThread "Unknown thread" [_thread_in_vm, id=18972, stack(0x0000007363d00000,0x0000007363e00000) (1024K)]

Stack: [0x0000007363d00000,0x0000007363e00000]
Native frames: (J=compiled Java code, j=interpreted, Vv=VM code, C=native code)
V  [jvm.dll+0x7c0b19]  (no source info available)
V  [jvm.dll+0x78a2ed]  (no source info available)
V  [jvm.dll+0xa0e563]  (no source info available)
V  [jvm.dll+0xa10d5c]  (no source info available)
V  [jvm.dll+0xa11453]  (no source info available)
V  [jvm.dll+0x307b86]  (no source info available)
V  [jvm.dll+0x7bcd25]  (no source info available)
V  [jvm.dll+0x7afce7]  (no source info available)
V  [jvm.dll+0x4015ce]  (no source info available)
V  [jvm.dll+0x4093eb]  (no source info available)
V  [jvm.dll+0x3f5c29]  (no source info available)
V  [jvm.dll+0x3f5edb]  (no source info available)
V  [jvm.dll+0x3cc093]  (no source info available)
V  [jvm.dll+0x3cccfe]  (no source info available)
V  [jvm.dll+0x9d48d7]  (no source info available)
V  [jvm.dll+0x466ce2]  (no source info available)
V  [jvm.dll+0x9b8019]  (no source info available)
V  [jvm.dll+0x508951]  (no source info available)
V  [jvm.dll+0x50a2c1]  (no source info available)
C  [jli.dll+0x541a]  (no source info available)
C  [ucrtbase.dll+0x37b0]  (no source info available)
C  [KERNEL32.DLL+0x2e8d7]  (no source info available)
C  [ntdll.dll+0x3c34c]  (no source info available)

Lock stack of current Java thread (top to bottom):


---------------  P R O C E S S  ---------------

Threads class SMR info:
_java_thread_list=0x00007ff8c63c9108, length=0, elements={
}

Java Threads: ( => current thread )
Total: 0

Other Threads:
  0x0000019f560c7700 WorkerThread "GC Thread#0"                     [id=18924, stack(0x0000007363e00000,0x0000007363f00000) (1024K)]
  0x0000019f560d7550 ConcurrentGCThread "G1 Main Marker"            [id=8732, stack(0x0000007363f00000,0x0000007364000000) (1024K)]
  0x0000019f560d8500 WorkerThread "G1 Conc#0"                       [id=18604, stack(0x0000007364000000,0x0000007364100000) (1024K)]

[error occurred during error reporting (printing all threads), id 0xc0000005, EXCEPTION_ACCESS_VIOLATION (0xc0000005) at pc=0x00007ff8c59e0cea]
VM state: not at safepoint (not fully initialized)

VM Mutex/Monitor currently owned by a thread:  ([mutex/lock_event])
[0x00007ff8c6451d20] Heap_lock - owner thread: 0x0000019f55bb7a90

Heap address: 0x00000006c3400000, size: 5068 MB, Compressed Oops mode: Zero based, Oop shift amount: 3

CDS archive(s) mapped at: [0x0000000000000000-0x0000000000000000-0x0000000000000000), size 0, SharedBaseAddress: 0x0000000800000000, ArchiveRelocationMode: 1.
UseCompressedClassPointers 1, UseCompactObjectHeaders 0
Narrow klass pointer bits 32, Max shift 3
Narrow klass base: 0xffffffffffffffff, Narrow klass shift: -1
Encoding Range: [0xffffffffffffffff - 0x000000007fffffff), (2147483648 bytes)
Klass Range:    [0x0000000000000000 - 0x0000000000000000), (0 bytes)
Klass ID Range:  [4294967295 - 0) (1)
No protection zone.

GC Precious Log:
 CardTable entry size: 512
 Card Set container configuration: InlinePtr #cards 4 size 8 Array Of Cards #cards 32 size 80 Howl #buckets 8 coarsen threshold 7372 Howl Bitmap #cards 1024 size 144 coarsen threshold 921 Card regions per heap region 1 cards per card region 8192

Heap:
 garbage-first heap   total reserved 5189632K, committed 0K, used 0K [0x00000006c3400000, 0x0000000800000000)
  region size 4096K, 0 young (0K), 0 survivors (0K)

Heap Regions: E=young(eden), S=young(survivor), O=old, HS=humongous(starts), HC=humongous(continues), CS=collection set, F=free, TAMS=top-at-mark-start, PB=parsable bottom

Card table byte_map: [0x0000019f6bea0000,0x0000019f6c890000] _byte_map_base: 0x0000019f68886000

Marking Bits: (CMBitMap*) 0x0000019f560c7e90
 Bits: [0x0000019f6c890000, 0x0000019f717c0000)

GC Heap Usage History (0 events):
No events

Metaspace Usage History (0 events):
No events

Dll operation events (1 events):
Event: 0.007 Loaded shared library C:\Program Files\JetBrains\IntelliJ IDEA 2025.1\jbr\bin\java.dll

Deoptimization events (0 events):
No events

Classes loaded (0 events):
No events

Classes unloaded (0 events):
No events

Classes redefined (0 events):
No events

Internal exceptions (0 events):
No events

VM Operations (0 events):
No events

Memory protections (0 events):
No events

Nmethod flushes (0 events):
No events

Events (0 events):
No events


Dynamic libraries:
0x00007ff695bb0000 - 0x00007ff695bba000 	C:\Program Files\JetBrains\IntelliJ IDEA 2025.1\jbr\bin\java.exe
0x00007ff92e560000 - 0x00007ff92e7c7000 	C:\WINDOWS\SYSTEM32\ntdll.dll
0x00007ff92d680000 - 0x00007ff92d749000 	C:\WINDOWS\System32\KERNEL32.DLL
0x00007ff92b810000 - 0x00007ff92bc00000 	C:\WINDOWS\System32\KERNELBASE.dll
0x00007ff92c170000 - 0x00007ff92c2bb000 	C:\WINDOWS\System32\ucrtbase.dll
0x00007ff91c340000 - 0x00007ff91c35e000 	C:\Program Files\JetBrains\IntelliJ IDEA 2025.1\jbr\bin\VCRUNTIME140.dll
0x00007ff9165d0000 - 0x00007ff9165e7000 	C:\Program Files\JetBrains\IntelliJ IDEA 2025.1\jbr\bin\jli.dll
0x00007ff92e230000 - 0x00007ff92e3f5000 	C:\WINDOWS\System32\USER32.dll
0x00007ff912950000 - 0x00007ff912bea000 	C:\WINDOWS\WinSxS\amd64_microsoft.windows.common-controls_6595b64144ccf1df_6.0.26100.4768_none_3e0c112ce331287c\COMCTL32.dll
0x00007ff92c2c0000 - 0x00007ff92c2e7000 	C:\WINDOWS\System32\win32u.dll
0x00007ff92d330000 - 0x00007ff92d35b000 	C:\WINDOWS\System32\GDI32.dll
0x00007ff92d210000 - 0x00007ff92d2b9000 	C:\WINDOWS\System32\msvcrt.dll
0x00007ff92bfa0000 - 0x00007ff92c0d8000 	C:\WINDOWS\System32\gdi32full.dll
0x00007ff92bcb0000 - 0x00007ff92bd53000 	C:\WINDOWS\System32\msvcp_win.dll
0x00007ff92e0b0000 - 0x00007ff92e0df000 	C:\WINDOWS\System32\IMM32.DLL
0x00007ff91c380000 - 0x00007ff91c38c000 	C:\Program Files\JetBrains\IntelliJ IDEA 2025.1\jbr\bin\vcruntime140_1.dll
0x00007ff8f9fd0000 - 0x00007ff8fa059000 	C:\Program Files\JetBrains\IntelliJ IDEA 2025.1\jbr\bin\msvcp140.dll
0x00007ff8c5600000 - 0x00007ff8c6552000 	C:\Program Files\JetBrains\IntelliJ IDEA 2025.1\jbr\bin\server\jvm.dll
0x00007ff92d540000 - 0x00007ff92d5f4000 	C:\WINDOWS\System32\ADVAPI32.dll
0x00007ff92c2f0000 - 0x00007ff92c396000 	C:\WINDOWS\System32\sechost.dll
0x00007ff92e400000 - 0x00007ff92e518000 	C:\WINDOWS\System32\RPCRT4.dll
0x00007ff92d030000 - 0x00007ff92d0a4000 	C:\WINDOWS\System32\WS2_32.dll
0x00007ff912bf0000 - 0x00007ff912c25000 	C:\WINDOWS\SYSTEM32\WINMM.dll
0x00007ff92b4f0000 - 0x00007ff92b54e000 	C:\WINDOWS\SYSTEM32\POWRPROF.dll
0x00007ff918e00000 - 0x00007ff918e0b000 	C:\WINDOWS\SYSTEM32\VERSION.dll
0x00007ff92b4d0000 - 0x00007ff92b4e4000 	C:\WINDOWS\SYSTEM32\UMPDC.dll
0x00007ff92a3d0000 - 0x00007ff92a3eb000 	C:\WINDOWS\SYSTEM32\kernel.appcore.dll
0x00007ff91af20000 - 0x00007ff91af2a000 	C:\Program Files\JetBrains\IntelliJ IDEA 2025.1\jbr\bin\jimage.dll
0x00007ff928d70000 - 0x00007ff928fb1000 	C:\WINDOWS\SYSTEM32\DBGHELP.DLL
0x00007ff92cb30000 - 0x00007ff92ceb5000 	C:\WINDOWS\System32\combase.dll
0x00007ff92e0f0000 - 0x00007ff92e1d0000 	C:\WINDOWS\System32\OLEAUT32.dll
0x00007ff90e670000 - 0x00007ff90e6b3000 	C:\WINDOWS\SYSTEM32\dbgcore.DLL
0x00007ff92bc10000 - 0x00007ff92bca9000 	C:\WINDOWS\System32\bcryptPrimitives.dll
0x00007ff91aa90000 - 0x00007ff91aaaf000 	C:\Program Files\JetBrains\IntelliJ IDEA 2025.1\jbr\bin\java.dll
0x00007ff92d390000 - 0x00007ff92d530000 	C:\WINDOWS\System32\ole32.dll
0x00007ff92d8f0000 - 0x00007ff92e03d000 	C:\WINDOWS\System32\SHELL32.dll
0x00007ff92b690000 - 0x00007ff92b803000 	C:\WINDOWS\System32\wintypes.dll

JVMTI agents: none

dbghelp: loaded successfully - version: 4.0.5 - missing functions: none
symbol engine: initialized successfully - sym options: 0x614 - pdb path: .;C:\Program Files\JetBrains\IntelliJ IDEA 2025.1\jbr\bin;C:\WINDOWS\SYSTEM32;C:\WINDOWS\WinSxS\amd64_microsoft.windows.common-controls_6595b64144ccf1df_6.0.26100.4768_none_3e0c112ce331287c;C:\Program Files\JetBrains\IntelliJ IDEA 2025.1\jbr\bin\server

VM Arguments:
java_command: git4idea.http.GitAskPassApp Username for 'https://github.com': 
java_class_path (initial): C:/Program Files/JetBrains/IntelliJ IDEA 2025.1/plugins/vcs-git/lib/git4idea-rt.jar;C:/Program Files/JetBrains/IntelliJ IDEA 2025.1/lib/externalProcess-rt.jar
Launcher Type: SUN_STANDARD

[Global flags]
     intx CICompilerCount                          = 4                                         {product} {ergonomic}
     uint ConcGCThreads                            = 2                                         {product} {ergonomic}
     uint G1ConcRefinementThreads                  = 8                                         {product} {ergonomic}
   size_t G1HeapRegionSize                         = 4194304                                   {product} {ergonomic}
   size_t InitialHeapSize                          = 335544320                                 {product} {ergonomic}
   size_t MarkStackSize                            = 4194304                                   {product} {ergonomic}
   size_t MarkStackSizeMax                         = 536870912                                 {product} {ergonomic}
   size_t MaxHeapSize                              = 5314183168                                {product} {ergonomic}
   size_t MinHeapDeltaBytes                        = 4194304                                   {product} {ergonomic}
   size_t MinHeapSize                              = 8388608                                   {product} {ergonomic}
    uintx NonNMethodCodeHeapSize                   = 5832704                                {pd product} {ergonomic}
    uintx NonProfiledCodeHeapSize                  = 122945536                              {pd product} {ergonomic}
    uintx ProfiledCodeHeapSize                     = 122880000                              {pd product} {ergonomic}
    uintx ReservedCodeCacheSize                    = 251658240                              {pd product} {ergonomic}
     bool SegmentedCodeCache                       = true                                      {product} {ergonomic}
   size_t SoftMaxHeapSize                          = 5314183168                             {manageable} {ergonomic}
     bool UseCompressedOops                        = true                           {product lp64_product} {ergonomic}
     bool UseG1GC                                  = true                                      {product} {ergonomic}
     bool UseLargePagesIndividualAllocation        = false                                  {pd product} {ergonomic}

Logging:
Log output configuration:
 #0: stdout all=warning uptime,level,tags foldmultilines=false
 #1: stderr all=off uptime,level,tags foldmultilines=false

Release file:
<release file has not been read>
Environment Variables:
JAVA_HOME=C:\Program Files\Java\jdk-17
PATH=C:\Program Files\Git\mingw64\libexec\git-core;C:\Program Files\Git\mingw64\libexec\git-core;C:\Program Files\Git\mingw64\bin;C:\Program Files\Git\usr\bin;C:\Users\Trung\bin;C:\Python312\Scripts;C:\Python312;C:\WINDOWS\system32;C:\WINDOWS;C:\WINDOWS\System32\Wbem;C:\WINDOWS\System32\WindowsPowerShell\v1.0;C:\WINDOWS\System32\OpenSSH;C:\Program Files\Java\jdk-17\bin;C:\Program Files\Common Files\Oracle\Java\javapath;C:\ProgramData\chocolatey\bin;C:\MinGW\bin;C:\xampp\php;C:\Program Files\apache-maven-3.9.9\bin;C:\Program Files\MySQL\MySQL Server 8.0\bin;C:\ProgramData\ComposerSetup\bin;D:\laragon\bin\php\php-8.3.16-Win32-vs16-x64;C:\Program Files\Git\cmd;C:\Users\Trung\AppData\Local\Android\Sdk\cmdline-tools\latest\cmdline-tools\latest\bin;C:\Users\Trung\AppData\Local\Android\Sdk\cmdline-tools\latest\platform-tools;C:\Users\Trung\.config\herd\bin\nvm;C:\Users\Trung\AppData\Local\Android\Sdk\platform-tools;C:\Users\Trung\AppData\Local\Android\Sdk\emulator;C:\Users\Trung\AppData\Local\Android\Sdk\cmdline-tools\latest\bin;C:\Program Files\ShellCheck;C:\Users\Trung\Downloads\dartsdk-windows-x64-release\dart-sdk;C:\Program Files\PostgreSQL\18\bin;C:\Program Files\dotnet;C:\Program Files\Docker\Docker\resources\bin;C:\Program Files\nodejs;D:\Trung\Code\Java\spring-boot-cli-3.3.6-bin\spring-3.3.6\bin;C:\Users\Trung\AppData\Local\Yarn\config\global\node_modules\.bin;C:\Users\Trung\AppData\Roaming\Composer\vendor\bin;D:\laragon\bin;D:\laragon\bin\apache\httpd-2.4.54-win64-VS16\bin;D:\laragon\bin\composer;D:\laragon\bin\git\bin;D:\laragon\bin\git\cmd;D:\laragon\bin\git\mingw64\bin;D:\laragon\bin\git\usr\bin;D:\laragon\bin\laragon\utils;D:\laragon\bin\mysql\mysql-8.0.30-winx64\bin;D:\laragon\bin\nginx\nginx-1.22.0;D:\laragon\bin\ngrok;D:\laragon\bin\nodejs\node-v18;D:\laragon\bin\notepad++;D:\laragon\bin\php\php-8.1.10-Win32-vs16-x64;D:\laragon\bin\python\python-3.10;D:\laragon\bin\python\python-3.10\Scripts;D:\laragon\bin\redis\redis-x64-5.0.14.1;D:\laragon\bin\telnet;D:\laragon\usr\bin;C:\Program Files\MySQL\MySQL Shell 8.0\bin;C:\Users\Trung\AppData\Local\Microsoft\WindowsApps;C:\Users\Trung\AppData\Local\Programs\Microsoft VS Code\bin;C:\msys64\ucrt64\bin;C:\Users\Trung\AppData\Local\ComposerSetup\bin;C:\Program Files\JetBrains\IntelliJ IDEA 2025.1\bin;C:\Program Files\MySQL\MySQL Server 8.0\bin;C:\Users\Trung\AppData\Local\Microsoft\WindowsApps;C:\Users\Trung\AppData\Local\FLutter\flutter\bin;C:\Users\Trung\AppData\Local\DartSDK\dart-sdk\bin;C:\Users\Trung\AppData\Local\Pub\Cache\bin;C:\Program Files\PostgreSQL\18\bin;C:\Users\Trung\AppData\Roaming\npm
USERNAME=Trung
DISPLAY=:0.0
LC_ALL=en_US.UTF-8
TERM=xterm-256color
TMPDIR=C:\Users\Trung\AppData\Local\Temp
OS=Windows_NT
PROCESSOR_IDENTIFIER=Intel64 Family 6 Model 140 Stepping 1, GenuineIntel
TMP=C:\Users\Trung\AppData\Local\Temp
TEMP=C:\Users\Trung\AppData\Local\Temp




Compilation memory statistics disabled.

Periodic native trim disabled

JNI global refs:
JNI global refs: 0, weak refs: 0

JNI global refs memory usage: 0, weak refs: 0

Process memory usage:
Resident Set Size: 14420K (0% of 20745528K total physical memory with 3802020K free physical memory)

OOME stack traces (most recent first):
Classloader memory used:

---------------  S Y S T E M  ---------------

OS:
 Windows 11 , 64 bit Build 26100 (10.0.26100.4768)
OS uptime: 0 days 0:42 hours
Hyper-V role detected

CPU: total 8 (initial active 8) (4 cores per cpu, 2 threads per core) family 6 model 140 stepping 1 microcode 0x8a, cx8, cmov, fxsr, ht, mmx, 3dnowpref, sse, sse2, sse3, ssse3, sse4.1, sse4.2, popcnt, lzcnt, tsc, tscinvbit, avx, avx2, aes, erms, clmul, bmi1, bmi2, adx, avx512f, avx512dq, avx512cd, avx512bw, avx512vl, sha, fma, vzeroupper, avx512_vpopcntdq, avx512_vpclmulqdq, avx512_vaes, avx512_vnni, clflush, clflushopt, clwb, avx512_vbmi2, avx512_vbmi, hv, rdtscp, rdpid, fsrm, gfni, avx512_bitalg, f16c, cet_ibt, cet_ss, avx512_ifma
Processor Information for the first 8 processors :
  Max Mhz: 2419, Current Mhz: 2419, Mhz Limit: 2419

Memory: 4k page, system-wide physical 20259M (3712M free)
TotalPageFile size 20259M (AvailPageFile size 294M)
current process WorkingSet (physical memory assigned to process): 14M, peak: 14M
current process commit charge ("private bytes"): 60M, peak: 380M

vm_info: OpenJDK 64-Bit Server VM (25.0.2+1-b329.72) for windows-amd64 JRE (25.0.2+1-b329.72), built on 2026-03-02 with MS VC++ 17.14 (VS2022)

END.
